[2025-12-20T13:19:46.355+0000] {taskinstance.py:1103} INFO - Dependencies all met for dep_context=non-requeueable deps ti=<TaskInstance: automotivos_raw_silver_gold_bash.spark_raw_silver_gold manual__2025-12-20T13:18:40+00:00 [queued]>
[2025-12-20T13:19:46.360+0000] {taskinstance.py:1103} INFO - Dependencies all met for dep_context=requeueable deps ti=<TaskInstance: automotivos_raw_silver_gold_bash.spark_raw_silver_gold manual__2025-12-20T13:18:40+00:00 [queued]>
[2025-12-20T13:19:46.360+0000] {taskinstance.py:1308} INFO - Starting attempt 2 of 2
[2025-12-20T13:19:46.368+0000] {taskinstance.py:1327} INFO - Executing <Task(BashOperator): spark_raw_silver_gold> on 2025-12-20 13:18:40+00:00
[2025-12-20T13:19:46.372+0000] {standard_task_runner.py:57} INFO - Started process 479 to run task
[2025-12-20T13:19:46.374+0000] {standard_task_runner.py:84} INFO - Running: ['***', 'tasks', 'run', 'automotivos_raw_silver_gold_bash', 'spark_raw_silver_gold', 'manual__2025-12-20T13:18:40+00:00', '--job-id', '3', '--raw', '--subdir', 'DAGS_FOLDER/automotivos_raw_silver_gold_dag.py', '--cfg-path', '/tmp/tmpad66u4tx']
[2025-12-20T13:19:46.375+0000] {standard_task_runner.py:85} INFO - Job 3: Subtask spark_raw_silver_gold
[2025-12-20T13:19:46.406+0000] {task_command.py:410} INFO - Running <TaskInstance: automotivos_raw_silver_gold_bash.spark_raw_silver_gold manual__2025-12-20T13:18:40+00:00 [running]> on host 9b6bf8b43e23
[2025-12-20T13:19:46.458+0000] {taskinstance.py:1547} INFO - Exporting env vars: AIRFLOW_CTX_DAG_OWNER='***' AIRFLOW_CTX_DAG_ID='automotivos_raw_silver_gold_bash' AIRFLOW_CTX_TASK_ID='spark_raw_silver_gold' AIRFLOW_CTX_EXECUTION_DATE='2025-12-20T13:18:40+00:00' AIRFLOW_CTX_TRY_NUMBER='2' AIRFLOW_CTX_DAG_RUN_ID='manual__2025-12-20T13:18:40+00:00'
[2025-12-20T13:19:46.459+0000] {subprocess.py:63} INFO - Tmp dir root location: /tmp
[2025-12-20T13:19:46.459+0000] {subprocess.py:75} INFO - Running command: ['/bin/bash', '-c', 'spark-submit /opt/***/spark_jobs/spark_raw_silver_gold_com_hdfs.py']
[2025-12-20T13:19:46.467+0000] {subprocess.py:86} INFO - Output:
[2025-12-20T13:19:46.474+0000] {subprocess.py:93} INFO - /opt/spark-3.4.3-bin-hadoop3/bin/load-spark-env.sh: line 68: ps: command not found
[2025-12-20T13:19:47.826+0000] {subprocess.py:93} INFO - 25/12/20 13:19:47 INFO SparkContext: Running Spark version 3.4.3
[2025-12-20T13:19:47.856+0000] {subprocess.py:93} INFO - 25/12/20 13:19:47 WARN NativeCodeLoader: Unable to load native-hadoop library for your platform... using builtin-java classes where applicable
[2025-12-20T13:19:47.905+0000] {subprocess.py:93} INFO - 25/12/20 13:19:47 INFO ResourceUtils: ==============================================================
[2025-12-20T13:19:47.905+0000] {subprocess.py:93} INFO - 25/12/20 13:19:47 INFO ResourceUtils: No custom resources configured for spark.driver.
[2025-12-20T13:19:47.905+0000] {subprocess.py:93} INFO - 25/12/20 13:19:47 INFO ResourceUtils: ==============================================================
[2025-12-20T13:19:47.906+0000] {subprocess.py:93} INFO - 25/12/20 13:19:47 INFO SparkContext: Submitted application: Automotivos-RAW-SILVER-GOLD
[2025-12-20T13:19:47.916+0000] {subprocess.py:93} INFO - 25/12/20 13:19:47 INFO ResourceProfile: Default ResourceProfile created, executor resources: Map(cores -> name: cores, amount: 1, script: , vendor: , memory -> name: memory, amount: 1024, script: , vendor: , offHeap -> name: offHeap, amount: 0, script: , vendor: ), task resources: Map(cpus -> name: cpus, amount: 1.0)
[2025-12-20T13:19:47.920+0000] {subprocess.py:93} INFO - 25/12/20 13:19:47 INFO ResourceProfile: Limiting resource is cpu
[2025-12-20T13:19:47.921+0000] {subprocess.py:93} INFO - 25/12/20 13:19:47 INFO ResourceProfileManager: Added ResourceProfile id: 0
[2025-12-20T13:19:47.945+0000] {subprocess.py:93} INFO - 25/12/20 13:19:47 INFO SecurityManager: Changing view acls to: ***
[2025-12-20T13:19:47.945+0000] {subprocess.py:93} INFO - 25/12/20 13:19:47 INFO SecurityManager: Changing modify acls to: ***
[2025-12-20T13:19:47.945+0000] {subprocess.py:93} INFO - 25/12/20 13:19:47 INFO SecurityManager: Changing view acls groups to:
[2025-12-20T13:19:47.946+0000] {subprocess.py:93} INFO - 25/12/20 13:19:47 INFO SecurityManager: Changing modify acls groups to:
[2025-12-20T13:19:47.946+0000] {subprocess.py:93} INFO - 25/12/20 13:19:47 INFO SecurityManager: SecurityManager: authentication disabled; ui acls disabled; users with view permissions: ***; groups with view permissions: EMPTY; users with modify permissions: ***; groups with modify permissions: EMPTY
[2025-12-20T13:19:48.069+0000] {subprocess.py:93} INFO - 25/12/20 13:19:48 INFO Utils: Successfully started service 'sparkDriver' on port 38771.
[2025-12-20T13:19:48.082+0000] {subprocess.py:93} INFO - 25/12/20 13:19:48 INFO SparkEnv: Registering MapOutputTracker
[2025-12-20T13:19:48.097+0000] {subprocess.py:93} INFO - 25/12/20 13:19:48 INFO SparkEnv: Registering BlockManagerMaster
[2025-12-20T13:19:48.106+0000] {subprocess.py:93} INFO - 25/12/20 13:19:48 INFO BlockManagerMasterEndpoint: Using org.apache.spark.storage.DefaultTopologyMapper for getting topology information
[2025-12-20T13:19:48.106+0000] {subprocess.py:93} INFO - 25/12/20 13:19:48 INFO BlockManagerMasterEndpoint: BlockManagerMasterEndpoint up
[2025-12-20T13:19:48.107+0000] {subprocess.py:93} INFO - 25/12/20 13:19:48 INFO SparkEnv: Registering BlockManagerMasterHeartbeat
[2025-12-20T13:19:48.116+0000] {subprocess.py:93} INFO - 25/12/20 13:19:48 INFO DiskBlockManager: Created local directory at /tmp/blockmgr-f31a83bc-1f26-46f0-911b-812f9bd46507
[2025-12-20T13:19:48.124+0000] {subprocess.py:93} INFO - 25/12/20 13:19:48 INFO MemoryStore: MemoryStore started with capacity 434.4 MiB
[2025-12-20T13:19:48.132+0000] {subprocess.py:93} INFO - 25/12/20 13:19:48 INFO SparkEnv: Registering OutputCommitCoordinator
[2025-12-20T13:19:48.192+0000] {subprocess.py:93} INFO - 25/12/20 13:19:48 INFO JettyUtils: Start Jetty 0.0.0.0:4040 for SparkUI
[2025-12-20T13:19:48.218+0000] {subprocess.py:93} INFO - 25/12/20 13:19:48 INFO Utils: Successfully started service 'SparkUI' on port 4040.
[2025-12-20T13:19:48.263+0000] {subprocess.py:93} INFO - 25/12/20 13:19:48 INFO Executor: Starting executor ID driver on host 9b6bf8b43e23
[2025-12-20T13:19:48.266+0000] {subprocess.py:93} INFO - 25/12/20 13:19:48 INFO Executor: Starting executor with user classpath (userClassPathFirst = false): ''
[2025-12-20T13:19:48.274+0000] {subprocess.py:93} INFO - 25/12/20 13:19:48 INFO Utils: Successfully started service 'org.apache.spark.network.netty.NettyBlockTransferService' on port 39881.
[2025-12-20T13:19:48.274+0000] {subprocess.py:93} INFO - 25/12/20 13:19:48 INFO NettyBlockTransferService: Server created on 9b6bf8b43e23:39881
[2025-12-20T13:19:48.275+0000] {subprocess.py:93} INFO - 25/12/20 13:19:48 INFO BlockManager: Using org.apache.spark.storage.RandomBlockReplicationPolicy for block replication policy
[2025-12-20T13:19:48.278+0000] {subprocess.py:93} INFO - 25/12/20 13:19:48 INFO BlockManagerMaster: Registering BlockManager BlockManagerId(driver, 9b6bf8b43e23, 39881, None)
[2025-12-20T13:19:48.279+0000] {subprocess.py:93} INFO - 25/12/20 13:19:48 INFO BlockManagerMasterEndpoint: Registering block manager 9b6bf8b43e23:39881 with 434.4 MiB RAM, BlockManagerId(driver, 9b6bf8b43e23, 39881, None)
[2025-12-20T13:19:48.280+0000] {subprocess.py:93} INFO - 25/12/20 13:19:48 INFO BlockManagerMaster: Registered BlockManager BlockManagerId(driver, 9b6bf8b43e23, 39881, None)
[2025-12-20T13:19:48.281+0000] {subprocess.py:93} INFO - 25/12/20 13:19:48 INFO BlockManager: Initialized BlockManager: BlockManagerId(driver, 9b6bf8b43e23, 39881, None)
[2025-12-20T13:19:48.396+0000] {subprocess.py:93} INFO - /opt/spark-3.4.3-bin-hadoop3/python/lib/pyspark.zip/pyspark/context.py:317: FutureWarning: Python 3.7 support is deprecated in Spark 3.4.
[2025-12-20T13:19:48.396+0000] {subprocess.py:93} INFO -   warnings.warn("Python 3.7 support is deprecated in Spark 3.4.", FutureWarning)
[2025-12-20T13:19:48.485+0000] {subprocess.py:93} INFO - 25/12/20 13:19:48 INFO SharedState: Setting hive.metastore.warehouse.dir ('null') to the value of spark.sql.warehouse.dir.
[2025-12-20T13:19:48.488+0000] {subprocess.py:93} INFO - 25/12/20 13:19:48 INFO SharedState: Warehouse path is 'file:/tmp/***tmpzu4cf_ss/spark-warehouse'.
[2025-12-20T13:19:48.962+0000] {subprocess.py:93} INFO - 25/12/20 13:19:48 WARN FileStreamSink: Assume no metadata directory. Error while looking for metadata directory in the path: hdfs://localhost:9000/data/raw/orders/precos_semestrais_automotivos_2025_01.csv.
[2025-12-20T13:19:48.963+0000] {subprocess.py:93} INFO - java.net.ConnectException: Call From 9b6bf8b43e23/172.18.0.4 to localhost:9000 failed on connection exception: java.net.ConnectException: Connection refused; For more details see:  http://wiki.apache.org/hadoop/ConnectionRefused
[2025-12-20T13:19:48.963+0000] {subprocess.py:93} INFO - 	at java.base/jdk.internal.reflect.NativeConstructorAccessorImpl.newInstance0(Native Method)
[2025-12-20T13:19:48.963+0000] {subprocess.py:93} INFO - 	at java.base/jdk.internal.reflect.NativeConstructorAccessorImpl.newInstance(NativeConstructorAccessorImpl.java:77)
[2025-12-20T13:19:48.963+0000] {subprocess.py:93} INFO - 	at java.base/jdk.internal.reflect.DelegatingConstructorAccessorImpl.newInstance(DelegatingConstructorAccessorImpl.java:45)
[2025-12-20T13:19:48.963+0000] {subprocess.py:93} INFO - 	at java.base/java.lang.reflect.Constructor.newInstanceWithCaller(Constructor.java:500)
[2025-12-20T13:19:48.963+0000] {subprocess.py:93} INFO - 	at java.base/java.lang.reflect.Constructor.newInstance(Constructor.java:481)
[2025-12-20T13:19:48.963+0000] {subprocess.py:93} INFO - 	at org.apache.hadoop.net.NetUtils.wrapWithMessage(NetUtils.java:913)
[2025-12-20T13:19:48.963+0000] {subprocess.py:93} INFO - 	at org.apache.hadoop.net.NetUtils.wrapException(NetUtils.java:828)
[2025-12-20T13:19:48.963+0000] {subprocess.py:93} INFO - 	at org.apache.hadoop.ipc.Client.getRpcResponse(Client.java:1616)
[2025-12-20T13:19:48.963+0000] {subprocess.py:93} INFO - 	at org.apache.hadoop.ipc.Client.call(Client.java:1558)
[2025-12-20T13:19:48.963+0000] {subprocess.py:93} INFO - 	at org.apache.hadoop.ipc.Client.call(Client.java:1455)
[2025-12-20T13:19:48.964+0000] {subprocess.py:93} INFO - 	at org.apache.hadoop.ipc.ProtobufRpcEngine2$Invoker.invoke(ProtobufRpcEngine2.java:242)
[2025-12-20T13:19:48.964+0000] {subprocess.py:93} INFO - 	at org.apache.hadoop.ipc.ProtobufRpcEngine2$Invoker.invoke(ProtobufRpcEngine2.java:129)
[2025-12-20T13:19:48.964+0000] {subprocess.py:93} INFO - 	at jdk.proxy2/jdk.proxy2.$Proxy35.getFileInfo(Unknown Source)
[2025-12-20T13:19:48.964+0000] {subprocess.py:93} INFO - 	at org.apache.hadoop.hdfs.protocolPB.ClientNamenodeProtocolTranslatorPB.getFileInfo(ClientNamenodeProtocolTranslatorPB.java:965)
[2025-12-20T13:19:48.964+0000] {subprocess.py:93} INFO - 	at java.base/jdk.internal.reflect.NativeMethodAccessorImpl.invoke0(Native Method)
[2025-12-20T13:19:48.964+0000] {subprocess.py:93} INFO - 	at java.base/jdk.internal.reflect.NativeMethodAccessorImpl.invoke(NativeMethodAccessorImpl.java:77)
[2025-12-20T13:19:48.964+0000] {subprocess.py:93} INFO - 	at java.base/jdk.internal.reflect.DelegatingMethodAccessorImpl.invoke(DelegatingMethodAccessorImpl.java:43)
[2025-12-20T13:19:48.964+0000] {subprocess.py:93} INFO - 	at java.base/java.lang.reflect.Method.invoke(Method.java:569)
[2025-12-20T13:19:48.964+0000] {subprocess.py:93} INFO - 	at org.apache.hadoop.io.retry.RetryInvocationHandler.invokeMethod(RetryInvocationHandler.java:422)
[2025-12-20T13:19:48.964+0000] {subprocess.py:93} INFO - 	at org.apache.hadoop.io.retry.RetryInvocationHandler$Call.invokeMethod(RetryInvocationHandler.java:165)
[2025-12-20T13:19:48.964+0000] {subprocess.py:93} INFO - 	at org.apache.hadoop.io.retry.RetryInvocationHandler$Call.invoke(RetryInvocationHandler.java:157)
[2025-12-20T13:19:48.964+0000] {subprocess.py:93} INFO - 	at org.apache.hadoop.io.retry.RetryInvocationHandler$Call.invokeOnce(RetryInvocationHandler.java:95)
[2025-12-20T13:19:48.964+0000] {subprocess.py:93} INFO - 	at org.apache.hadoop.io.retry.RetryInvocationHandler.invoke(RetryInvocationHandler.java:359)
[2025-12-20T13:19:48.964+0000] {subprocess.py:93} INFO - 	at jdk.proxy2/jdk.proxy2.$Proxy36.getFileInfo(Unknown Source)
[2025-12-20T13:19:48.964+0000] {subprocess.py:93} INFO - 	at org.apache.hadoop.hdfs.DFSClient.getFileInfo(DFSClient.java:1739)
[2025-12-20T13:19:48.965+0000] {subprocess.py:93} INFO - 	at org.apache.hadoop.hdfs.DistributedFileSystem$29.doCall(DistributedFileSystem.java:1753)
[2025-12-20T13:19:48.965+0000] {subprocess.py:93} INFO - 	at org.apache.hadoop.hdfs.DistributedFileSystem$29.doCall(DistributedFileSystem.java:1750)
[2025-12-20T13:19:48.965+0000] {subprocess.py:93} INFO - 	at org.apache.hadoop.fs.FileSystemLinkResolver.resolve(FileSystemLinkResolver.java:81)
[2025-12-20T13:19:48.965+0000] {subprocess.py:93} INFO - 	at org.apache.hadoop.hdfs.DistributedFileSystem.getFileStatus(DistributedFileSystem.java:1765)
[2025-12-20T13:19:48.965+0000] {subprocess.py:93} INFO - 	at org.apache.hadoop.fs.FileSystem.isDirectory(FileSystem.java:1777)
[2025-12-20T13:19:48.965+0000] {subprocess.py:93} INFO - 	at org.apache.spark.sql.execution.streaming.FileStreamSink$.hasMetadata(FileStreamSink.scala:54)
[2025-12-20T13:19:48.965+0000] {subprocess.py:93} INFO - 	at org.apache.spark.sql.execution.datasources.DataSource.resolveRelation(DataSource.scala:366)
[2025-12-20T13:19:48.965+0000] {subprocess.py:93} INFO - 	at org.apache.spark.sql.DataFrameReader.loadV1Source(DataFrameReader.scala:229)
[2025-12-20T13:19:48.965+0000] {subprocess.py:93} INFO - 	at org.apache.spark.sql.DataFrameReader.$anonfun$load$2(DataFrameReader.scala:211)
[2025-12-20T13:19:48.965+0000] {subprocess.py:93} INFO - 	at scala.Option.getOrElse(Option.scala:189)
[2025-12-20T13:19:48.965+0000] {subprocess.py:93} INFO - 	at org.apache.spark.sql.DataFrameReader.load(DataFrameReader.scala:211)
[2025-12-20T13:19:48.965+0000] {subprocess.py:93} INFO - 	at org.apache.spark.sql.DataFrameReader.csv(DataFrameReader.scala:538)
[2025-12-20T13:19:48.965+0000] {subprocess.py:93} INFO - 	at java.base/jdk.internal.reflect.NativeMethodAccessorImpl.invoke0(Native Method)
[2025-12-20T13:19:48.965+0000] {subprocess.py:93} INFO - 	at java.base/jdk.internal.reflect.NativeMethodAccessorImpl.invoke(NativeMethodAccessorImpl.java:77)
[2025-12-20T13:19:48.965+0000] {subprocess.py:93} INFO - 	at java.base/jdk.internal.reflect.DelegatingMethodAccessorImpl.invoke(DelegatingMethodAccessorImpl.java:43)
[2025-12-20T13:19:48.966+0000] {subprocess.py:93} INFO - 	at java.base/java.lang.reflect.Method.invoke(Method.java:569)
[2025-12-20T13:19:48.966+0000] {subprocess.py:93} INFO - 	at py4j.reflection.MethodInvoker.invoke(MethodInvoker.java:244)
[2025-12-20T13:19:48.966+0000] {subprocess.py:93} INFO - 	at py4j.reflection.ReflectionEngine.invoke(ReflectionEngine.java:374)
[2025-12-20T13:19:48.966+0000] {subprocess.py:93} INFO - 	at py4j.Gateway.invoke(Gateway.java:282)
[2025-12-20T13:19:48.966+0000] {subprocess.py:93} INFO - 	at py4j.commands.AbstractCommand.invokeMethod(AbstractCommand.java:132)
[2025-12-20T13:19:48.966+0000] {subprocess.py:93} INFO - 	at py4j.commands.CallCommand.execute(CallCommand.java:79)
[2025-12-20T13:19:48.966+0000] {subprocess.py:93} INFO - 	at py4j.ClientServerConnection.waitForCommands(ClientServerConnection.java:182)
[2025-12-20T13:19:48.966+0000] {subprocess.py:93} INFO - 	at py4j.ClientServerConnection.run(ClientServerConnection.java:106)
[2025-12-20T13:19:48.966+0000] {subprocess.py:93} INFO - 	at java.base/java.lang.Thread.run(Thread.java:840)
[2025-12-20T13:19:48.966+0000] {subprocess.py:93} INFO - Caused by: java.net.ConnectException: Connection refused
[2025-12-20T13:19:48.966+0000] {subprocess.py:93} INFO - 	at java.base/sun.nio.ch.Net.pollConnect(Native Method)
[2025-12-20T13:19:48.966+0000] {subprocess.py:93} INFO - 	at java.base/sun.nio.ch.Net.pollConnectNow(Net.java:672)
[2025-12-20T13:19:48.966+0000] {subprocess.py:93} INFO - 	at java.base/sun.nio.ch.SocketChannelImpl.finishConnect(SocketChannelImpl.java:946)
[2025-12-20T13:19:48.966+0000] {subprocess.py:93} INFO - 	at org.apache.hadoop.net.SocketIOWithTimeout.connect(SocketIOWithTimeout.java:205)
[2025-12-20T13:19:48.966+0000] {subprocess.py:93} INFO - 	at org.apache.hadoop.net.NetUtils.connect(NetUtils.java:586)
[2025-12-20T13:19:48.967+0000] {subprocess.py:93} INFO - 	at org.apache.hadoop.ipc.Client$Connection.setupConnection(Client.java:711)
[2025-12-20T13:19:48.967+0000] {subprocess.py:93} INFO - 	at org.apache.hadoop.ipc.Client$Connection.setupIOstreams(Client.java:833)
[2025-12-20T13:19:48.967+0000] {subprocess.py:93} INFO - 	at org.apache.hadoop.ipc.Client$Connection.access$3800(Client.java:414)
[2025-12-20T13:19:48.967+0000] {subprocess.py:93} INFO - 	at org.apache.hadoop.ipc.Client.getConnection(Client.java:1677)
[2025-12-20T13:19:48.967+0000] {subprocess.py:93} INFO - 	at org.apache.hadoop.ipc.Client.call(Client.java:1502)
[2025-12-20T13:19:48.967+0000] {subprocess.py:93} INFO - 	... 40 more
[2025-12-20T13:19:48.990+0000] {subprocess.py:93} INFO - Traceback (most recent call last):
[2025-12-20T13:19:48.990+0000] {subprocess.py:93} INFO -   File "/opt/***/spark_jobs/spark_raw_silver_gold_com_hdfs.py", line 29, in <module>
[2025-12-20T13:19:48.990+0000] {subprocess.py:93} INFO -     .csv(RAW_PATH)
[2025-12-20T13:19:48.990+0000] {subprocess.py:93} INFO -   File "/opt/spark-3.4.3-bin-hadoop3/python/lib/pyspark.zip/pyspark/sql/readwriter.py", line 727, in csv
[2025-12-20T13:19:48.990+0000] {subprocess.py:93} INFO -   File "/opt/spark-3.4.3-bin-hadoop3/python/lib/py4j-0.10.9.7-src.zip/py4j/java_gateway.py", line 1323, in __call__
[2025-12-20T13:19:48.990+0000] {subprocess.py:93} INFO -   File "/opt/spark-3.4.3-bin-hadoop3/python/lib/pyspark.zip/pyspark/errors/exceptions/captured.py", line 169, in deco
[2025-12-20T13:19:48.991+0000] {subprocess.py:93} INFO -   File "/opt/spark-3.4.3-bin-hadoop3/python/lib/py4j-0.10.9.7-src.zip/py4j/protocol.py", line 328, in get_return_value
[2025-12-20T13:19:48.991+0000] {subprocess.py:93} INFO - py4j.protocol.Py4JJavaError: An error occurred while calling o27.csv.
[2025-12-20T13:19:48.991+0000] {subprocess.py:93} INFO - : java.net.ConnectException: Call From 9b6bf8b43e23/172.18.0.4 to localhost:9000 failed on connection exception: java.net.ConnectException: Connection refused; For more details see:  http://wiki.apache.org/hadoop/ConnectionRefused
[2025-12-20T13:19:48.991+0000] {subprocess.py:93} INFO - 	at java.base/jdk.internal.reflect.NativeConstructorAccessorImpl.newInstance0(Native Method)
[2025-12-20T13:19:48.991+0000] {subprocess.py:93} INFO - 	at java.base/jdk.internal.reflect.NativeConstructorAccessorImpl.newInstance(NativeConstructorAccessorImpl.java:77)
[2025-12-20T13:19:48.991+0000] {subprocess.py:93} INFO - 	at java.base/jdk.internal.reflect.DelegatingConstructorAccessorImpl.newInstance(DelegatingConstructorAccessorImpl.java:45)
[2025-12-20T13:19:48.991+0000] {subprocess.py:93} INFO - 	at java.base/java.lang.reflect.Constructor.newInstanceWithCaller(Constructor.java:500)
[2025-12-20T13:19:48.991+0000] {subprocess.py:93} INFO - 	at java.base/java.lang.reflect.Constructor.newInstance(Constructor.java:481)
[2025-12-20T13:19:48.991+0000] {subprocess.py:93} INFO - 	at org.apache.hadoop.net.NetUtils.wrapWithMessage(NetUtils.java:913)
[2025-12-20T13:19:48.991+0000] {subprocess.py:93} INFO - 	at org.apache.hadoop.net.NetUtils.wrapException(NetUtils.java:828)
[2025-12-20T13:19:48.991+0000] {subprocess.py:93} INFO - 	at org.apache.hadoop.ipc.Client.getRpcResponse(Client.java:1616)
[2025-12-20T13:19:48.991+0000] {subprocess.py:93} INFO - 	at org.apache.hadoop.ipc.Client.call(Client.java:1558)
[2025-12-20T13:19:48.991+0000] {subprocess.py:93} INFO - 	at org.apache.hadoop.ipc.Client.call(Client.java:1455)
[2025-12-20T13:19:48.992+0000] {subprocess.py:93} INFO - 	at org.apache.hadoop.ipc.ProtobufRpcEngine2$Invoker.invoke(ProtobufRpcEngine2.java:242)
[2025-12-20T13:19:48.992+0000] {subprocess.py:93} INFO - 	at org.apache.hadoop.ipc.ProtobufRpcEngine2$Invoker.invoke(ProtobufRpcEngine2.java:129)
[2025-12-20T13:19:48.992+0000] {subprocess.py:93} INFO - 	at jdk.proxy2/jdk.proxy2.$Proxy35.getFileInfo(Unknown Source)
[2025-12-20T13:19:48.992+0000] {subprocess.py:93} INFO - 	at org.apache.hadoop.hdfs.protocolPB.ClientNamenodeProtocolTranslatorPB.getFileInfo(ClientNamenodeProtocolTranslatorPB.java:965)
[2025-12-20T13:19:48.992+0000] {subprocess.py:93} INFO - 	at java.base/jdk.internal.reflect.NativeMethodAccessorImpl.invoke0(Native Method)
[2025-12-20T13:19:48.992+0000] {subprocess.py:93} INFO - 	at java.base/jdk.internal.reflect.NativeMethodAccessorImpl.invoke(NativeMethodAccessorImpl.java:77)
[2025-12-20T13:19:48.992+0000] {subprocess.py:93} INFO - 	at java.base/jdk.internal.reflect.DelegatingMethodAccessorImpl.invoke(DelegatingMethodAccessorImpl.java:43)
[2025-12-20T13:19:48.992+0000] {subprocess.py:93} INFO - 	at java.base/java.lang.reflect.Method.invoke(Method.java:569)
[2025-12-20T13:19:48.992+0000] {subprocess.py:93} INFO - 	at org.apache.hadoop.io.retry.RetryInvocationHandler.invokeMethod(RetryInvocationHandler.java:422)
[2025-12-20T13:19:48.992+0000] {subprocess.py:93} INFO - 	at org.apache.hadoop.io.retry.RetryInvocationHandler$Call.invokeMethod(RetryInvocationHandler.java:165)
[2025-12-20T13:19:48.992+0000] {subprocess.py:93} INFO - 	at org.apache.hadoop.io.retry.RetryInvocationHandler$Call.invoke(RetryInvocationHandler.java:157)
[2025-12-20T13:19:48.992+0000] {subprocess.py:93} INFO - 	at org.apache.hadoop.io.retry.RetryInvocationHandler$Call.invokeOnce(RetryInvocationHandler.java:95)
[2025-12-20T13:19:48.992+0000] {subprocess.py:93} INFO - 	at org.apache.hadoop.io.retry.RetryInvocationHandler.invoke(RetryInvocationHandler.java:359)
[2025-12-20T13:19:48.992+0000] {subprocess.py:93} INFO - 	at jdk.proxy2/jdk.proxy2.$Proxy36.getFileInfo(Unknown Source)
[2025-12-20T13:19:48.993+0000] {subprocess.py:93} INFO - 	at org.apache.hadoop.hdfs.DFSClient.getFileInfo(DFSClient.java:1739)
[2025-12-20T13:19:48.993+0000] {subprocess.py:93} INFO - 	at org.apache.hadoop.hdfs.DistributedFileSystem$29.doCall(DistributedFileSystem.java:1753)
[2025-12-20T13:19:48.993+0000] {subprocess.py:93} INFO - 	at org.apache.hadoop.hdfs.DistributedFileSystem$29.doCall(DistributedFileSystem.java:1750)
[2025-12-20T13:19:48.993+0000] {subprocess.py:93} INFO - 	at org.apache.hadoop.fs.FileSystemLinkResolver.resolve(FileSystemLinkResolver.java:81)
[2025-12-20T13:19:48.993+0000] {subprocess.py:93} INFO - 	at org.apache.hadoop.hdfs.DistributedFileSystem.getFileStatus(DistributedFileSystem.java:1765)
[2025-12-20T13:19:48.993+0000] {subprocess.py:93} INFO - 	at org.apache.hadoop.fs.FileSystem.exists(FileSystem.java:1760)
[2025-12-20T13:19:48.993+0000] {subprocess.py:93} INFO - 	at org.apache.spark.sql.execution.datasources.DataSource$.$anonfun$checkAndGlobPathIfNecessary$4(DataSource.scala:756)
[2025-12-20T13:19:48.993+0000] {subprocess.py:93} INFO - 	at org.apache.spark.sql.execution.datasources.DataSource$.$anonfun$checkAndGlobPathIfNecessary$4$adapted(DataSource.scala:754)
[2025-12-20T13:19:48.993+0000] {subprocess.py:93} INFO - 	at org.apache.spark.util.ThreadUtils$.$anonfun$parmap$2(ThreadUtils.scala:393)
[2025-12-20T13:19:48.993+0000] {subprocess.py:93} INFO - 	at scala.concurrent.Future$.$anonfun$apply$1(Future.scala:659)
[2025-12-20T13:19:48.993+0000] {subprocess.py:93} INFO - 	at scala.util.Success.$anonfun$map$1(Try.scala:255)
[2025-12-20T13:19:48.993+0000] {subprocess.py:93} INFO - 	at scala.util.Success.map(Try.scala:213)
[2025-12-20T13:19:48.993+0000] {subprocess.py:93} INFO - 	at scala.concurrent.Future.$anonfun$map$1(Future.scala:292)
[2025-12-20T13:19:48.993+0000] {subprocess.py:93} INFO - 	at scala.concurrent.impl.Promise.liftedTree1$1(Promise.scala:33)
[2025-12-20T13:19:48.993+0000] {subprocess.py:93} INFO - 	at scala.concurrent.impl.Promise.$anonfun$transform$1(Promise.scala:33)
[2025-12-20T13:19:48.994+0000] {subprocess.py:93} INFO - 	at scala.concurrent.impl.CallbackRunnable.run(Promise.scala:64)
[2025-12-20T13:19:48.994+0000] {subprocess.py:93} INFO - 	at java.base/java.util.concurrent.ForkJoinTask$RunnableExecuteAction.exec(ForkJoinTask.java:1395)
[2025-12-20T13:19:48.994+0000] {subprocess.py:93} INFO - 	at java.base/java.util.concurrent.ForkJoinTask.doExec(ForkJoinTask.java:373)
[2025-12-20T13:19:48.994+0000] {subprocess.py:93} INFO - 	at java.base/java.util.concurrent.ForkJoinPool$WorkQueue.topLevelExec(ForkJoinPool.java:1182)
[2025-12-20T13:19:48.994+0000] {subprocess.py:93} INFO - 	at java.base/java.util.concurrent.ForkJoinPool.scan(ForkJoinPool.java:1655)
[2025-12-20T13:19:48.994+0000] {subprocess.py:93} INFO - 	at java.base/java.util.concurrent.ForkJoinPool.runWorker(ForkJoinPool.java:1622)
[2025-12-20T13:19:48.994+0000] {subprocess.py:93} INFO - 	at java.base/java.util.concurrent.ForkJoinWorkerThread.run(ForkJoinWorkerThread.java:165)
[2025-12-20T13:19:48.994+0000] {subprocess.py:93} INFO - Caused by: java.net.ConnectException: Connection refused
[2025-12-20T13:19:48.994+0000] {subprocess.py:93} INFO - 	at java.base/sun.nio.ch.Net.pollConnect(Native Method)
[2025-12-20T13:19:48.994+0000] {subprocess.py:93} INFO - 	at java.base/sun.nio.ch.Net.pollConnectNow(Net.java:672)
[2025-12-20T13:19:48.994+0000] {subprocess.py:93} INFO - 	at java.base/sun.nio.ch.SocketChannelImpl.finishConnect(SocketChannelImpl.java:946)
[2025-12-20T13:19:48.994+0000] {subprocess.py:93} INFO - 	at org.apache.hadoop.net.SocketIOWithTimeout.connect(SocketIOWithTimeout.java:205)
[2025-12-20T13:19:48.994+0000] {subprocess.py:93} INFO - 	at org.apache.hadoop.net.NetUtils.connect(NetUtils.java:586)
[2025-12-20T13:19:48.994+0000] {subprocess.py:93} INFO - 	at org.apache.hadoop.ipc.Client$Connection.setupConnection(Client.java:711)
[2025-12-20T13:19:48.994+0000] {subprocess.py:93} INFO - 	at org.apache.hadoop.ipc.Client$Connection.setupIOstreams(Client.java:833)
[2025-12-20T13:19:48.994+0000] {subprocess.py:93} INFO - 	at org.apache.hadoop.ipc.Client$Connection.access$3800(Client.java:414)
[2025-12-20T13:19:48.995+0000] {subprocess.py:93} INFO - 	at org.apache.hadoop.ipc.Client.getConnection(Client.java:1677)
[2025-12-20T13:19:48.995+0000] {subprocess.py:93} INFO - 	at org.apache.hadoop.ipc.Client.call(Client.java:1502)
[2025-12-20T13:19:48.995+0000] {subprocess.py:93} INFO - 	... 37 more
[2025-12-20T13:19:48.995+0000] {subprocess.py:93} INFO - 
[2025-12-20T13:19:49.010+0000] {subprocess.py:93} INFO - 25/12/20 13:19:49 INFO SparkContext: Invoking stop() from shutdown hook
[2025-12-20T13:19:49.010+0000] {subprocess.py:93} INFO - 25/12/20 13:19:49 INFO SparkContext: SparkContext is stopping with exitCode 0.
[2025-12-20T13:19:49.015+0000] {subprocess.py:93} INFO - 25/12/20 13:19:49 INFO SparkUI: Stopped Spark web UI at http://9b6bf8b43e23:4040
[2025-12-20T13:19:49.020+0000] {subprocess.py:93} INFO - 25/12/20 13:19:49 INFO MapOutputTrackerMasterEndpoint: MapOutputTrackerMasterEndpoint stopped!
[2025-12-20T13:19:49.027+0000] {subprocess.py:93} INFO - 25/12/20 13:19:49 INFO MemoryStore: MemoryStore cleared
[2025-12-20T13:19:49.028+0000] {subprocess.py:93} INFO - 25/12/20 13:19:49 INFO BlockManager: BlockManager stopped
[2025-12-20T13:19:49.030+0000] {subprocess.py:93} INFO - 25/12/20 13:19:49 INFO BlockManagerMaster: BlockManagerMaster stopped
[2025-12-20T13:19:49.032+0000] {subprocess.py:93} INFO - 25/12/20 13:19:49 INFO OutputCommitCoordinator$OutputCommitCoordinatorEndpoint: OutputCommitCoordinator stopped!
[2025-12-20T13:19:49.036+0000] {subprocess.py:93} INFO - 25/12/20 13:19:49 INFO SparkContext: Successfully stopped SparkContext
[2025-12-20T13:19:49.036+0000] {subprocess.py:93} INFO - 25/12/20 13:19:49 INFO ShutdownHookManager: Shutdown hook called
[2025-12-20T13:19:49.037+0000] {subprocess.py:93} INFO - 25/12/20 13:19:49 INFO ShutdownHookManager: Deleting directory /tmp/spark-c9a7542c-bb43-4e8a-8f8b-347262bdaba0
[2025-12-20T13:19:49.040+0000] {subprocess.py:93} INFO - 25/12/20 13:19:49 INFO ShutdownHookManager: Deleting directory /tmp/spark-c9a7542c-bb43-4e8a-8f8b-347262bdaba0/pyspark-d2163785-2726-45ca-9b0f-6425fcfe2f59
[2025-12-20T13:19:49.043+0000] {subprocess.py:93} INFO - 25/12/20 13:19:49 INFO ShutdownHookManager: Deleting directory /tmp/spark-92f44ef0-16b2-4d33-957d-886f99289b9d
[2025-12-20T13:19:49.071+0000] {subprocess.py:97} INFO - Command exited with return code 1
[2025-12-20T13:19:49.080+0000] {taskinstance.py:1824} ERROR - Task failed with exception
Traceback (most recent call last):
  File "/home/airflow/.local/lib/python3.7/site-packages/airflow/operators/bash.py", line 211, in execute
    f"Bash command failed. The command returned a non-zero exit code {result.exit_code}."
airflow.exceptions.AirflowException: Bash command failed. The command returned a non-zero exit code 1.
[2025-12-20T13:19:49.082+0000] {taskinstance.py:1350} INFO - Marking task as FAILED. dag_id=automotivos_raw_silver_gold_bash, task_id=spark_raw_silver_gold, execution_date=20251220T131840, start_date=20251220T131946, end_date=20251220T131949
[2025-12-20T13:19:49.090+0000] {standard_task_runner.py:109} ERROR - Failed to execute job 3 for task spark_raw_silver_gold (Bash command failed. The command returned a non-zero exit code 1.; 479)
[2025-12-20T13:19:49.110+0000] {local_task_job_runner.py:225} INFO - Task exited with return code 1
[2025-12-20T13:19:49.123+0000] {taskinstance.py:2653} INFO - 0 downstream tasks scheduled from follow-on schedule check
