[2025-12-20T01:06:39.249+0000] {taskinstance.py:1956} INFO - Dependencies all met for dep_context=non-requeueable deps ti=<TaskInstance: automotivos_raw_silver_gold.spark_raw_silver_gold manual__2025-12-20T01:06:38.919447+00:00 [queued]>
[2025-12-20T01:06:39.253+0000] {taskinstance.py:1956} INFO - Dependencies all met for dep_context=requeueable deps ti=<TaskInstance: automotivos_raw_silver_gold.spark_raw_silver_gold manual__2025-12-20T01:06:38.919447+00:00 [queued]>
[2025-12-20T01:06:39.253+0000] {taskinstance.py:2170} INFO - Starting attempt 1 of 2
[2025-12-20T01:06:39.260+0000] {taskinstance.py:2191} INFO - Executing <Task(SparkSubmitOperator): spark_raw_silver_gold> on 2025-12-20 01:06:38.919447+00:00
[2025-12-20T01:06:39.265+0000] {standard_task_runner.py:60} INFO - Started process 842 to run task
[2025-12-20T01:06:39.267+0000] {standard_task_runner.py:87} INFO - Running: ['***', 'tasks', 'run', 'automotivos_raw_silver_gold', 'spark_raw_silver_gold', 'manual__2025-12-20T01:06:38.919447+00:00', '--job-id', '9', '--raw', '--subdir', 'DAGS_FOLDER/automotivos_raw_silver_gold_dag.py', '--cfg-path', '/tmp/tmp9sqs45gu']
[2025-12-20T01:06:39.268+0000] {standard_task_runner.py:88} INFO - Job 9: Subtask spark_raw_silver_gold
[2025-12-20T01:06:39.298+0000] {task_command.py:423} INFO - Running <TaskInstance: automotivos_raw_silver_gold.spark_raw_silver_gold manual__2025-12-20T01:06:38.919447+00:00 [running]> on host 958ebb8f0229
[2025-12-20T01:06:39.347+0000] {taskinstance.py:2480} INFO - Exporting env vars: AIRFLOW_CTX_DAG_OWNER='***' AIRFLOW_CTX_DAG_ID='automotivos_raw_silver_gold' AIRFLOW_CTX_TASK_ID='spark_raw_silver_gold' AIRFLOW_CTX_EXECUTION_DATE='2025-12-20T01:06:38.919447+00:00' AIRFLOW_CTX_TRY_NUMBER='1' AIRFLOW_CTX_DAG_RUN_ID='manual__2025-12-20T01:06:38.919447+00:00'
[2025-12-20T01:06:39.352+0000] {base.py:83} INFO - Using connection ID 'spark_standalone' for task execution.
[2025-12-20T01:06:39.353+0000] {spark_submit.py:473} INFO - Spark-Submit cmd: spark-submit --master spark://spark-master:7077 --conf spark.master=spark://spark-master:7077 --name arrow-spark --verbose --deploy-mode client /opt/***/spark_jobs/spark_raw_silver_gold_com_hdfs.py
[2025-12-20T01:06:40.024+0000] {spark_submit.py:649} INFO - Using properties file: null
[2025-12-20T01:06:40.080+0000] {spark_submit.py:649} INFO - Parsed arguments:
[2025-12-20T01:06:40.080+0000] {spark_submit.py:649} INFO - master                  spark://spark-master:7077
[2025-12-20T01:06:40.081+0000] {spark_submit.py:649} INFO - remote                  null
[2025-12-20T01:06:40.081+0000] {spark_submit.py:649} INFO - deployMode              client
[2025-12-20T01:06:40.081+0000] {spark_submit.py:649} INFO - executorMemory          null
[2025-12-20T01:06:40.081+0000] {spark_submit.py:649} INFO - executorCores           null
[2025-12-20T01:06:40.081+0000] {spark_submit.py:649} INFO - totalExecutorCores      null
[2025-12-20T01:06:40.081+0000] {spark_submit.py:649} INFO - propertiesFile          null
[2025-12-20T01:06:40.081+0000] {spark_submit.py:649} INFO - driverMemory            null
[2025-12-20T01:06:40.081+0000] {spark_submit.py:649} INFO - driverCores             null
[2025-12-20T01:06:40.081+0000] {spark_submit.py:649} INFO - driverExtraClassPath    null
[2025-12-20T01:06:40.082+0000] {spark_submit.py:649} INFO - driverExtraLibraryPath  null
[2025-12-20T01:06:40.082+0000] {spark_submit.py:649} INFO - driverExtraJavaOptions  null
[2025-12-20T01:06:40.082+0000] {spark_submit.py:649} INFO - supervise               false
[2025-12-20T01:06:40.082+0000] {spark_submit.py:649} INFO - queue                   null
[2025-12-20T01:06:40.082+0000] {spark_submit.py:649} INFO - numExecutors            null
[2025-12-20T01:06:40.082+0000] {spark_submit.py:649} INFO - files                   null
[2025-12-20T01:06:40.082+0000] {spark_submit.py:649} INFO - pyFiles                 null
[2025-12-20T01:06:40.082+0000] {spark_submit.py:649} INFO - archives                null
[2025-12-20T01:06:40.082+0000] {spark_submit.py:649} INFO - mainClass               null
[2025-12-20T01:06:40.082+0000] {spark_submit.py:649} INFO - primaryResource         file:/opt/***/spark_jobs/spark_raw_silver_gold_com_hdfs.py
[2025-12-20T01:06:40.083+0000] {spark_submit.py:649} INFO - name                    arrow-spark
[2025-12-20T01:06:40.083+0000] {spark_submit.py:649} INFO - childArgs               []
[2025-12-20T01:06:40.083+0000] {spark_submit.py:649} INFO - jars                    null
[2025-12-20T01:06:40.083+0000] {spark_submit.py:649} INFO - packages                null
[2025-12-20T01:06:40.083+0000] {spark_submit.py:649} INFO - packagesExclusions      null
[2025-12-20T01:06:40.083+0000] {spark_submit.py:649} INFO - repositories            null
[2025-12-20T01:06:40.083+0000] {spark_submit.py:649} INFO - verbose                 true
[2025-12-20T01:06:40.083+0000] {spark_submit.py:649} INFO - 
[2025-12-20T01:06:40.083+0000] {spark_submit.py:649} INFO - Spark properties used, including those specified through
[2025-12-20T01:06:40.083+0000] {spark_submit.py:649} INFO - --conf and those from the properties file null:
[2025-12-20T01:06:40.083+0000] {spark_submit.py:649} INFO - (spark.master,spark://spark-master:7077)
[2025-12-20T01:06:40.084+0000] {spark_submit.py:649} INFO - 
[2025-12-20T01:06:40.084+0000] {spark_submit.py:649} INFO - 
[2025-12-20T01:06:40.242+0000] {spark_submit.py:649} INFO - Main class:
[2025-12-20T01:06:40.242+0000] {spark_submit.py:649} INFO - org.apache.spark.deploy.PythonRunner
[2025-12-20T01:06:40.242+0000] {spark_submit.py:649} INFO - Arguments:
[2025-12-20T01:06:40.242+0000] {spark_submit.py:649} INFO - file:/opt/***/spark_jobs/spark_raw_silver_gold_com_hdfs.py
[2025-12-20T01:06:40.242+0000] {spark_submit.py:649} INFO - null
[2025-12-20T01:06:40.244+0000] {spark_submit.py:649} INFO - Spark config:
[2025-12-20T01:06:40.244+0000] {spark_submit.py:649} INFO - (spark.app.name,arrow-spark)
[2025-12-20T01:06:40.244+0000] {spark_submit.py:649} INFO - (spark.app.submitTime,1766192800229)
[2025-12-20T01:06:40.244+0000] {spark_submit.py:649} INFO - (spark.master,spark://spark-master:7077)
[2025-12-20T01:06:40.244+0000] {spark_submit.py:649} INFO - (spark.submit.deployMode,client)
[2025-12-20T01:06:40.244+0000] {spark_submit.py:649} INFO - (spark.submit.pyFiles,)
[2025-12-20T01:06:40.244+0000] {spark_submit.py:649} INFO - Classpath elements:
[2025-12-20T01:06:40.244+0000] {spark_submit.py:649} INFO - 
[2025-12-20T01:06:40.245+0000] {spark_submit.py:649} INFO - 
[2025-12-20T01:06:40.245+0000] {spark_submit.py:649} INFO - 
[2025-12-20T01:06:40.674+0000] {spark_submit.py:649} INFO - 25/12/20 01:06:40 INFO SparkContext: Running Spark version 3.4.3
[2025-12-20T01:06:40.703+0000] {spark_submit.py:649} INFO - 25/12/20 01:06:40 WARN NativeCodeLoader: Unable to load native-hadoop library for your platform... using builtin-java classes where applicable
[2025-12-20T01:06:40.745+0000] {spark_submit.py:649} INFO - 25/12/20 01:06:40 INFO ResourceUtils: ==============================================================
[2025-12-20T01:06:40.746+0000] {spark_submit.py:649} INFO - 25/12/20 01:06:40 INFO ResourceUtils: No custom resources configured for spark.driver.
[2025-12-20T01:06:40.746+0000] {spark_submit.py:649} INFO - 25/12/20 01:06:40 INFO ResourceUtils: ==============================================================
[2025-12-20T01:06:40.746+0000] {spark_submit.py:649} INFO - 25/12/20 01:06:40 INFO SparkContext: Submitted application: Automotivos-RAW-SILVER-GOLD
[2025-12-20T01:06:40.758+0000] {spark_submit.py:649} INFO - 25/12/20 01:06:40 INFO ResourceProfile: Default ResourceProfile created, executor resources: Map(memory -> name: memory, amount: 1024, script: , vendor: , offHeap -> name: offHeap, amount: 0, script: , vendor: ), task resources: Map(cpus -> name: cpus, amount: 1.0)
[2025-12-20T01:06:40.762+0000] {spark_submit.py:649} INFO - 25/12/20 01:06:40 INFO ResourceProfile: Limiting resource is cpu
[2025-12-20T01:06:40.763+0000] {spark_submit.py:649} INFO - 25/12/20 01:06:40 INFO ResourceProfileManager: Added ResourceProfile id: 0
[2025-12-20T01:06:40.789+0000] {spark_submit.py:649} INFO - 25/12/20 01:06:40 INFO SecurityManager: Changing view acls to: ***
[2025-12-20T01:06:40.789+0000] {spark_submit.py:649} INFO - 25/12/20 01:06:40 INFO SecurityManager: Changing modify acls to: ***
[2025-12-20T01:06:40.790+0000] {spark_submit.py:649} INFO - 25/12/20 01:06:40 INFO SecurityManager: Changing view acls groups to:
[2025-12-20T01:06:40.790+0000] {spark_submit.py:649} INFO - 25/12/20 01:06:40 INFO SecurityManager: Changing modify acls groups to:
[2025-12-20T01:06:40.790+0000] {spark_submit.py:649} INFO - 25/12/20 01:06:40 INFO SecurityManager: SecurityManager: authentication disabled; ui acls disabled; users with view permissions: ***; groups with view permissions: EMPTY; users with modify permissions: ***; groups with modify permissions: EMPTY
[2025-12-20T01:06:40.907+0000] {spark_submit.py:649} INFO - 25/12/20 01:06:40 INFO Utils: Successfully started service 'sparkDriver' on port 34847.
[2025-12-20T01:06:40.919+0000] {spark_submit.py:649} INFO - 25/12/20 01:06:40 INFO SparkEnv: Registering MapOutputTracker
[2025-12-20T01:06:40.936+0000] {spark_submit.py:649} INFO - 25/12/20 01:06:40 INFO SparkEnv: Registering BlockManagerMaster
[2025-12-20T01:06:40.945+0000] {spark_submit.py:649} INFO - 25/12/20 01:06:40 INFO BlockManagerMasterEndpoint: Using org.apache.spark.storage.DefaultTopologyMapper for getting topology information
[2025-12-20T01:06:40.945+0000] {spark_submit.py:649} INFO - 25/12/20 01:06:40 INFO BlockManagerMasterEndpoint: BlockManagerMasterEndpoint up
[2025-12-20T01:06:40.948+0000] {spark_submit.py:649} INFO - 25/12/20 01:06:40 INFO SparkEnv: Registering BlockManagerMasterHeartbeat
[2025-12-20T01:06:40.958+0000] {spark_submit.py:649} INFO - 25/12/20 01:06:40 INFO DiskBlockManager: Created local directory at /tmp/blockmgr-a2a99b3c-a9f7-438b-a995-6599a83dcb0c
[2025-12-20T01:06:40.966+0000] {spark_submit.py:649} INFO - 25/12/20 01:06:40 INFO MemoryStore: MemoryStore started with capacity 434.4 MiB
[2025-12-20T01:06:40.977+0000] {spark_submit.py:649} INFO - 25/12/20 01:06:40 INFO SparkEnv: Registering OutputCommitCoordinator
[2025-12-20T01:06:41.038+0000] {spark_submit.py:649} INFO - 25/12/20 01:06:41 INFO JettyUtils: Start Jetty 0.0.0.0:4040 for SparkUI
[2025-12-20T01:06:41.066+0000] {spark_submit.py:649} INFO - 25/12/20 01:06:41 INFO Utils: Successfully started service 'SparkUI' on port 4040.
[2025-12-20T01:06:41.125+0000] {spark_submit.py:649} INFO - 25/12/20 01:06:41 INFO StandaloneAppClient$ClientEndpoint: Connecting to master spark://spark-master:7077...
[2025-12-20T01:06:41.148+0000] {spark_submit.py:649} INFO - 25/12/20 01:06:41 WARN StandaloneAppClient$ClientEndpoint: Failed to connect to master spark-master:7077
[2025-12-20T01:06:41.148+0000] {spark_submit.py:649} INFO - org.apache.spark.SparkException: Exception thrown in awaitResult:
[2025-12-20T01:06:41.148+0000] {spark_submit.py:649} INFO - at org.apache.spark.util.ThreadUtils$.awaitResult(ThreadUtils.scala:322)
[2025-12-20T01:06:41.148+0000] {spark_submit.py:649} INFO - at org.apache.spark.rpc.RpcTimeout.awaitResult(RpcTimeout.scala:75)
[2025-12-20T01:06:41.148+0000] {spark_submit.py:649} INFO - at org.apache.spark.rpc.RpcEnv.setupEndpointRefByURI(RpcEnv.scala:102)
[2025-12-20T01:06:41.148+0000] {spark_submit.py:649} INFO - at org.apache.spark.rpc.RpcEnv.setupEndpointRef(RpcEnv.scala:110)
[2025-12-20T01:06:41.149+0000] {spark_submit.py:649} INFO - at org.apache.spark.deploy.client.StandaloneAppClient$ClientEndpoint$$anon$1.run(StandaloneAppClient.scala:108)
[2025-12-20T01:06:41.149+0000] {spark_submit.py:649} INFO - at java.base/java.util.concurrent.Executors$RunnableAdapter.call(Executors.java:539)
[2025-12-20T01:06:41.149+0000] {spark_submit.py:649} INFO - at java.base/java.util.concurrent.FutureTask.run(FutureTask.java:264)
[2025-12-20T01:06:41.149+0000] {spark_submit.py:649} INFO - at java.base/java.util.concurrent.ThreadPoolExecutor.runWorker(ThreadPoolExecutor.java:1136)
[2025-12-20T01:06:41.149+0000] {spark_submit.py:649} INFO - at java.base/java.util.concurrent.ThreadPoolExecutor$Worker.run(ThreadPoolExecutor.java:635)
[2025-12-20T01:06:41.149+0000] {spark_submit.py:649} INFO - at java.base/java.lang.Thread.run(Thread.java:840)
[2025-12-20T01:06:41.149+0000] {spark_submit.py:649} INFO - Caused by: java.io.IOException: Failed to connect to spark-master/<unresolved>:7077
[2025-12-20T01:06:41.149+0000] {spark_submit.py:649} INFO - at org.apache.spark.network.client.TransportClientFactory.createClient(TransportClientFactory.java:294)
[2025-12-20T01:06:41.150+0000] {spark_submit.py:649} INFO - at org.apache.spark.network.client.TransportClientFactory.createClient(TransportClientFactory.java:214)
[2025-12-20T01:06:41.150+0000] {spark_submit.py:649} INFO - at org.apache.spark.network.client.TransportClientFactory.createClient(TransportClientFactory.java:226)
[2025-12-20T01:06:41.150+0000] {spark_submit.py:649} INFO - at org.apache.spark.rpc.netty.NettyRpcEnv.createClient(NettyRpcEnv.scala:204)
[2025-12-20T01:06:41.150+0000] {spark_submit.py:649} INFO - at org.apache.spark.rpc.netty.Outbox$$anon$1.call(Outbox.scala:202)
[2025-12-20T01:06:41.150+0000] {spark_submit.py:649} INFO - at org.apache.spark.rpc.netty.Outbox$$anon$1.call(Outbox.scala:198)
[2025-12-20T01:06:41.150+0000] {spark_submit.py:649} INFO - ... 4 more
[2025-12-20T01:06:41.150+0000] {spark_submit.py:649} INFO - Caused by: java.net.UnknownHostException: spark-master
[2025-12-20T01:06:41.150+0000] {spark_submit.py:649} INFO - at java.base/java.net.InetAddress$CachedAddresses.get(InetAddress.java:801)
[2025-12-20T01:06:41.151+0000] {spark_submit.py:649} INFO - at java.base/java.net.InetAddress.getAllByName0(InetAddress.java:1533)
[2025-12-20T01:06:41.151+0000] {spark_submit.py:649} INFO - at java.base/java.net.InetAddress.getAllByName(InetAddress.java:1385)
[2025-12-20T01:06:41.151+0000] {spark_submit.py:649} INFO - at java.base/java.net.InetAddress.getAllByName(InetAddress.java:1306)
[2025-12-20T01:06:41.151+0000] {spark_submit.py:649} INFO - at java.base/java.net.InetAddress.getByName(InetAddress.java:1256)
[2025-12-20T01:06:41.151+0000] {spark_submit.py:649} INFO - at io.netty.util.internal.SocketUtils$8.run(SocketUtils.java:156)
[2025-12-20T01:06:41.151+0000] {spark_submit.py:649} INFO - at io.netty.util.internal.SocketUtils$8.run(SocketUtils.java:153)
[2025-12-20T01:06:41.151+0000] {spark_submit.py:649} INFO - at java.base/java.security.AccessController.doPrivileged(AccessController.java:569)
[2025-12-20T01:06:41.151+0000] {spark_submit.py:649} INFO - at io.netty.util.internal.SocketUtils.addressByName(SocketUtils.java:153)
[2025-12-20T01:06:41.151+0000] {spark_submit.py:649} INFO - at io.netty.resolver.DefaultNameResolver.doResolve(DefaultNameResolver.java:41)
[2025-12-20T01:06:41.152+0000] {spark_submit.py:649} INFO - at io.netty.resolver.SimpleNameResolver.resolve(SimpleNameResolver.java:61)
[2025-12-20T01:06:41.152+0000] {spark_submit.py:649} INFO - at io.netty.resolver.SimpleNameResolver.resolve(SimpleNameResolver.java:53)
[2025-12-20T01:06:41.152+0000] {spark_submit.py:649} INFO - at io.netty.resolver.InetSocketAddressResolver.doResolve(InetSocketAddressResolver.java:55)
[2025-12-20T01:06:41.152+0000] {spark_submit.py:649} INFO - at io.netty.resolver.InetSocketAddressResolver.doResolve(InetSocketAddressResolver.java:31)
[2025-12-20T01:06:41.152+0000] {spark_submit.py:649} INFO - at io.netty.resolver.AbstractAddressResolver.resolve(AbstractAddressResolver.java:106)
[2025-12-20T01:06:41.152+0000] {spark_submit.py:649} INFO - at io.netty.bootstrap.Bootstrap.doResolveAndConnect0(Bootstrap.java:206)
[2025-12-20T01:06:41.152+0000] {spark_submit.py:649} INFO - at io.netty.bootstrap.Bootstrap.access$000(Bootstrap.java:46)
[2025-12-20T01:06:41.152+0000] {spark_submit.py:649} INFO - at io.netty.bootstrap.Bootstrap$1.operationComplete(Bootstrap.java:180)
[2025-12-20T01:06:41.152+0000] {spark_submit.py:649} INFO - at io.netty.bootstrap.Bootstrap$1.operationComplete(Bootstrap.java:166)
[2025-12-20T01:06:41.152+0000] {spark_submit.py:649} INFO - at io.netty.util.concurrent.DefaultPromise.notifyListener0(DefaultPromise.java:590)
[2025-12-20T01:06:41.152+0000] {spark_submit.py:649} INFO - at io.netty.util.concurrent.DefaultPromise.notifyListenersNow(DefaultPromise.java:557)
[2025-12-20T01:06:41.153+0000] {spark_submit.py:649} INFO - at io.netty.util.concurrent.DefaultPromise.notifyListeners(DefaultPromise.java:492)
[2025-12-20T01:06:41.153+0000] {spark_submit.py:649} INFO - at io.netty.util.concurrent.DefaultPromise.setValue0(DefaultPromise.java:636)
[2025-12-20T01:06:41.153+0000] {spark_submit.py:649} INFO - at io.netty.util.concurrent.DefaultPromise.setSuccess0(DefaultPromise.java:625)
[2025-12-20T01:06:41.153+0000] {spark_submit.py:649} INFO - at io.netty.util.concurrent.DefaultPromise.trySuccess(DefaultPromise.java:105)
[2025-12-20T01:06:41.153+0000] {spark_submit.py:649} INFO - at io.netty.channel.DefaultChannelPromise.trySuccess(DefaultChannelPromise.java:84)
[2025-12-20T01:06:41.153+0000] {spark_submit.py:649} INFO - at io.netty.channel.AbstractChannel$AbstractUnsafe.safeSetSuccess(AbstractChannel.java:990)
[2025-12-20T01:06:41.153+0000] {spark_submit.py:649} INFO - at io.netty.channel.AbstractChannel$AbstractUnsafe.register0(AbstractChannel.java:516)
[2025-12-20T01:06:41.153+0000] {spark_submit.py:649} INFO - at io.netty.channel.AbstractChannel$AbstractUnsafe.access$200(AbstractChannel.java:429)
[2025-12-20T01:06:41.153+0000] {spark_submit.py:649} INFO - at io.netty.channel.AbstractChannel$AbstractUnsafe$1.run(AbstractChannel.java:486)
[2025-12-20T01:06:41.153+0000] {spark_submit.py:649} INFO - at io.netty.util.concurrent.AbstractEventExecutor.runTask(AbstractEventExecutor.java:174)
[2025-12-20T01:06:41.153+0000] {spark_submit.py:649} INFO - at io.netty.util.concurrent.AbstractEventExecutor.safeExecute(AbstractEventExecutor.java:167)
[2025-12-20T01:06:41.154+0000] {spark_submit.py:649} INFO - at io.netty.util.concurrent.SingleThreadEventExecutor.runAllTasks(SingleThreadEventExecutor.java:470)
[2025-12-20T01:06:41.154+0000] {spark_submit.py:649} INFO - at io.netty.channel.nio.NioEventLoop.run(NioEventLoop.java:569)
[2025-12-20T01:06:41.154+0000] {spark_submit.py:649} INFO - at io.netty.util.concurrent.SingleThreadEventExecutor$4.run(SingleThreadEventExecutor.java:997)
[2025-12-20T01:06:41.154+0000] {spark_submit.py:649} INFO - at io.netty.util.internal.ThreadExecutorMap$2.run(ThreadExecutorMap.java:74)
[2025-12-20T01:06:41.154+0000] {spark_submit.py:649} INFO - at io.netty.util.concurrent.FastThreadLocalRunnable.run(FastThreadLocalRunnable.java:30)
[2025-12-20T01:06:41.154+0000] {spark_submit.py:649} INFO - ... 1 more
[2025-12-20T01:07:01.125+0000] {spark_submit.py:649} INFO - 25/12/20 01:07:01 INFO StandaloneAppClient$ClientEndpoint: Connecting to master spark://spark-master:7077...
[2025-12-20T01:07:01.128+0000] {spark_submit.py:649} INFO - 25/12/20 01:07:01 WARN StandaloneAppClient$ClientEndpoint: Failed to connect to master spark-master:7077
[2025-12-20T01:07:01.128+0000] {spark_submit.py:649} INFO - org.apache.spark.SparkException: Exception thrown in awaitResult:
[2025-12-20T01:07:01.128+0000] {spark_submit.py:649} INFO - at org.apache.spark.util.ThreadUtils$.awaitResult(ThreadUtils.scala:322)
[2025-12-20T01:07:01.128+0000] {spark_submit.py:649} INFO - at org.apache.spark.rpc.RpcTimeout.awaitResult(RpcTimeout.scala:75)
[2025-12-20T01:07:01.128+0000] {spark_submit.py:649} INFO - at org.apache.spark.rpc.RpcEnv.setupEndpointRefByURI(RpcEnv.scala:102)
[2025-12-20T01:07:01.129+0000] {spark_submit.py:649} INFO - at org.apache.spark.rpc.RpcEnv.setupEndpointRef(RpcEnv.scala:110)
[2025-12-20T01:07:01.129+0000] {spark_submit.py:649} INFO - at org.apache.spark.deploy.client.StandaloneAppClient$ClientEndpoint$$anon$1.run(StandaloneAppClient.scala:108)
[2025-12-20T01:07:01.129+0000] {spark_submit.py:649} INFO - at java.base/java.util.concurrent.Executors$RunnableAdapter.call(Executors.java:539)
[2025-12-20T01:07:01.129+0000] {spark_submit.py:649} INFO - at java.base/java.util.concurrent.FutureTask.run(FutureTask.java:264)
[2025-12-20T01:07:01.129+0000] {spark_submit.py:649} INFO - at java.base/java.util.concurrent.ThreadPoolExecutor.runWorker(ThreadPoolExecutor.java:1136)
[2025-12-20T01:07:01.129+0000] {spark_submit.py:649} INFO - at java.base/java.util.concurrent.ThreadPoolExecutor$Worker.run(ThreadPoolExecutor.java:635)
[2025-12-20T01:07:01.129+0000] {spark_submit.py:649} INFO - at java.base/java.lang.Thread.run(Thread.java:840)
[2025-12-20T01:07:01.129+0000] {spark_submit.py:649} INFO - Caused by: java.io.IOException: Failed to connect to spark-master/<unresolved>:7077
[2025-12-20T01:07:01.129+0000] {spark_submit.py:649} INFO - at org.apache.spark.network.client.TransportClientFactory.createClient(TransportClientFactory.java:294)
[2025-12-20T01:07:01.129+0000] {spark_submit.py:649} INFO - at org.apache.spark.network.client.TransportClientFactory.createClient(TransportClientFactory.java:214)
[2025-12-20T01:07:01.129+0000] {spark_submit.py:649} INFO - at org.apache.spark.network.client.TransportClientFactory.createClient(TransportClientFactory.java:226)
[2025-12-20T01:07:01.130+0000] {spark_submit.py:649} INFO - at org.apache.spark.rpc.netty.NettyRpcEnv.createClient(NettyRpcEnv.scala:204)
[2025-12-20T01:07:01.130+0000] {spark_submit.py:649} INFO - at org.apache.spark.rpc.netty.Outbox$$anon$1.call(Outbox.scala:202)
[2025-12-20T01:07:01.130+0000] {spark_submit.py:649} INFO - at org.apache.spark.rpc.netty.Outbox$$anon$1.call(Outbox.scala:198)
[2025-12-20T01:07:01.130+0000] {spark_submit.py:649} INFO - ... 4 more
[2025-12-20T01:07:01.130+0000] {spark_submit.py:649} INFO - Caused by: java.net.UnknownHostException: spark-master
[2025-12-20T01:07:01.130+0000] {spark_submit.py:649} INFO - at java.base/java.net.InetAddress$CachedAddresses.get(InetAddress.java:801)
[2025-12-20T01:07:01.130+0000] {spark_submit.py:649} INFO - at java.base/java.net.InetAddress.getAllByName0(InetAddress.java:1533)
[2025-12-20T01:07:01.130+0000] {spark_submit.py:649} INFO - at java.base/java.net.InetAddress.getAllByName(InetAddress.java:1385)
[2025-12-20T01:07:01.130+0000] {spark_submit.py:649} INFO - at java.base/java.net.InetAddress.getAllByName(InetAddress.java:1306)
[2025-12-20T01:07:01.130+0000] {spark_submit.py:649} INFO - at java.base/java.net.InetAddress.getByName(InetAddress.java:1256)
[2025-12-20T01:07:01.130+0000] {spark_submit.py:649} INFO - at io.netty.util.internal.SocketUtils$8.run(SocketUtils.java:156)
[2025-12-20T01:07:01.130+0000] {spark_submit.py:649} INFO - at io.netty.util.internal.SocketUtils$8.run(SocketUtils.java:153)
[2025-12-20T01:07:01.131+0000] {spark_submit.py:649} INFO - at java.base/java.security.AccessController.doPrivileged(AccessController.java:569)
[2025-12-20T01:07:01.131+0000] {spark_submit.py:649} INFO - at io.netty.util.internal.SocketUtils.addressByName(SocketUtils.java:153)
[2025-12-20T01:07:01.131+0000] {spark_submit.py:649} INFO - at io.netty.resolver.DefaultNameResolver.doResolve(DefaultNameResolver.java:41)
[2025-12-20T01:07:01.131+0000] {spark_submit.py:649} INFO - at io.netty.resolver.SimpleNameResolver.resolve(SimpleNameResolver.java:61)
[2025-12-20T01:07:01.131+0000] {spark_submit.py:649} INFO - at io.netty.resolver.SimpleNameResolver.resolve(SimpleNameResolver.java:53)
[2025-12-20T01:07:01.131+0000] {spark_submit.py:649} INFO - at io.netty.resolver.InetSocketAddressResolver.doResolve(InetSocketAddressResolver.java:55)
[2025-12-20T01:07:01.131+0000] {spark_submit.py:649} INFO - at io.netty.resolver.InetSocketAddressResolver.doResolve(InetSocketAddressResolver.java:31)
[2025-12-20T01:07:01.131+0000] {spark_submit.py:649} INFO - at io.netty.resolver.AbstractAddressResolver.resolve(AbstractAddressResolver.java:106)
[2025-12-20T01:07:01.131+0000] {spark_submit.py:649} INFO - at io.netty.bootstrap.Bootstrap.doResolveAndConnect0(Bootstrap.java:206)
[2025-12-20T01:07:01.131+0000] {spark_submit.py:649} INFO - at io.netty.bootstrap.Bootstrap.access$000(Bootstrap.java:46)
[2025-12-20T01:07:01.131+0000] {spark_submit.py:649} INFO - at io.netty.bootstrap.Bootstrap$1.operationComplete(Bootstrap.java:180)
[2025-12-20T01:07:01.132+0000] {spark_submit.py:649} INFO - at io.netty.bootstrap.Bootstrap$1.operationComplete(Bootstrap.java:166)
[2025-12-20T01:07:01.132+0000] {spark_submit.py:649} INFO - at io.netty.util.concurrent.DefaultPromise.notifyListener0(DefaultPromise.java:590)
[2025-12-20T01:07:01.132+0000] {spark_submit.py:649} INFO - at io.netty.util.concurrent.DefaultPromise.notifyListenersNow(DefaultPromise.java:557)
[2025-12-20T01:07:01.132+0000] {spark_submit.py:649} INFO - at io.netty.util.concurrent.DefaultPromise.notifyListeners(DefaultPromise.java:492)
[2025-12-20T01:07:01.132+0000] {spark_submit.py:649} INFO - at io.netty.util.concurrent.DefaultPromise.setValue0(DefaultPromise.java:636)
[2025-12-20T01:07:01.132+0000] {spark_submit.py:649} INFO - at io.netty.util.concurrent.DefaultPromise.setSuccess0(DefaultPromise.java:625)
[2025-12-20T01:07:01.132+0000] {spark_submit.py:649} INFO - at io.netty.util.concurrent.DefaultPromise.trySuccess(DefaultPromise.java:105)
[2025-12-20T01:07:01.132+0000] {spark_submit.py:649} INFO - at io.netty.channel.DefaultChannelPromise.trySuccess(DefaultChannelPromise.java:84)
[2025-12-20T01:07:01.132+0000] {spark_submit.py:649} INFO - at io.netty.channel.AbstractChannel$AbstractUnsafe.safeSetSuccess(AbstractChannel.java:990)
[2025-12-20T01:07:01.132+0000] {spark_submit.py:649} INFO - at io.netty.channel.AbstractChannel$AbstractUnsafe.register0(AbstractChannel.java:516)
[2025-12-20T01:07:01.132+0000] {spark_submit.py:649} INFO - at io.netty.channel.AbstractChannel$AbstractUnsafe.access$200(AbstractChannel.java:429)
[2025-12-20T01:07:01.133+0000] {spark_submit.py:649} INFO - at io.netty.channel.AbstractChannel$AbstractUnsafe$1.run(AbstractChannel.java:486)
[2025-12-20T01:07:01.133+0000] {spark_submit.py:649} INFO - at io.netty.util.concurrent.AbstractEventExecutor.runTask(AbstractEventExecutor.java:174)
[2025-12-20T01:07:01.133+0000] {spark_submit.py:649} INFO - at io.netty.util.concurrent.AbstractEventExecutor.safeExecute(AbstractEventExecutor.java:167)
[2025-12-20T01:07:01.133+0000] {spark_submit.py:649} INFO - at io.netty.util.concurrent.SingleThreadEventExecutor.runAllTasks(SingleThreadEventExecutor.java:470)
[2025-12-20T01:07:01.133+0000] {spark_submit.py:649} INFO - at io.netty.channel.nio.NioEventLoop.run(NioEventLoop.java:569)
[2025-12-20T01:07:01.133+0000] {spark_submit.py:649} INFO - at io.netty.util.concurrent.SingleThreadEventExecutor$4.run(SingleThreadEventExecutor.java:997)
[2025-12-20T01:07:01.133+0000] {spark_submit.py:649} INFO - at io.netty.util.internal.ThreadExecutorMap$2.run(ThreadExecutorMap.java:74)
[2025-12-20T01:07:01.133+0000] {spark_submit.py:649} INFO - at io.netty.util.concurrent.FastThreadLocalRunnable.run(FastThreadLocalRunnable.java:30)
[2025-12-20T01:07:01.133+0000] {spark_submit.py:649} INFO - ... 1 more
[2025-12-20T01:07:21.125+0000] {spark_submit.py:649} INFO - 25/12/20 01:07:21 INFO StandaloneAppClient$ClientEndpoint: Connecting to master spark://spark-master:7077...
[2025-12-20T01:07:21.128+0000] {spark_submit.py:649} INFO - 25/12/20 01:07:21 WARN StandaloneAppClient$ClientEndpoint: Failed to connect to master spark-master:7077
[2025-12-20T01:07:21.128+0000] {spark_submit.py:649} INFO - org.apache.spark.SparkException: Exception thrown in awaitResult:
[2025-12-20T01:07:21.128+0000] {spark_submit.py:649} INFO - at org.apache.spark.util.ThreadUtils$.awaitResult(ThreadUtils.scala:322)
[2025-12-20T01:07:21.129+0000] {spark_submit.py:649} INFO - at org.apache.spark.rpc.RpcTimeout.awaitResult(RpcTimeout.scala:75)
[2025-12-20T01:07:21.129+0000] {spark_submit.py:649} INFO - at org.apache.spark.rpc.RpcEnv.setupEndpointRefByURI(RpcEnv.scala:102)
[2025-12-20T01:07:21.129+0000] {spark_submit.py:649} INFO - at org.apache.spark.rpc.RpcEnv.setupEndpointRef(RpcEnv.scala:110)
[2025-12-20T01:07:21.129+0000] {spark_submit.py:649} INFO - at org.apache.spark.deploy.client.StandaloneAppClient$ClientEndpoint$$anon$1.run(StandaloneAppClient.scala:108)
[2025-12-20T01:07:21.129+0000] {spark_submit.py:649} INFO - at java.base/java.util.concurrent.Executors$RunnableAdapter.call(Executors.java:539)
[2025-12-20T01:07:21.129+0000] {spark_submit.py:649} INFO - at java.base/java.util.concurrent.FutureTask.run(FutureTask.java:264)
[2025-12-20T01:07:21.129+0000] {spark_submit.py:649} INFO - at java.base/java.util.concurrent.ThreadPoolExecutor.runWorker(ThreadPoolExecutor.java:1136)
[2025-12-20T01:07:21.129+0000] {spark_submit.py:649} INFO - at java.base/java.util.concurrent.ThreadPoolExecutor$Worker.run(ThreadPoolExecutor.java:635)
[2025-12-20T01:07:21.129+0000] {spark_submit.py:649} INFO - at java.base/java.lang.Thread.run(Thread.java:840)
[2025-12-20T01:07:21.129+0000] {spark_submit.py:649} INFO - Caused by: java.io.IOException: Failed to connect to spark-master/<unresolved>:7077
[2025-12-20T01:07:21.130+0000] {spark_submit.py:649} INFO - at org.apache.spark.network.client.TransportClientFactory.createClient(TransportClientFactory.java:294)
[2025-12-20T01:07:21.130+0000] {spark_submit.py:649} INFO - at org.apache.spark.network.client.TransportClientFactory.createClient(TransportClientFactory.java:214)
[2025-12-20T01:07:21.130+0000] {spark_submit.py:649} INFO - at org.apache.spark.network.client.TransportClientFactory.createClient(TransportClientFactory.java:226)
[2025-12-20T01:07:21.130+0000] {spark_submit.py:649} INFO - at org.apache.spark.rpc.netty.NettyRpcEnv.createClient(NettyRpcEnv.scala:204)
[2025-12-20T01:07:21.130+0000] {spark_submit.py:649} INFO - at org.apache.spark.rpc.netty.Outbox$$anon$1.call(Outbox.scala:202)
[2025-12-20T01:07:21.130+0000] {spark_submit.py:649} INFO - at org.apache.spark.rpc.netty.Outbox$$anon$1.call(Outbox.scala:198)
[2025-12-20T01:07:21.130+0000] {spark_submit.py:649} INFO - ... 4 more
[2025-12-20T01:07:21.130+0000] {spark_submit.py:649} INFO - Caused by: java.net.UnknownHostException: spark-master
[2025-12-20T01:07:21.130+0000] {spark_submit.py:649} INFO - at java.base/java.net.InetAddress$CachedAddresses.get(InetAddress.java:801)
[2025-12-20T01:07:21.130+0000] {spark_submit.py:649} INFO - at java.base/java.net.InetAddress.getAllByName0(InetAddress.java:1533)
[2025-12-20T01:07:21.130+0000] {spark_submit.py:649} INFO - at java.base/java.net.InetAddress.getAllByName(InetAddress.java:1385)
[2025-12-20T01:07:21.131+0000] {spark_submit.py:649} INFO - at java.base/java.net.InetAddress.getAllByName(InetAddress.java:1306)
[2025-12-20T01:07:21.131+0000] {spark_submit.py:649} INFO - at java.base/java.net.InetAddress.getByName(InetAddress.java:1256)
[2025-12-20T01:07:21.131+0000] {spark_submit.py:649} INFO - at io.netty.util.internal.SocketUtils$8.run(SocketUtils.java:156)
[2025-12-20T01:07:21.131+0000] {spark_submit.py:649} INFO - at io.netty.util.internal.SocketUtils$8.run(SocketUtils.java:153)
[2025-12-20T01:07:21.131+0000] {spark_submit.py:649} INFO - at java.base/java.security.AccessController.doPrivileged(AccessController.java:569)
[2025-12-20T01:07:21.131+0000] {spark_submit.py:649} INFO - at io.netty.util.internal.SocketUtils.addressByName(SocketUtils.java:153)
[2025-12-20T01:07:21.131+0000] {spark_submit.py:649} INFO - at io.netty.resolver.DefaultNameResolver.doResolve(DefaultNameResolver.java:41)
[2025-12-20T01:07:21.131+0000] {spark_submit.py:649} INFO - at io.netty.resolver.SimpleNameResolver.resolve(SimpleNameResolver.java:61)
[2025-12-20T01:07:21.131+0000] {spark_submit.py:649} INFO - at io.netty.resolver.SimpleNameResolver.resolve(SimpleNameResolver.java:53)
[2025-12-20T01:07:21.131+0000] {spark_submit.py:649} INFO - at io.netty.resolver.InetSocketAddressResolver.doResolve(InetSocketAddressResolver.java:55)
[2025-12-20T01:07:21.131+0000] {spark_submit.py:649} INFO - at io.netty.resolver.InetSocketAddressResolver.doResolve(InetSocketAddressResolver.java:31)
[2025-12-20T01:07:21.131+0000] {spark_submit.py:649} INFO - at io.netty.resolver.AbstractAddressResolver.resolve(AbstractAddressResolver.java:106)
[2025-12-20T01:07:21.132+0000] {spark_submit.py:649} INFO - at io.netty.bootstrap.Bootstrap.doResolveAndConnect0(Bootstrap.java:206)
[2025-12-20T01:07:21.132+0000] {spark_submit.py:649} INFO - at io.netty.bootstrap.Bootstrap.access$000(Bootstrap.java:46)
[2025-12-20T01:07:21.132+0000] {spark_submit.py:649} INFO - at io.netty.bootstrap.Bootstrap$1.operationComplete(Bootstrap.java:180)
[2025-12-20T01:07:21.132+0000] {spark_submit.py:649} INFO - at io.netty.bootstrap.Bootstrap$1.operationComplete(Bootstrap.java:166)
[2025-12-20T01:07:21.132+0000] {spark_submit.py:649} INFO - at io.netty.util.concurrent.DefaultPromise.notifyListener0(DefaultPromise.java:590)
[2025-12-20T01:07:21.132+0000] {spark_submit.py:649} INFO - at io.netty.util.concurrent.DefaultPromise.notifyListenersNow(DefaultPromise.java:557)
[2025-12-20T01:07:21.132+0000] {spark_submit.py:649} INFO - at io.netty.util.concurrent.DefaultPromise.notifyListeners(DefaultPromise.java:492)
[2025-12-20T01:07:21.132+0000] {spark_submit.py:649} INFO - at io.netty.util.concurrent.DefaultPromise.setValue0(DefaultPromise.java:636)
[2025-12-20T01:07:21.132+0000] {spark_submit.py:649} INFO - at io.netty.util.concurrent.DefaultPromise.setSuccess0(DefaultPromise.java:625)
[2025-12-20T01:07:21.132+0000] {spark_submit.py:649} INFO - at io.netty.util.concurrent.DefaultPromise.trySuccess(DefaultPromise.java:105)
[2025-12-20T01:07:21.132+0000] {spark_submit.py:649} INFO - at io.netty.channel.DefaultChannelPromise.trySuccess(DefaultChannelPromise.java:84)
[2025-12-20T01:07:21.133+0000] {spark_submit.py:649} INFO - at io.netty.channel.AbstractChannel$AbstractUnsafe.safeSetSuccess(AbstractChannel.java:990)
[2025-12-20T01:07:21.133+0000] {spark_submit.py:649} INFO - at io.netty.channel.AbstractChannel$AbstractUnsafe.register0(AbstractChannel.java:516)
[2025-12-20T01:07:21.133+0000] {spark_submit.py:649} INFO - at io.netty.channel.AbstractChannel$AbstractUnsafe.access$200(AbstractChannel.java:429)
[2025-12-20T01:07:21.133+0000] {spark_submit.py:649} INFO - at io.netty.channel.AbstractChannel$AbstractUnsafe$1.run(AbstractChannel.java:486)
[2025-12-20T01:07:21.133+0000] {spark_submit.py:649} INFO - at io.netty.util.concurrent.AbstractEventExecutor.runTask(AbstractEventExecutor.java:174)
[2025-12-20T01:07:21.133+0000] {spark_submit.py:649} INFO - at io.netty.util.concurrent.AbstractEventExecutor.safeExecute(AbstractEventExecutor.java:167)
[2025-12-20T01:07:21.133+0000] {spark_submit.py:649} INFO - at io.netty.util.concurrent.SingleThreadEventExecutor.runAllTasks(SingleThreadEventExecutor.java:470)
[2025-12-20T01:07:21.133+0000] {spark_submit.py:649} INFO - at io.netty.channel.nio.NioEventLoop.run(NioEventLoop.java:569)
[2025-12-20T01:07:21.133+0000] {spark_submit.py:649} INFO - at io.netty.util.concurrent.SingleThreadEventExecutor$4.run(SingleThreadEventExecutor.java:997)
[2025-12-20T01:07:21.133+0000] {spark_submit.py:649} INFO - at io.netty.util.internal.ThreadExecutorMap$2.run(ThreadExecutorMap.java:74)
[2025-12-20T01:07:21.133+0000] {spark_submit.py:649} INFO - at io.netty.util.concurrent.FastThreadLocalRunnable.run(FastThreadLocalRunnable.java:30)
[2025-12-20T01:07:21.134+0000] {spark_submit.py:649} INFO - ... 1 more
[2025-12-20T01:07:41.126+0000] {spark_submit.py:649} INFO - 25/12/20 01:07:41 WARN StandaloneSchedulerBackend: Application ID is not initialized yet.
[2025-12-20T01:07:41.126+0000] {spark_submit.py:649} INFO - 25/12/20 01:07:41 ERROR StandaloneSchedulerBackend: Application has been killed. Reason: All masters are unresponsive! Giving up.
[2025-12-20T01:07:41.129+0000] {spark_submit.py:649} INFO - 25/12/20 01:07:41 INFO Utils: Successfully started service 'org.apache.spark.network.netty.NettyBlockTransferService' on port 36253.
[2025-12-20T01:07:41.129+0000] {spark_submit.py:649} INFO - 25/12/20 01:07:41 INFO NettyBlockTransferService: Server created on 958ebb8f0229:36253
[2025-12-20T01:07:41.130+0000] {spark_submit.py:649} INFO - 25/12/20 01:07:41 INFO BlockManager: Using org.apache.spark.storage.RandomBlockReplicationPolicy for block replication policy
[2025-12-20T01:07:41.134+0000] {spark_submit.py:649} INFO - 25/12/20 01:07:41 INFO BlockManagerMaster: Registering BlockManager BlockManagerId(driver, 958ebb8f0229, 36253, None)
[2025-12-20T01:07:41.136+0000] {spark_submit.py:649} INFO - 25/12/20 01:07:41 INFO BlockManagerMasterEndpoint: Registering block manager 958ebb8f0229:36253 with 434.4 MiB RAM, BlockManagerId(driver, 958ebb8f0229, 36253, None)
[2025-12-20T01:07:41.137+0000] {spark_submit.py:649} INFO - 25/12/20 01:07:41 INFO BlockManagerMaster: Registered BlockManager BlockManagerId(driver, 958ebb8f0229, 36253, None)
[2025-12-20T01:07:41.138+0000] {spark_submit.py:649} INFO - 25/12/20 01:07:41 INFO BlockManager: Initialized BlockManager: BlockManagerId(driver, 958ebb8f0229, 36253, None)
[2025-12-20T01:07:41.231+0000] {spark_submit.py:649} INFO - 25/12/20 01:07:41 INFO StandaloneSchedulerBackend: SchedulerBackend is ready for scheduling beginning after reached minRegisteredResourcesRatio: 0.0
[2025-12-20T01:07:41.336+0000] {spark_submit.py:649} INFO - 25/12/20 01:07:41 INFO SparkContext: SparkContext is stopping with exitCode 0.
[2025-12-20T01:07:41.341+0000] {spark_submit.py:649} INFO - 25/12/20 01:07:41 INFO SparkUI: Stopped Spark web UI at http://958ebb8f0229:4040
[2025-12-20T01:07:41.343+0000] {spark_submit.py:649} INFO - 25/12/20 01:07:41 INFO StandaloneSchedulerBackend: Shutting down all executors
[2025-12-20T01:07:41.345+0000] {spark_submit.py:649} INFO - 25/12/20 01:07:41 INFO StandaloneSchedulerBackend$StandaloneDriverEndpoint: Asking each executor to shut down
[2025-12-20T01:07:41.345+0000] {spark_submit.py:649} INFO - 25/12/20 01:07:41 INFO SharedState: Setting hive.metastore.warehouse.dir ('null') to the value of spark.sql.warehouse.dir.
[2025-12-20T01:07:41.347+0000] {spark_submit.py:649} INFO - 25/12/20 01:07:41 WARN StandaloneAppClient$ClientEndpoint: Drop UnregisterApplication(null) because has not yet connected to master
[2025-12-20T01:07:41.349+0000] {spark_submit.py:649} INFO - 25/12/20 01:07:41 INFO SharedState: Warehouse path is 'file:/opt/***/spark-warehouse'.
[2025-12-20T01:07:41.351+0000] {spark_submit.py:649} INFO - 25/12/20 01:07:41 INFO MapOutputTrackerMasterEndpoint: MapOutputTrackerMasterEndpoint stopped!
[2025-12-20T01:07:41.359+0000] {spark_submit.py:649} INFO - 25/12/20 01:07:41 INFO MemoryStore: MemoryStore cleared
[2025-12-20T01:07:41.359+0000] {spark_submit.py:649} INFO - 25/12/20 01:07:41 INFO BlockManager: BlockManager stopped
[2025-12-20T01:07:41.362+0000] {spark_submit.py:649} INFO - 25/12/20 01:07:41 INFO BlockManagerMaster: BlockManagerMaster stopped
[2025-12-20T01:07:41.363+0000] {spark_submit.py:649} INFO - 25/12/20 01:07:41 INFO OutputCommitCoordinator$OutputCommitCoordinatorEndpoint: OutputCommitCoordinator stopped!
[2025-12-20T01:07:41.366+0000] {spark_submit.py:649} INFO - Traceback (most recent call last):
[2025-12-20T01:07:41.366+0000] {spark_submit.py:649} INFO - File "/opt/***/spark_jobs/spark_raw_silver_gold_com_hdfs.py", line 25, in <module>
[2025-12-20T01:07:41.367+0000] {spark_submit.py:649} INFO - spark.read
[2025-12-20T01:07:41.367+0000] {spark_submit.py:649} INFO - File "/opt/spark-3.4.3-bin-hadoop3/python/lib/pyspark.zip/pyspark/sql/session.py", line 1515, in read
[2025-12-20T01:07:41.367+0000] {spark_submit.py:649} INFO - File "/opt/spark-3.4.3-bin-hadoop3/python/lib/pyspark.zip/pyspark/sql/readwriter.py", line 69, in __init__
[2025-12-20T01:07:41.367+0000] {spark_submit.py:649} INFO - File "/opt/spark-3.4.3-bin-hadoop3/python/lib/py4j-0.10.9.7-src.zip/py4j/java_gateway.py", line 1322, in __call__
[2025-12-20T01:07:41.367+0000] {spark_submit.py:649} INFO - File "/opt/spark-3.4.3-bin-hadoop3/python/lib/pyspark.zip/pyspark/errors/exceptions/captured.py", line 169, in deco
[2025-12-20T01:07:41.367+0000] {spark_submit.py:649} INFO - File "/opt/spark-3.4.3-bin-hadoop3/python/lib/py4j-0.10.9.7-src.zip/py4j/protocol.py", line 326, in get_return_value
[2025-12-20T01:07:41.367+0000] {spark_submit.py:649} INFO - py4j.protocol.Py4JJavaError: An error occurred while calling o23.read.
[2025-12-20T01:07:41.367+0000] {spark_submit.py:649} INFO - : java.lang.IllegalStateException: LiveListenerBus is stopped.
[2025-12-20T01:07:41.367+0000] {spark_submit.py:649} INFO - at org.apache.spark.scheduler.LiveListenerBus.addToQueue(LiveListenerBus.scala:98)
[2025-12-20T01:07:41.368+0000] {spark_submit.py:649} INFO - at org.apache.spark.scheduler.LiveListenerBus.addToStatusQueue(LiveListenerBus.scala:81)
[2025-12-20T01:07:41.368+0000] {spark_submit.py:649} INFO - at org.apache.spark.sql.internal.SharedState.<init>(SharedState.scala:115)
[2025-12-20T01:07:41.368+0000] {spark_submit.py:649} INFO - at org.apache.spark.sql.SparkSession.$anonfun$sharedState$1(SparkSession.scala:144)
[2025-12-20T01:07:41.368+0000] {spark_submit.py:649} INFO - at scala.Option.getOrElse(Option.scala:189)
[2025-12-20T01:07:41.368+0000] {spark_submit.py:649} INFO - at org.apache.spark.sql.SparkSession.sharedState$lzycompute(SparkSession.scala:144)
[2025-12-20T01:07:41.368+0000] {spark_submit.py:649} INFO - at org.apache.spark.sql.SparkSession.sharedState(SparkSession.scala:143)
[2025-12-20T01:07:41.368+0000] {spark_submit.py:649} INFO - at org.apache.spark.sql.SparkSession.$anonfun$sessionState$2(SparkSession.scala:163)
[2025-12-20T01:07:41.368+0000] {spark_submit.py:649} INFO - at scala.Option.getOrElse(Option.scala:189)
[2025-12-20T01:07:41.368+0000] {spark_submit.py:649} INFO - at org.apache.spark.sql.SparkSession.sessionState$lzycompute(SparkSession.scala:161)
[2025-12-20T01:07:41.368+0000] {spark_submit.py:649} INFO - at org.apache.spark.sql.SparkSession.sessionState(SparkSession.scala:158)
[2025-12-20T01:07:41.368+0000] {spark_submit.py:649} INFO - at org.apache.spark.sql.DataFrameReader.<init>(DataFrameReader.scala:699)
[2025-12-20T01:07:41.369+0000] {spark_submit.py:649} INFO - at org.apache.spark.sql.SparkSession.read(SparkSession.scala:710)
[2025-12-20T01:07:41.369+0000] {spark_submit.py:649} INFO - at java.base/jdk.internal.reflect.NativeMethodAccessorImpl.invoke0(Native Method)
[2025-12-20T01:07:41.369+0000] {spark_submit.py:649} INFO - at java.base/jdk.internal.reflect.NativeMethodAccessorImpl.invoke(NativeMethodAccessorImpl.java:77)
[2025-12-20T01:07:41.369+0000] {spark_submit.py:649} INFO - at java.base/jdk.internal.reflect.DelegatingMethodAccessorImpl.invoke(DelegatingMethodAccessorImpl.java:43)
[2025-12-20T01:07:41.369+0000] {spark_submit.py:649} INFO - at java.base/java.lang.reflect.Method.invoke(Method.java:569)
[2025-12-20T01:07:41.369+0000] {spark_submit.py:649} INFO - at py4j.reflection.MethodInvoker.invoke(MethodInvoker.java:244)
[2025-12-20T01:07:41.369+0000] {spark_submit.py:649} INFO - at py4j.reflection.ReflectionEngine.invoke(ReflectionEngine.java:374)
[2025-12-20T01:07:41.369+0000] {spark_submit.py:649} INFO - at py4j.Gateway.invoke(Gateway.java:282)
[2025-12-20T01:07:41.369+0000] {spark_submit.py:649} INFO - at py4j.commands.AbstractCommand.invokeMethod(AbstractCommand.java:132)
[2025-12-20T01:07:41.369+0000] {spark_submit.py:649} INFO - at py4j.commands.CallCommand.execute(CallCommand.java:79)
[2025-12-20T01:07:41.369+0000] {spark_submit.py:649} INFO - at py4j.ClientServerConnection.waitForCommands(ClientServerConnection.java:182)
[2025-12-20T01:07:41.369+0000] {spark_submit.py:649} INFO - at py4j.ClientServerConnection.run(ClientServerConnection.java:106)
[2025-12-20T01:07:41.370+0000] {spark_submit.py:649} INFO - at java.base/java.lang.Thread.run(Thread.java:840)
[2025-12-20T01:07:41.370+0000] {spark_submit.py:649} INFO - 
[2025-12-20T01:07:41.370+0000] {spark_submit.py:649} INFO - 25/12/20 01:07:41 INFO SparkContext: Successfully stopped SparkContext
[2025-12-20T01:07:41.386+0000] {spark_submit.py:649} INFO - 25/12/20 01:07:41 INFO ShutdownHookManager: Shutdown hook called
[2025-12-20T01:07:41.386+0000] {spark_submit.py:649} INFO - 25/12/20 01:07:41 INFO ShutdownHookManager: Deleting directory /tmp/spark-e0ef1ca2-8cfa-44ad-9e87-8aeadac28e91
[2025-12-20T01:07:41.389+0000] {spark_submit.py:649} INFO - 25/12/20 01:07:41 INFO ShutdownHookManager: Deleting directory /tmp/spark-5312f946-1c86-462b-b43c-599d7d7b6169
[2025-12-20T01:07:41.392+0000] {spark_submit.py:649} INFO - 25/12/20 01:07:41 INFO ShutdownHookManager: Deleting directory /tmp/spark-5312f946-1c86-462b-b43c-599d7d7b6169/pyspark-55971ed9-2bbe-4628-8af1-986428343c2e
[2025-12-20T01:07:41.426+0000] {taskinstance.py:2698} ERROR - Task failed with exception
Traceback (most recent call last):
  File "/home/airflow/.local/lib/python3.8/site-packages/airflow/models/taskinstance.py", line 433, in _execute_task
    result = execute_callable(context=context, **execute_callable_kwargs)
  File "/home/airflow/.local/lib/python3.8/site-packages/airflow/providers/apache/spark/operators/spark_submit.py", line 176, in execute
    self._hook.submit(self.application)
  File "/home/airflow/.local/lib/python3.8/site-packages/airflow/providers/apache/spark/hooks/spark_submit.py", line 575, in submit
    raise AirflowException(
airflow.exceptions.AirflowException: Cannot execute: spark-submit --master spark://spark-master:7077 --conf spark.master=spark://spark-master:7077 --name arrow-spark --verbose --deploy-mode client /opt/***/spark_jobs/spark_raw_silver_gold_com_hdfs.py. Error code is: 1.
[2025-12-20T01:07:41.429+0000] {taskinstance.py:1138} INFO - Marking task as UP_FOR_RETRY. dag_id=automotivos_raw_silver_gold, task_id=spark_raw_silver_gold, execution_date=20251220T010638, start_date=20251220T010639, end_date=20251220T010741
[2025-12-20T01:07:41.436+0000] {standard_task_runner.py:107} ERROR - Failed to execute job 9 for task spark_raw_silver_gold (Cannot execute: spark-submit --master spark://spark-master:7077 --conf spark.master=spark://spark-master:7077 --name arrow-spark --verbose --deploy-mode client /opt/***/spark_jobs/spark_raw_silver_gold_com_hdfs.py. Error code is: 1.; 842)
[2025-12-20T01:07:41.458+0000] {local_task_job_runner.py:234} INFO - Task exited with return code 1
[2025-12-20T01:07:41.468+0000] {taskinstance.py:3280} INFO - 0 downstream tasks scheduled from follow-on schedule check
