[2025-12-20T01:12:42.026+0000] {taskinstance.py:1956} INFO - Dependencies all met for dep_context=non-requeueable deps ti=<TaskInstance: automotivos_raw_silver_gold.spark_raw_silver_gold manual__2025-12-20T01:06:38.919447+00:00 [queued]>
[2025-12-20T01:12:42.030+0000] {taskinstance.py:1956} INFO - Dependencies all met for dep_context=requeueable deps ti=<TaskInstance: automotivos_raw_silver_gold.spark_raw_silver_gold manual__2025-12-20T01:06:38.919447+00:00 [queued]>
[2025-12-20T01:12:42.030+0000] {taskinstance.py:2170} INFO - Starting attempt 2 of 2
[2025-12-20T01:12:42.037+0000] {taskinstance.py:2191} INFO - Executing <Task(SparkSubmitOperator): spark_raw_silver_gold> on 2025-12-20 01:06:38.919447+00:00
[2025-12-20T01:12:42.041+0000] {standard_task_runner.py:60} INFO - Started process 1106 to run task
[2025-12-20T01:12:42.043+0000] {standard_task_runner.py:87} INFO - Running: ['***', 'tasks', 'run', 'automotivos_raw_silver_gold', 'spark_raw_silver_gold', 'manual__2025-12-20T01:06:38.919447+00:00', '--job-id', '10', '--raw', '--subdir', 'DAGS_FOLDER/automotivos_raw_silver_gold_dag.py', '--cfg-path', '/tmp/tmp9hnxzl2u']
[2025-12-20T01:12:42.044+0000] {standard_task_runner.py:88} INFO - Job 10: Subtask spark_raw_silver_gold
[2025-12-20T01:12:42.070+0000] {task_command.py:423} INFO - Running <TaskInstance: automotivos_raw_silver_gold.spark_raw_silver_gold manual__2025-12-20T01:06:38.919447+00:00 [running]> on host 958ebb8f0229
[2025-12-20T01:12:42.116+0000] {taskinstance.py:2480} INFO - Exporting env vars: AIRFLOW_CTX_DAG_OWNER='***' AIRFLOW_CTX_DAG_ID='automotivos_raw_silver_gold' AIRFLOW_CTX_TASK_ID='spark_raw_silver_gold' AIRFLOW_CTX_EXECUTION_DATE='2025-12-20T01:06:38.919447+00:00' AIRFLOW_CTX_TRY_NUMBER='2' AIRFLOW_CTX_DAG_RUN_ID='manual__2025-12-20T01:06:38.919447+00:00'
[2025-12-20T01:12:42.121+0000] {base.py:83} INFO - Using connection ID 'spark_standalone' for task execution.
[2025-12-20T01:12:42.122+0000] {spark_submit.py:473} INFO - Spark-Submit cmd: spark-submit --master spark://spark-master:7077 --conf spark.master=spark://spark-master:7077 --name arrow-spark --verbose --deploy-mode client /opt/***/spark_jobs/spark_raw_silver_gold_com_hdfs.py
[2025-12-20T01:12:42.751+0000] {spark_submit.py:649} INFO - Using properties file: null
[2025-12-20T01:12:42.804+0000] {spark_submit.py:649} INFO - Parsed arguments:
[2025-12-20T01:12:42.804+0000] {spark_submit.py:649} INFO - master                  spark://spark-master:7077
[2025-12-20T01:12:42.804+0000] {spark_submit.py:649} INFO - remote                  null
[2025-12-20T01:12:42.804+0000] {spark_submit.py:649} INFO - deployMode              client
[2025-12-20T01:12:42.804+0000] {spark_submit.py:649} INFO - executorMemory          null
[2025-12-20T01:12:42.805+0000] {spark_submit.py:649} INFO - executorCores           null
[2025-12-20T01:12:42.805+0000] {spark_submit.py:649} INFO - totalExecutorCores      null
[2025-12-20T01:12:42.805+0000] {spark_submit.py:649} INFO - propertiesFile          null
[2025-12-20T01:12:42.805+0000] {spark_submit.py:649} INFO - driverMemory            null
[2025-12-20T01:12:42.805+0000] {spark_submit.py:649} INFO - driverCores             null
[2025-12-20T01:12:42.805+0000] {spark_submit.py:649} INFO - driverExtraClassPath    null
[2025-12-20T01:12:42.805+0000] {spark_submit.py:649} INFO - driverExtraLibraryPath  null
[2025-12-20T01:12:42.805+0000] {spark_submit.py:649} INFO - driverExtraJavaOptions  null
[2025-12-20T01:12:42.805+0000] {spark_submit.py:649} INFO - supervise               false
[2025-12-20T01:12:42.805+0000] {spark_submit.py:649} INFO - queue                   null
[2025-12-20T01:12:42.805+0000] {spark_submit.py:649} INFO - numExecutors            null
[2025-12-20T01:12:42.806+0000] {spark_submit.py:649} INFO - files                   null
[2025-12-20T01:12:42.806+0000] {spark_submit.py:649} INFO - pyFiles                 null
[2025-12-20T01:12:42.806+0000] {spark_submit.py:649} INFO - archives                null
[2025-12-20T01:12:42.806+0000] {spark_submit.py:649} INFO - mainClass               null
[2025-12-20T01:12:42.806+0000] {spark_submit.py:649} INFO - primaryResource         file:/opt/***/spark_jobs/spark_raw_silver_gold_com_hdfs.py
[2025-12-20T01:12:42.806+0000] {spark_submit.py:649} INFO - name                    arrow-spark
[2025-12-20T01:12:42.806+0000] {spark_submit.py:649} INFO - childArgs               []
[2025-12-20T01:12:42.806+0000] {spark_submit.py:649} INFO - jars                    null
[2025-12-20T01:12:42.806+0000] {spark_submit.py:649} INFO - packages                null
[2025-12-20T01:12:42.806+0000] {spark_submit.py:649} INFO - packagesExclusions      null
[2025-12-20T01:12:42.807+0000] {spark_submit.py:649} INFO - repositories            null
[2025-12-20T01:12:42.807+0000] {spark_submit.py:649} INFO - verbose                 true
[2025-12-20T01:12:42.807+0000] {spark_submit.py:649} INFO - 
[2025-12-20T01:12:42.807+0000] {spark_submit.py:649} INFO - Spark properties used, including those specified through
[2025-12-20T01:12:42.807+0000] {spark_submit.py:649} INFO - --conf and those from the properties file null:
[2025-12-20T01:12:42.807+0000] {spark_submit.py:649} INFO - (spark.master,spark://spark-master:7077)
[2025-12-20T01:12:42.807+0000] {spark_submit.py:649} INFO - 
[2025-12-20T01:12:42.807+0000] {spark_submit.py:649} INFO - 
[2025-12-20T01:12:42.962+0000] {spark_submit.py:649} INFO - Main class:
[2025-12-20T01:12:42.962+0000] {spark_submit.py:649} INFO - org.apache.spark.deploy.PythonRunner
[2025-12-20T01:12:42.962+0000] {spark_submit.py:649} INFO - Arguments:
[2025-12-20T01:12:42.962+0000] {spark_submit.py:649} INFO - file:/opt/***/spark_jobs/spark_raw_silver_gold_com_hdfs.py
[2025-12-20T01:12:42.962+0000] {spark_submit.py:649} INFO - null
[2025-12-20T01:12:42.964+0000] {spark_submit.py:649} INFO - Spark config:
[2025-12-20T01:12:42.964+0000] {spark_submit.py:649} INFO - (spark.app.name,arrow-spark)
[2025-12-20T01:12:42.964+0000] {spark_submit.py:649} INFO - (spark.app.submitTime,1766193162952)
[2025-12-20T01:12:42.964+0000] {spark_submit.py:649} INFO - (spark.master,spark://spark-master:7077)
[2025-12-20T01:12:42.964+0000] {spark_submit.py:649} INFO - (spark.submit.deployMode,client)
[2025-12-20T01:12:42.964+0000] {spark_submit.py:649} INFO - (spark.submit.pyFiles,)
[2025-12-20T01:12:42.964+0000] {spark_submit.py:649} INFO - Classpath elements:
[2025-12-20T01:12:42.965+0000] {spark_submit.py:649} INFO - 
[2025-12-20T01:12:42.965+0000] {spark_submit.py:649} INFO - 
[2025-12-20T01:12:42.965+0000] {spark_submit.py:649} INFO - 
[2025-12-20T01:12:43.391+0000] {spark_submit.py:649} INFO - 25/12/20 01:12:43 INFO SparkContext: Running Spark version 3.4.3
[2025-12-20T01:12:43.421+0000] {spark_submit.py:649} INFO - 25/12/20 01:12:43 WARN NativeCodeLoader: Unable to load native-hadoop library for your platform... using builtin-java classes where applicable
[2025-12-20T01:12:43.466+0000] {spark_submit.py:649} INFO - 25/12/20 01:12:43 INFO ResourceUtils: ==============================================================
[2025-12-20T01:12:43.466+0000] {spark_submit.py:649} INFO - 25/12/20 01:12:43 INFO ResourceUtils: No custom resources configured for spark.driver.
[2025-12-20T01:12:43.466+0000] {spark_submit.py:649} INFO - 25/12/20 01:12:43 INFO ResourceUtils: ==============================================================
[2025-12-20T01:12:43.467+0000] {spark_submit.py:649} INFO - 25/12/20 01:12:43 INFO SparkContext: Submitted application: Automotivos-RAW-SILVER-GOLD
[2025-12-20T01:12:43.481+0000] {spark_submit.py:649} INFO - 25/12/20 01:12:43 INFO ResourceProfile: Default ResourceProfile created, executor resources: Map(memory -> name: memory, amount: 1024, script: , vendor: , offHeap -> name: offHeap, amount: 0, script: , vendor: ), task resources: Map(cpus -> name: cpus, amount: 1.0)
[2025-12-20T01:12:43.487+0000] {spark_submit.py:649} INFO - 25/12/20 01:12:43 INFO ResourceProfile: Limiting resource is cpu
[2025-12-20T01:12:43.487+0000] {spark_submit.py:649} INFO - 25/12/20 01:12:43 INFO ResourceProfileManager: Added ResourceProfile id: 0
[2025-12-20T01:12:43.519+0000] {spark_submit.py:649} INFO - 25/12/20 01:12:43 INFO SecurityManager: Changing view acls to: ***
[2025-12-20T01:12:43.519+0000] {spark_submit.py:649} INFO - 25/12/20 01:12:43 INFO SecurityManager: Changing modify acls to: ***
[2025-12-20T01:12:43.519+0000] {spark_submit.py:649} INFO - 25/12/20 01:12:43 INFO SecurityManager: Changing view acls groups to:
[2025-12-20T01:12:43.519+0000] {spark_submit.py:649} INFO - 25/12/20 01:12:43 INFO SecurityManager: Changing modify acls groups to:
[2025-12-20T01:12:43.520+0000] {spark_submit.py:649} INFO - 25/12/20 01:12:43 INFO SecurityManager: SecurityManager: authentication disabled; ui acls disabled; users with view permissions: ***; groups with view permissions: EMPTY; users with modify permissions: ***; groups with modify permissions: EMPTY
[2025-12-20T01:12:43.623+0000] {spark_submit.py:649} INFO - 25/12/20 01:12:43 INFO Utils: Successfully started service 'sparkDriver' on port 39407.
[2025-12-20T01:12:43.635+0000] {spark_submit.py:649} INFO - 25/12/20 01:12:43 INFO SparkEnv: Registering MapOutputTracker
[2025-12-20T01:12:43.651+0000] {spark_submit.py:649} INFO - 25/12/20 01:12:43 INFO SparkEnv: Registering BlockManagerMaster
[2025-12-20T01:12:43.660+0000] {spark_submit.py:649} INFO - 25/12/20 01:12:43 INFO BlockManagerMasterEndpoint: Using org.apache.spark.storage.DefaultTopologyMapper for getting topology information
[2025-12-20T01:12:43.660+0000] {spark_submit.py:649} INFO - 25/12/20 01:12:43 INFO BlockManagerMasterEndpoint: BlockManagerMasterEndpoint up
[2025-12-20T01:12:43.661+0000] {spark_submit.py:649} INFO - 25/12/20 01:12:43 INFO SparkEnv: Registering BlockManagerMasterHeartbeat
[2025-12-20T01:12:43.670+0000] {spark_submit.py:649} INFO - 25/12/20 01:12:43 INFO DiskBlockManager: Created local directory at /tmp/blockmgr-16d00d5d-b868-4dab-80a8-286d6e252af8
[2025-12-20T01:12:43.678+0000] {spark_submit.py:649} INFO - 25/12/20 01:12:43 INFO MemoryStore: MemoryStore started with capacity 434.4 MiB
[2025-12-20T01:12:43.688+0000] {spark_submit.py:649} INFO - 25/12/20 01:12:43 INFO SparkEnv: Registering OutputCommitCoordinator
[2025-12-20T01:12:43.748+0000] {spark_submit.py:649} INFO - 25/12/20 01:12:43 INFO JettyUtils: Start Jetty 0.0.0.0:4040 for SparkUI
[2025-12-20T01:12:43.774+0000] {spark_submit.py:649} INFO - 25/12/20 01:12:43 INFO Utils: Successfully started service 'SparkUI' on port 4040.
[2025-12-20T01:12:43.826+0000] {spark_submit.py:649} INFO - 25/12/20 01:12:43 INFO StandaloneAppClient$ClientEndpoint: Connecting to master spark://spark-master:7077...
[2025-12-20T01:12:43.848+0000] {spark_submit.py:649} INFO - 25/12/20 01:12:43 WARN StandaloneAppClient$ClientEndpoint: Failed to connect to master spark-master:7077
[2025-12-20T01:12:43.848+0000] {spark_submit.py:649} INFO - org.apache.spark.SparkException: Exception thrown in awaitResult:
[2025-12-20T01:12:43.848+0000] {spark_submit.py:649} INFO - at org.apache.spark.util.ThreadUtils$.awaitResult(ThreadUtils.scala:322)
[2025-12-20T01:12:43.848+0000] {spark_submit.py:649} INFO - at org.apache.spark.rpc.RpcTimeout.awaitResult(RpcTimeout.scala:75)
[2025-12-20T01:12:43.848+0000] {spark_submit.py:649} INFO - at org.apache.spark.rpc.RpcEnv.setupEndpointRefByURI(RpcEnv.scala:102)
[2025-12-20T01:12:43.849+0000] {spark_submit.py:649} INFO - at org.apache.spark.rpc.RpcEnv.setupEndpointRef(RpcEnv.scala:110)
[2025-12-20T01:12:43.849+0000] {spark_submit.py:649} INFO - at org.apache.spark.deploy.client.StandaloneAppClient$ClientEndpoint$$anon$1.run(StandaloneAppClient.scala:108)
[2025-12-20T01:12:43.849+0000] {spark_submit.py:649} INFO - at java.base/java.util.concurrent.Executors$RunnableAdapter.call(Executors.java:539)
[2025-12-20T01:12:43.849+0000] {spark_submit.py:649} INFO - at java.base/java.util.concurrent.FutureTask.run(FutureTask.java:264)
[2025-12-20T01:12:43.849+0000] {spark_submit.py:649} INFO - at java.base/java.util.concurrent.ThreadPoolExecutor.runWorker(ThreadPoolExecutor.java:1136)
[2025-12-20T01:12:43.849+0000] {spark_submit.py:649} INFO - at java.base/java.util.concurrent.ThreadPoolExecutor$Worker.run(ThreadPoolExecutor.java:635)
[2025-12-20T01:12:43.849+0000] {spark_submit.py:649} INFO - at java.base/java.lang.Thread.run(Thread.java:840)
[2025-12-20T01:12:43.849+0000] {spark_submit.py:649} INFO - Caused by: java.io.IOException: Failed to connect to spark-master/<unresolved>:7077
[2025-12-20T01:12:43.849+0000] {spark_submit.py:649} INFO - at org.apache.spark.network.client.TransportClientFactory.createClient(TransportClientFactory.java:294)
[2025-12-20T01:12:43.849+0000] {spark_submit.py:649} INFO - at org.apache.spark.network.client.TransportClientFactory.createClient(TransportClientFactory.java:214)
[2025-12-20T01:12:43.849+0000] {spark_submit.py:649} INFO - at org.apache.spark.network.client.TransportClientFactory.createClient(TransportClientFactory.java:226)
[2025-12-20T01:12:43.850+0000] {spark_submit.py:649} INFO - at org.apache.spark.rpc.netty.NettyRpcEnv.createClient(NettyRpcEnv.scala:204)
[2025-12-20T01:12:43.850+0000] {spark_submit.py:649} INFO - at org.apache.spark.rpc.netty.Outbox$$anon$1.call(Outbox.scala:202)
[2025-12-20T01:12:43.850+0000] {spark_submit.py:649} INFO - at org.apache.spark.rpc.netty.Outbox$$anon$1.call(Outbox.scala:198)
[2025-12-20T01:12:43.850+0000] {spark_submit.py:649} INFO - ... 4 more
[2025-12-20T01:12:43.850+0000] {spark_submit.py:649} INFO - Caused by: java.net.UnknownHostException: spark-master
[2025-12-20T01:12:43.850+0000] {spark_submit.py:649} INFO - at java.base/java.net.InetAddress$CachedAddresses.get(InetAddress.java:801)
[2025-12-20T01:12:43.850+0000] {spark_submit.py:649} INFO - at java.base/java.net.InetAddress.getAllByName0(InetAddress.java:1533)
[2025-12-20T01:12:43.850+0000] {spark_submit.py:649} INFO - at java.base/java.net.InetAddress.getAllByName(InetAddress.java:1385)
[2025-12-20T01:12:43.850+0000] {spark_submit.py:649} INFO - at java.base/java.net.InetAddress.getAllByName(InetAddress.java:1306)
[2025-12-20T01:12:43.850+0000] {spark_submit.py:649} INFO - at java.base/java.net.InetAddress.getByName(InetAddress.java:1256)
[2025-12-20T01:12:43.850+0000] {spark_submit.py:649} INFO - at io.netty.util.internal.SocketUtils$8.run(SocketUtils.java:156)
[2025-12-20T01:12:43.851+0000] {spark_submit.py:649} INFO - at io.netty.util.internal.SocketUtils$8.run(SocketUtils.java:153)
[2025-12-20T01:12:43.851+0000] {spark_submit.py:649} INFO - at java.base/java.security.AccessController.doPrivileged(AccessController.java:569)
[2025-12-20T01:12:43.851+0000] {spark_submit.py:649} INFO - at io.netty.util.internal.SocketUtils.addressByName(SocketUtils.java:153)
[2025-12-20T01:12:43.851+0000] {spark_submit.py:649} INFO - at io.netty.resolver.DefaultNameResolver.doResolve(DefaultNameResolver.java:41)
[2025-12-20T01:12:43.851+0000] {spark_submit.py:649} INFO - at io.netty.resolver.SimpleNameResolver.resolve(SimpleNameResolver.java:61)
[2025-12-20T01:12:43.851+0000] {spark_submit.py:649} INFO - at io.netty.resolver.SimpleNameResolver.resolve(SimpleNameResolver.java:53)
[2025-12-20T01:12:43.851+0000] {spark_submit.py:649} INFO - at io.netty.resolver.InetSocketAddressResolver.doResolve(InetSocketAddressResolver.java:55)
[2025-12-20T01:12:43.851+0000] {spark_submit.py:649} INFO - at io.netty.resolver.InetSocketAddressResolver.doResolve(InetSocketAddressResolver.java:31)
[2025-12-20T01:12:43.851+0000] {spark_submit.py:649} INFO - at io.netty.resolver.AbstractAddressResolver.resolve(AbstractAddressResolver.java:106)
[2025-12-20T01:12:43.851+0000] {spark_submit.py:649} INFO - at io.netty.bootstrap.Bootstrap.doResolveAndConnect0(Bootstrap.java:206)
[2025-12-20T01:12:43.851+0000] {spark_submit.py:649} INFO - at io.netty.bootstrap.Bootstrap.access$000(Bootstrap.java:46)
[2025-12-20T01:12:43.852+0000] {spark_submit.py:649} INFO - at io.netty.bootstrap.Bootstrap$1.operationComplete(Bootstrap.java:180)
[2025-12-20T01:12:43.852+0000] {spark_submit.py:649} INFO - at io.netty.bootstrap.Bootstrap$1.operationComplete(Bootstrap.java:166)
[2025-12-20T01:12:43.852+0000] {spark_submit.py:649} INFO - at io.netty.util.concurrent.DefaultPromise.notifyListener0(DefaultPromise.java:590)
[2025-12-20T01:12:43.852+0000] {spark_submit.py:649} INFO - at io.netty.util.concurrent.DefaultPromise.notifyListenersNow(DefaultPromise.java:557)
[2025-12-20T01:12:43.852+0000] {spark_submit.py:649} INFO - at io.netty.util.concurrent.DefaultPromise.notifyListeners(DefaultPromise.java:492)
[2025-12-20T01:12:43.852+0000] {spark_submit.py:649} INFO - at io.netty.util.concurrent.DefaultPromise.setValue0(DefaultPromise.java:636)
[2025-12-20T01:12:43.852+0000] {spark_submit.py:649} INFO - at io.netty.util.concurrent.DefaultPromise.setSuccess0(DefaultPromise.java:625)
[2025-12-20T01:12:43.852+0000] {spark_submit.py:649} INFO - at io.netty.util.concurrent.DefaultPromise.trySuccess(DefaultPromise.java:105)
[2025-12-20T01:12:43.852+0000] {spark_submit.py:649} INFO - at io.netty.channel.DefaultChannelPromise.trySuccess(DefaultChannelPromise.java:84)
[2025-12-20T01:12:43.852+0000] {spark_submit.py:649} INFO - at io.netty.channel.AbstractChannel$AbstractUnsafe.safeSetSuccess(AbstractChannel.java:990)
[2025-12-20T01:12:43.853+0000] {spark_submit.py:649} INFO - at io.netty.channel.AbstractChannel$AbstractUnsafe.register0(AbstractChannel.java:516)
[2025-12-20T01:12:43.853+0000] {spark_submit.py:649} INFO - at io.netty.channel.AbstractChannel$AbstractUnsafe.access$200(AbstractChannel.java:429)
[2025-12-20T01:12:43.853+0000] {spark_submit.py:649} INFO - at io.netty.channel.AbstractChannel$AbstractUnsafe$1.run(AbstractChannel.java:486)
[2025-12-20T01:12:43.853+0000] {spark_submit.py:649} INFO - at io.netty.util.concurrent.AbstractEventExecutor.runTask(AbstractEventExecutor.java:174)
[2025-12-20T01:12:43.853+0000] {spark_submit.py:649} INFO - at io.netty.util.concurrent.AbstractEventExecutor.safeExecute(AbstractEventExecutor.java:167)
[2025-12-20T01:12:43.853+0000] {spark_submit.py:649} INFO - at io.netty.util.concurrent.SingleThreadEventExecutor.runAllTasks(SingleThreadEventExecutor.java:470)
[2025-12-20T01:12:43.853+0000] {spark_submit.py:649} INFO - at io.netty.channel.nio.NioEventLoop.run(NioEventLoop.java:569)
[2025-12-20T01:12:43.853+0000] {spark_submit.py:649} INFO - at io.netty.util.concurrent.SingleThreadEventExecutor$4.run(SingleThreadEventExecutor.java:997)
[2025-12-20T01:12:43.853+0000] {spark_submit.py:649} INFO - at io.netty.util.internal.ThreadExecutorMap$2.run(ThreadExecutorMap.java:74)
[2025-12-20T01:12:43.853+0000] {spark_submit.py:649} INFO - at io.netty.util.concurrent.FastThreadLocalRunnable.run(FastThreadLocalRunnable.java:30)
[2025-12-20T01:12:43.853+0000] {spark_submit.py:649} INFO - ... 1 more
[2025-12-20T01:13:03.826+0000] {spark_submit.py:649} INFO - 25/12/20 01:13:03 INFO StandaloneAppClient$ClientEndpoint: Connecting to master spark://spark-master:7077...
[2025-12-20T01:13:03.829+0000] {spark_submit.py:649} INFO - 25/12/20 01:13:03 WARN StandaloneAppClient$ClientEndpoint: Failed to connect to master spark-master:7077
[2025-12-20T01:13:03.829+0000] {spark_submit.py:649} INFO - org.apache.spark.SparkException: Exception thrown in awaitResult:
[2025-12-20T01:13:03.830+0000] {spark_submit.py:649} INFO - at org.apache.spark.util.ThreadUtils$.awaitResult(ThreadUtils.scala:322)
[2025-12-20T01:13:03.830+0000] {spark_submit.py:649} INFO - at org.apache.spark.rpc.RpcTimeout.awaitResult(RpcTimeout.scala:75)
[2025-12-20T01:13:03.830+0000] {spark_submit.py:649} INFO - at org.apache.spark.rpc.RpcEnv.setupEndpointRefByURI(RpcEnv.scala:102)
[2025-12-20T01:13:03.830+0000] {spark_submit.py:649} INFO - at org.apache.spark.rpc.RpcEnv.setupEndpointRef(RpcEnv.scala:110)
[2025-12-20T01:13:03.830+0000] {spark_submit.py:649} INFO - at org.apache.spark.deploy.client.StandaloneAppClient$ClientEndpoint$$anon$1.run(StandaloneAppClient.scala:108)
[2025-12-20T01:13:03.830+0000] {spark_submit.py:649} INFO - at java.base/java.util.concurrent.Executors$RunnableAdapter.call(Executors.java:539)
[2025-12-20T01:13:03.830+0000] {spark_submit.py:649} INFO - at java.base/java.util.concurrent.FutureTask.run(FutureTask.java:264)
[2025-12-20T01:13:03.830+0000] {spark_submit.py:649} INFO - at java.base/java.util.concurrent.ThreadPoolExecutor.runWorker(ThreadPoolExecutor.java:1136)
[2025-12-20T01:13:03.830+0000] {spark_submit.py:649} INFO - at java.base/java.util.concurrent.ThreadPoolExecutor$Worker.run(ThreadPoolExecutor.java:635)
[2025-12-20T01:13:03.830+0000] {spark_submit.py:649} INFO - at java.base/java.lang.Thread.run(Thread.java:840)
[2025-12-20T01:13:03.830+0000] {spark_submit.py:649} INFO - Caused by: java.io.IOException: Failed to connect to spark-master/<unresolved>:7077
[2025-12-20T01:13:03.831+0000] {spark_submit.py:649} INFO - at org.apache.spark.network.client.TransportClientFactory.createClient(TransportClientFactory.java:294)
[2025-12-20T01:13:03.831+0000] {spark_submit.py:649} INFO - at org.apache.spark.network.client.TransportClientFactory.createClient(TransportClientFactory.java:214)
[2025-12-20T01:13:03.831+0000] {spark_submit.py:649} INFO - at org.apache.spark.network.client.TransportClientFactory.createClient(TransportClientFactory.java:226)
[2025-12-20T01:13:03.831+0000] {spark_submit.py:649} INFO - at org.apache.spark.rpc.netty.NettyRpcEnv.createClient(NettyRpcEnv.scala:204)
[2025-12-20T01:13:03.831+0000] {spark_submit.py:649} INFO - at org.apache.spark.rpc.netty.Outbox$$anon$1.call(Outbox.scala:202)
[2025-12-20T01:13:03.831+0000] {spark_submit.py:649} INFO - at org.apache.spark.rpc.netty.Outbox$$anon$1.call(Outbox.scala:198)
[2025-12-20T01:13:03.831+0000] {spark_submit.py:649} INFO - ... 4 more
[2025-12-20T01:13:03.831+0000] {spark_submit.py:649} INFO - Caused by: java.net.UnknownHostException: spark-master
[2025-12-20T01:13:03.831+0000] {spark_submit.py:649} INFO - at java.base/java.net.InetAddress$CachedAddresses.get(InetAddress.java:801)
[2025-12-20T01:13:03.831+0000] {spark_submit.py:649} INFO - at java.base/java.net.InetAddress.getAllByName0(InetAddress.java:1533)
[2025-12-20T01:13:03.831+0000] {spark_submit.py:649} INFO - at java.base/java.net.InetAddress.getAllByName(InetAddress.java:1385)
[2025-12-20T01:13:03.831+0000] {spark_submit.py:649} INFO - at java.base/java.net.InetAddress.getAllByName(InetAddress.java:1306)
[2025-12-20T01:13:03.832+0000] {spark_submit.py:649} INFO - at java.base/java.net.InetAddress.getByName(InetAddress.java:1256)
[2025-12-20T01:13:03.832+0000] {spark_submit.py:649} INFO - at io.netty.util.internal.SocketUtils$8.run(SocketUtils.java:156)
[2025-12-20T01:13:03.832+0000] {spark_submit.py:649} INFO - at io.netty.util.internal.SocketUtils$8.run(SocketUtils.java:153)
[2025-12-20T01:13:03.832+0000] {spark_submit.py:649} INFO - at java.base/java.security.AccessController.doPrivileged(AccessController.java:569)
[2025-12-20T01:13:03.832+0000] {spark_submit.py:649} INFO - at io.netty.util.internal.SocketUtils.addressByName(SocketUtils.java:153)
[2025-12-20T01:13:03.832+0000] {spark_submit.py:649} INFO - at io.netty.resolver.DefaultNameResolver.doResolve(DefaultNameResolver.java:41)
[2025-12-20T01:13:03.832+0000] {spark_submit.py:649} INFO - at io.netty.resolver.SimpleNameResolver.resolve(SimpleNameResolver.java:61)
[2025-12-20T01:13:03.832+0000] {spark_submit.py:649} INFO - at io.netty.resolver.SimpleNameResolver.resolve(SimpleNameResolver.java:53)
[2025-12-20T01:13:03.832+0000] {spark_submit.py:649} INFO - at io.netty.resolver.InetSocketAddressResolver.doResolve(InetSocketAddressResolver.java:55)
[2025-12-20T01:13:03.832+0000] {spark_submit.py:649} INFO - at io.netty.resolver.InetSocketAddressResolver.doResolve(InetSocketAddressResolver.java:31)
[2025-12-20T01:13:03.832+0000] {spark_submit.py:649} INFO - at io.netty.resolver.AbstractAddressResolver.resolve(AbstractAddressResolver.java:106)
[2025-12-20T01:13:03.833+0000] {spark_submit.py:649} INFO - at io.netty.bootstrap.Bootstrap.doResolveAndConnect0(Bootstrap.java:206)
[2025-12-20T01:13:03.833+0000] {spark_submit.py:649} INFO - at io.netty.bootstrap.Bootstrap.access$000(Bootstrap.java:46)
[2025-12-20T01:13:03.833+0000] {spark_submit.py:649} INFO - at io.netty.bootstrap.Bootstrap$1.operationComplete(Bootstrap.java:180)
[2025-12-20T01:13:03.833+0000] {spark_submit.py:649} INFO - at io.netty.bootstrap.Bootstrap$1.operationComplete(Bootstrap.java:166)
[2025-12-20T01:13:03.833+0000] {spark_submit.py:649} INFO - at io.netty.util.concurrent.DefaultPromise.notifyListener0(DefaultPromise.java:590)
[2025-12-20T01:13:03.833+0000] {spark_submit.py:649} INFO - at io.netty.util.concurrent.DefaultPromise.notifyListenersNow(DefaultPromise.java:557)
[2025-12-20T01:13:03.833+0000] {spark_submit.py:649} INFO - at io.netty.util.concurrent.DefaultPromise.notifyListeners(DefaultPromise.java:492)
[2025-12-20T01:13:03.833+0000] {spark_submit.py:649} INFO - at io.netty.util.concurrent.DefaultPromise.setValue0(DefaultPromise.java:636)
[2025-12-20T01:13:03.833+0000] {spark_submit.py:649} INFO - at io.netty.util.concurrent.DefaultPromise.setSuccess0(DefaultPromise.java:625)
[2025-12-20T01:13:03.833+0000] {spark_submit.py:649} INFO - at io.netty.util.concurrent.DefaultPromise.trySuccess(DefaultPromise.java:105)
[2025-12-20T01:13:03.833+0000] {spark_submit.py:649} INFO - at io.netty.channel.DefaultChannelPromise.trySuccess(DefaultChannelPromise.java:84)
[2025-12-20T01:13:03.833+0000] {spark_submit.py:649} INFO - at io.netty.channel.AbstractChannel$AbstractUnsafe.safeSetSuccess(AbstractChannel.java:990)
[2025-12-20T01:13:03.834+0000] {spark_submit.py:649} INFO - at io.netty.channel.AbstractChannel$AbstractUnsafe.register0(AbstractChannel.java:516)
[2025-12-20T01:13:03.834+0000] {spark_submit.py:649} INFO - at io.netty.channel.AbstractChannel$AbstractUnsafe.access$200(AbstractChannel.java:429)
[2025-12-20T01:13:03.834+0000] {spark_submit.py:649} INFO - at io.netty.channel.AbstractChannel$AbstractUnsafe$1.run(AbstractChannel.java:486)
[2025-12-20T01:13:03.834+0000] {spark_submit.py:649} INFO - at io.netty.util.concurrent.AbstractEventExecutor.runTask(AbstractEventExecutor.java:174)
[2025-12-20T01:13:03.834+0000] {spark_submit.py:649} INFO - at io.netty.util.concurrent.AbstractEventExecutor.safeExecute(AbstractEventExecutor.java:167)
[2025-12-20T01:13:03.834+0000] {spark_submit.py:649} INFO - at io.netty.util.concurrent.SingleThreadEventExecutor.runAllTasks(SingleThreadEventExecutor.java:470)
[2025-12-20T01:13:03.834+0000] {spark_submit.py:649} INFO - at io.netty.channel.nio.NioEventLoop.run(NioEventLoop.java:569)
[2025-12-20T01:13:03.834+0000] {spark_submit.py:649} INFO - at io.netty.util.concurrent.SingleThreadEventExecutor$4.run(SingleThreadEventExecutor.java:997)
[2025-12-20T01:13:03.834+0000] {spark_submit.py:649} INFO - at io.netty.util.internal.ThreadExecutorMap$2.run(ThreadExecutorMap.java:74)
[2025-12-20T01:13:03.834+0000] {spark_submit.py:649} INFO - at io.netty.util.concurrent.FastThreadLocalRunnable.run(FastThreadLocalRunnable.java:30)
[2025-12-20T01:13:03.834+0000] {spark_submit.py:649} INFO - ... 1 more
[2025-12-20T01:13:23.826+0000] {spark_submit.py:649} INFO - 25/12/20 01:13:23 INFO StandaloneAppClient$ClientEndpoint: Connecting to master spark://spark-master:7077...
[2025-12-20T01:13:23.829+0000] {spark_submit.py:649} INFO - 25/12/20 01:13:23 WARN StandaloneAppClient$ClientEndpoint: Failed to connect to master spark-master:7077
[2025-12-20T01:13:23.829+0000] {spark_submit.py:649} INFO - org.apache.spark.SparkException: Exception thrown in awaitResult:
[2025-12-20T01:13:23.829+0000] {spark_submit.py:649} INFO - at org.apache.spark.util.ThreadUtils$.awaitResult(ThreadUtils.scala:322)
[2025-12-20T01:13:23.830+0000] {spark_submit.py:649} INFO - at org.apache.spark.rpc.RpcTimeout.awaitResult(RpcTimeout.scala:75)
[2025-12-20T01:13:23.830+0000] {spark_submit.py:649} INFO - at org.apache.spark.rpc.RpcEnv.setupEndpointRefByURI(RpcEnv.scala:102)
[2025-12-20T01:13:23.830+0000] {spark_submit.py:649} INFO - at org.apache.spark.rpc.RpcEnv.setupEndpointRef(RpcEnv.scala:110)
[2025-12-20T01:13:23.830+0000] {spark_submit.py:649} INFO - at org.apache.spark.deploy.client.StandaloneAppClient$ClientEndpoint$$anon$1.run(StandaloneAppClient.scala:108)
[2025-12-20T01:13:23.830+0000] {spark_submit.py:649} INFO - at java.base/java.util.concurrent.Executors$RunnableAdapter.call(Executors.java:539)
[2025-12-20T01:13:23.830+0000] {spark_submit.py:649} INFO - at java.base/java.util.concurrent.FutureTask.run(FutureTask.java:264)
[2025-12-20T01:13:23.830+0000] {spark_submit.py:649} INFO - at java.base/java.util.concurrent.ThreadPoolExecutor.runWorker(ThreadPoolExecutor.java:1136)
[2025-12-20T01:13:23.830+0000] {spark_submit.py:649} INFO - at java.base/java.util.concurrent.ThreadPoolExecutor$Worker.run(ThreadPoolExecutor.java:635)
[2025-12-20T01:13:23.830+0000] {spark_submit.py:649} INFO - at java.base/java.lang.Thread.run(Thread.java:840)
[2025-12-20T01:13:23.830+0000] {spark_submit.py:649} INFO - Caused by: java.io.IOException: Failed to connect to spark-master/<unresolved>:7077
[2025-12-20T01:13:23.830+0000] {spark_submit.py:649} INFO - at org.apache.spark.network.client.TransportClientFactory.createClient(TransportClientFactory.java:294)
[2025-12-20T01:13:23.831+0000] {spark_submit.py:649} INFO - at org.apache.spark.network.client.TransportClientFactory.createClient(TransportClientFactory.java:214)
[2025-12-20T01:13:23.831+0000] {spark_submit.py:649} INFO - at org.apache.spark.network.client.TransportClientFactory.createClient(TransportClientFactory.java:226)
[2025-12-20T01:13:23.831+0000] {spark_submit.py:649} INFO - at org.apache.spark.rpc.netty.NettyRpcEnv.createClient(NettyRpcEnv.scala:204)
[2025-12-20T01:13:23.831+0000] {spark_submit.py:649} INFO - at org.apache.spark.rpc.netty.Outbox$$anon$1.call(Outbox.scala:202)
[2025-12-20T01:13:23.831+0000] {spark_submit.py:649} INFO - at org.apache.spark.rpc.netty.Outbox$$anon$1.call(Outbox.scala:198)
[2025-12-20T01:13:23.831+0000] {spark_submit.py:649} INFO - ... 4 more
[2025-12-20T01:13:23.831+0000] {spark_submit.py:649} INFO - Caused by: java.net.UnknownHostException: spark-master
[2025-12-20T01:13:23.831+0000] {spark_submit.py:649} INFO - at java.base/java.net.InetAddress$CachedAddresses.get(InetAddress.java:801)
[2025-12-20T01:13:23.831+0000] {spark_submit.py:649} INFO - at java.base/java.net.InetAddress.getAllByName0(InetAddress.java:1533)
[2025-12-20T01:13:23.831+0000] {spark_submit.py:649} INFO - at java.base/java.net.InetAddress.getAllByName(InetAddress.java:1385)
[2025-12-20T01:13:23.831+0000] {spark_submit.py:649} INFO - at java.base/java.net.InetAddress.getAllByName(InetAddress.java:1306)
[2025-12-20T01:13:23.832+0000] {spark_submit.py:649} INFO - at java.base/java.net.InetAddress.getByName(InetAddress.java:1256)
[2025-12-20T01:13:23.832+0000] {spark_submit.py:649} INFO - at io.netty.util.internal.SocketUtils$8.run(SocketUtils.java:156)
[2025-12-20T01:13:23.832+0000] {spark_submit.py:649} INFO - at io.netty.util.internal.SocketUtils$8.run(SocketUtils.java:153)
[2025-12-20T01:13:23.832+0000] {spark_submit.py:649} INFO - at java.base/java.security.AccessController.doPrivileged(AccessController.java:569)
[2025-12-20T01:13:23.832+0000] {spark_submit.py:649} INFO - at io.netty.util.internal.SocketUtils.addressByName(SocketUtils.java:153)
[2025-12-20T01:13:23.832+0000] {spark_submit.py:649} INFO - at io.netty.resolver.DefaultNameResolver.doResolve(DefaultNameResolver.java:41)
[2025-12-20T01:13:23.832+0000] {spark_submit.py:649} INFO - at io.netty.resolver.SimpleNameResolver.resolve(SimpleNameResolver.java:61)
[2025-12-20T01:13:23.832+0000] {spark_submit.py:649} INFO - at io.netty.resolver.SimpleNameResolver.resolve(SimpleNameResolver.java:53)
[2025-12-20T01:13:23.832+0000] {spark_submit.py:649} INFO - at io.netty.resolver.InetSocketAddressResolver.doResolve(InetSocketAddressResolver.java:55)
[2025-12-20T01:13:23.832+0000] {spark_submit.py:649} INFO - at io.netty.resolver.InetSocketAddressResolver.doResolve(InetSocketAddressResolver.java:31)
[2025-12-20T01:13:23.832+0000] {spark_submit.py:649} INFO - at io.netty.resolver.AbstractAddressResolver.resolve(AbstractAddressResolver.java:106)
[2025-12-20T01:13:23.832+0000] {spark_submit.py:649} INFO - at io.netty.bootstrap.Bootstrap.doResolveAndConnect0(Bootstrap.java:206)
[2025-12-20T01:13:23.833+0000] {spark_submit.py:649} INFO - at io.netty.bootstrap.Bootstrap.access$000(Bootstrap.java:46)
[2025-12-20T01:13:23.833+0000] {spark_submit.py:649} INFO - at io.netty.bootstrap.Bootstrap$1.operationComplete(Bootstrap.java:180)
[2025-12-20T01:13:23.833+0000] {spark_submit.py:649} INFO - at io.netty.bootstrap.Bootstrap$1.operationComplete(Bootstrap.java:166)
[2025-12-20T01:13:23.833+0000] {spark_submit.py:649} INFO - at io.netty.util.concurrent.DefaultPromise.notifyListener0(DefaultPromise.java:590)
[2025-12-20T01:13:23.833+0000] {spark_submit.py:649} INFO - at io.netty.util.concurrent.DefaultPromise.notifyListenersNow(DefaultPromise.java:557)
[2025-12-20T01:13:23.833+0000] {spark_submit.py:649} INFO - at io.netty.util.concurrent.DefaultPromise.notifyListeners(DefaultPromise.java:492)
[2025-12-20T01:13:23.833+0000] {spark_submit.py:649} INFO - at io.netty.util.concurrent.DefaultPromise.setValue0(DefaultPromise.java:636)
[2025-12-20T01:13:23.833+0000] {spark_submit.py:649} INFO - at io.netty.util.concurrent.DefaultPromise.setSuccess0(DefaultPromise.java:625)
[2025-12-20T01:13:23.833+0000] {spark_submit.py:649} INFO - at io.netty.util.concurrent.DefaultPromise.trySuccess(DefaultPromise.java:105)
[2025-12-20T01:13:23.833+0000] {spark_submit.py:649} INFO - at io.netty.channel.DefaultChannelPromise.trySuccess(DefaultChannelPromise.java:84)
[2025-12-20T01:13:23.833+0000] {spark_submit.py:649} INFO - at io.netty.channel.AbstractChannel$AbstractUnsafe.safeSetSuccess(AbstractChannel.java:990)
[2025-12-20T01:13:23.834+0000] {spark_submit.py:649} INFO - at io.netty.channel.AbstractChannel$AbstractUnsafe.register0(AbstractChannel.java:516)
[2025-12-20T01:13:23.834+0000] {spark_submit.py:649} INFO - at io.netty.channel.AbstractChannel$AbstractUnsafe.access$200(AbstractChannel.java:429)
[2025-12-20T01:13:23.834+0000] {spark_submit.py:649} INFO - at io.netty.channel.AbstractChannel$AbstractUnsafe$1.run(AbstractChannel.java:486)
[2025-12-20T01:13:23.834+0000] {spark_submit.py:649} INFO - at io.netty.util.concurrent.AbstractEventExecutor.runTask(AbstractEventExecutor.java:174)
[2025-12-20T01:13:23.834+0000] {spark_submit.py:649} INFO - at io.netty.util.concurrent.AbstractEventExecutor.safeExecute(AbstractEventExecutor.java:167)
[2025-12-20T01:13:23.834+0000] {spark_submit.py:649} INFO - at io.netty.util.concurrent.SingleThreadEventExecutor.runAllTasks(SingleThreadEventExecutor.java:470)
[2025-12-20T01:13:23.834+0000] {spark_submit.py:649} INFO - at io.netty.channel.nio.NioEventLoop.run(NioEventLoop.java:569)
[2025-12-20T01:13:23.834+0000] {spark_submit.py:649} INFO - at io.netty.util.concurrent.SingleThreadEventExecutor$4.run(SingleThreadEventExecutor.java:997)
[2025-12-20T01:13:23.834+0000] {spark_submit.py:649} INFO - at io.netty.util.internal.ThreadExecutorMap$2.run(ThreadExecutorMap.java:74)
[2025-12-20T01:13:23.834+0000] {spark_submit.py:649} INFO - at io.netty.util.concurrent.FastThreadLocalRunnable.run(FastThreadLocalRunnable.java:30)
[2025-12-20T01:13:23.834+0000] {spark_submit.py:649} INFO - ... 1 more
[2025-12-20T01:13:43.827+0000] {spark_submit.py:649} INFO - 25/12/20 01:13:43 WARN StandaloneSchedulerBackend: Application ID is not initialized yet.
[2025-12-20T01:13:43.827+0000] {spark_submit.py:649} INFO - 25/12/20 01:13:43 ERROR StandaloneSchedulerBackend: Application has been killed. Reason: All masters are unresponsive! Giving up.
[2025-12-20T01:13:43.830+0000] {spark_submit.py:649} INFO - 25/12/20 01:13:43 INFO Utils: Successfully started service 'org.apache.spark.network.netty.NettyBlockTransferService' on port 39715.
[2025-12-20T01:13:43.830+0000] {spark_submit.py:649} INFO - 25/12/20 01:13:43 INFO NettyBlockTransferService: Server created on 958ebb8f0229:39715
[2025-12-20T01:13:43.831+0000] {spark_submit.py:649} INFO - 25/12/20 01:13:43 INFO BlockManager: Using org.apache.spark.storage.RandomBlockReplicationPolicy for block replication policy
[2025-12-20T01:13:43.834+0000] {spark_submit.py:649} INFO - 25/12/20 01:13:43 INFO BlockManagerMaster: Registering BlockManager BlockManagerId(driver, 958ebb8f0229, 39715, None)
[2025-12-20T01:13:43.836+0000] {spark_submit.py:649} INFO - 25/12/20 01:13:43 INFO BlockManagerMasterEndpoint: Registering block manager 958ebb8f0229:39715 with 434.4 MiB RAM, BlockManagerId(driver, 958ebb8f0229, 39715, None)
[2025-12-20T01:13:43.837+0000] {spark_submit.py:649} INFO - 25/12/20 01:13:43 INFO BlockManagerMaster: Registered BlockManager BlockManagerId(driver, 958ebb8f0229, 39715, None)
[2025-12-20T01:13:43.837+0000] {spark_submit.py:649} INFO - 25/12/20 01:13:43 INFO BlockManager: Initialized BlockManager: BlockManagerId(driver, 958ebb8f0229, 39715, None)
[2025-12-20T01:13:43.917+0000] {spark_submit.py:649} INFO - 25/12/20 01:13:43 INFO StandaloneSchedulerBackend: SchedulerBackend is ready for scheduling beginning after reached minRegisteredResourcesRatio: 0.0
[2025-12-20T01:13:44.020+0000] {spark_submit.py:649} INFO - 25/12/20 01:13:44 INFO SharedState: Setting hive.metastore.warehouse.dir ('null') to the value of spark.sql.warehouse.dir.
[2025-12-20T01:13:44.024+0000] {spark_submit.py:649} INFO - 25/12/20 01:13:44 INFO SharedState: Warehouse path is 'file:/opt/***/spark-warehouse'.
[2025-12-20T01:13:44.033+0000] {spark_submit.py:649} INFO - 25/12/20 01:13:44 INFO SparkContext: SparkContext is stopping with exitCode 0.
[2025-12-20T01:13:44.038+0000] {spark_submit.py:649} INFO - 25/12/20 01:13:44 INFO SparkUI: Stopped Spark web UI at http://958ebb8f0229:4040
[2025-12-20T01:13:44.040+0000] {spark_submit.py:649} INFO - 25/12/20 01:13:44 INFO StandaloneSchedulerBackend: Shutting down all executors
[2025-12-20T01:13:44.041+0000] {spark_submit.py:649} INFO - 25/12/20 01:13:44 INFO StandaloneSchedulerBackend$StandaloneDriverEndpoint: Asking each executor to shut down
[2025-12-20T01:13:44.044+0000] {spark_submit.py:649} INFO - 25/12/20 01:13:44 WARN StandaloneAppClient$ClientEndpoint: Drop UnregisterApplication(null) because has not yet connected to master
[2025-12-20T01:13:44.048+0000] {spark_submit.py:649} INFO - 25/12/20 01:13:44 INFO MapOutputTrackerMasterEndpoint: MapOutputTrackerMasterEndpoint stopped!
[2025-12-20T01:13:44.056+0000] {spark_submit.py:649} INFO - 25/12/20 01:13:44 INFO MemoryStore: MemoryStore cleared
[2025-12-20T01:13:44.057+0000] {spark_submit.py:649} INFO - 25/12/20 01:13:44 INFO BlockManager: BlockManager stopped
[2025-12-20T01:13:44.059+0000] {spark_submit.py:649} INFO - 25/12/20 01:13:44 INFO BlockManagerMaster: BlockManagerMaster stopped
[2025-12-20T01:13:44.061+0000] {spark_submit.py:649} INFO - 25/12/20 01:13:44 INFO OutputCommitCoordinator$OutputCommitCoordinatorEndpoint: OutputCommitCoordinator stopped!
[2025-12-20T01:13:44.065+0000] {spark_submit.py:649} INFO - 25/12/20 01:13:44 INFO SparkContext: Successfully stopped SparkContext
[2025-12-20T01:13:44.377+0000] {spark_submit.py:649} INFO - 25/12/20 01:13:44 WARN FileSystem: Failed to initialize fileystem hdfs://namenode:9000/data/raw/orders/precos_semestrais_automotivos_2025_01.csv: java.lang.IllegalArgumentException: java.net.UnknownHostException: namenode
[2025-12-20T01:13:44.378+0000] {spark_submit.py:649} INFO - 25/12/20 01:13:44 WARN FileStreamSink: Assume no metadata directory. Error while looking for metadata directory in the path: hdfs://namenode:9000/data/raw/orders/precos_semestrais_automotivos_2025_01.csv.
[2025-12-20T01:13:44.378+0000] {spark_submit.py:649} INFO - java.lang.IllegalArgumentException: java.net.UnknownHostException: namenode
[2025-12-20T01:13:44.378+0000] {spark_submit.py:649} INFO - at org.apache.hadoop.security.SecurityUtil.buildTokenService(SecurityUtil.java:466)
[2025-12-20T01:13:44.379+0000] {spark_submit.py:649} INFO - at org.apache.hadoop.hdfs.NameNodeProxiesClient.createProxyWithClientProtocol(NameNodeProxiesClient.java:134)
[2025-12-20T01:13:44.379+0000] {spark_submit.py:649} INFO - at org.apache.hadoop.hdfs.DFSClient.<init>(DFSClient.java:374)
[2025-12-20T01:13:44.379+0000] {spark_submit.py:649} INFO - at org.apache.hadoop.hdfs.DFSClient.<init>(DFSClient.java:308)
[2025-12-20T01:13:44.379+0000] {spark_submit.py:649} INFO - at org.apache.hadoop.hdfs.DistributedFileSystem.initDFSClient(DistributedFileSystem.java:202)
[2025-12-20T01:13:44.379+0000] {spark_submit.py:649} INFO - at org.apache.hadoop.hdfs.DistributedFileSystem.initialize(DistributedFileSystem.java:187)
[2025-12-20T01:13:44.379+0000] {spark_submit.py:649} INFO - at org.apache.hadoop.fs.FileSystem.createFileSystem(FileSystem.java:3469)
[2025-12-20T01:13:44.379+0000] {spark_submit.py:649} INFO - at org.apache.hadoop.fs.FileSystem.access$300(FileSystem.java:174)
[2025-12-20T01:13:44.379+0000] {spark_submit.py:649} INFO - at org.apache.hadoop.fs.FileSystem$Cache.getInternal(FileSystem.java:3574)
[2025-12-20T01:13:44.379+0000] {spark_submit.py:649} INFO - at org.apache.hadoop.fs.FileSystem$Cache.get(FileSystem.java:3521)
[2025-12-20T01:13:44.380+0000] {spark_submit.py:649} INFO - at org.apache.hadoop.fs.FileSystem.get(FileSystem.java:540)
[2025-12-20T01:13:44.380+0000] {spark_submit.py:649} INFO - at org.apache.hadoop.fs.Path.getFileSystem(Path.java:365)
[2025-12-20T01:13:44.380+0000] {spark_submit.py:649} INFO - at org.apache.spark.sql.execution.streaming.FileStreamSink$.hasMetadata(FileStreamSink.scala:53)
[2025-12-20T01:13:44.380+0000] {spark_submit.py:649} INFO - at org.apache.spark.sql.execution.datasources.DataSource.resolveRelation(DataSource.scala:366)
[2025-12-20T01:13:44.380+0000] {spark_submit.py:649} INFO - at org.apache.spark.sql.DataFrameReader.loadV1Source(DataFrameReader.scala:229)
[2025-12-20T01:13:44.380+0000] {spark_submit.py:649} INFO - at org.apache.spark.sql.DataFrameReader.$anonfun$load$2(DataFrameReader.scala:211)
[2025-12-20T01:13:44.380+0000] {spark_submit.py:649} INFO - at scala.Option.getOrElse(Option.scala:189)
[2025-12-20T01:13:44.380+0000] {spark_submit.py:649} INFO - at org.apache.spark.sql.DataFrameReader.load(DataFrameReader.scala:211)
[2025-12-20T01:13:44.380+0000] {spark_submit.py:649} INFO - at org.apache.spark.sql.DataFrameReader.csv(DataFrameReader.scala:538)
[2025-12-20T01:13:44.381+0000] {spark_submit.py:649} INFO - at java.base/jdk.internal.reflect.NativeMethodAccessorImpl.invoke0(Native Method)
[2025-12-20T01:13:44.381+0000] {spark_submit.py:649} INFO - at java.base/jdk.internal.reflect.NativeMethodAccessorImpl.invoke(NativeMethodAccessorImpl.java:77)
[2025-12-20T01:13:44.381+0000] {spark_submit.py:649} INFO - at java.base/jdk.internal.reflect.DelegatingMethodAccessorImpl.invoke(DelegatingMethodAccessorImpl.java:43)
[2025-12-20T01:13:44.381+0000] {spark_submit.py:649} INFO - at java.base/java.lang.reflect.Method.invoke(Method.java:569)
[2025-12-20T01:13:44.381+0000] {spark_submit.py:649} INFO - at py4j.reflection.MethodInvoker.invoke(MethodInvoker.java:244)
[2025-12-20T01:13:44.381+0000] {spark_submit.py:649} INFO - at py4j.reflection.ReflectionEngine.invoke(ReflectionEngine.java:374)
[2025-12-20T01:13:44.381+0000] {spark_submit.py:649} INFO - at py4j.Gateway.invoke(Gateway.java:282)
[2025-12-20T01:13:44.381+0000] {spark_submit.py:649} INFO - at py4j.commands.AbstractCommand.invokeMethod(AbstractCommand.java:132)
[2025-12-20T01:13:44.381+0000] {spark_submit.py:649} INFO - at py4j.commands.CallCommand.execute(CallCommand.java:79)
[2025-12-20T01:13:44.381+0000] {spark_submit.py:649} INFO - at py4j.ClientServerConnection.waitForCommands(ClientServerConnection.java:182)
[2025-12-20T01:13:44.381+0000] {spark_submit.py:649} INFO - at py4j.ClientServerConnection.run(ClientServerConnection.java:106)
[2025-12-20T01:13:44.381+0000] {spark_submit.py:649} INFO - at java.base/java.lang.Thread.run(Thread.java:840)
[2025-12-20T01:13:44.382+0000] {spark_submit.py:649} INFO - Caused by: java.net.UnknownHostException: namenode
[2025-12-20T01:13:44.382+0000] {spark_submit.py:649} INFO - ... 31 more
[2025-12-20T01:13:44.382+0000] {spark_submit.py:649} INFO - 25/12/20 01:13:44 WARN FileSystem: Failed to initialize fileystem hdfs://namenode:9000/data/raw/orders/precos_semestrais_automotivos_2025_01.csv: java.lang.IllegalArgumentException: java.net.UnknownHostException: namenode
[2025-12-20T01:13:44.397+0000] {spark_submit.py:649} INFO - Traceback (most recent call last):
[2025-12-20T01:13:44.397+0000] {spark_submit.py:649} INFO - File "/opt/***/spark_jobs/spark_raw_silver_gold_com_hdfs.py", line 25, in <module>
[2025-12-20T01:13:44.397+0000] {spark_submit.py:649} INFO - spark.read
[2025-12-20T01:13:44.397+0000] {spark_submit.py:649} INFO - File "/opt/spark-3.4.3-bin-hadoop3/python/lib/pyspark.zip/pyspark/sql/readwriter.py", line 727, in csv
[2025-12-20T01:13:44.397+0000] {spark_submit.py:649} INFO - File "/opt/spark-3.4.3-bin-hadoop3/python/lib/py4j-0.10.9.7-src.zip/py4j/java_gateway.py", line 1322, in __call__
[2025-12-20T01:13:44.398+0000] {spark_submit.py:649} INFO - File "/opt/spark-3.4.3-bin-hadoop3/python/lib/pyspark.zip/pyspark/errors/exceptions/captured.py", line 175, in deco
[2025-12-20T01:13:44.400+0000] {spark_submit.py:649} INFO - pyspark.errors.exceptions.captured.IllegalArgumentException: java.net.UnknownHostException: namenode
[2025-12-20T01:13:44.418+0000] {spark_submit.py:649} INFO - 25/12/20 01:13:44 INFO ShutdownHookManager: Shutdown hook called
[2025-12-20T01:13:44.419+0000] {spark_submit.py:649} INFO - 25/12/20 01:13:44 INFO ShutdownHookManager: Deleting directory /tmp/spark-5f3c17e7-66dd-4373-b465-d28e31fe0078
[2025-12-20T01:13:44.422+0000] {spark_submit.py:649} INFO - 25/12/20 01:13:44 INFO ShutdownHookManager: Deleting directory /tmp/spark-ca2e6e92-69a1-48f0-b0b3-0a1ba2f0bc26
[2025-12-20T01:13:44.425+0000] {spark_submit.py:649} INFO - 25/12/20 01:13:44 INFO ShutdownHookManager: Deleting directory /tmp/spark-ca2e6e92-69a1-48f0-b0b3-0a1ba2f0bc26/pyspark-127a6ec2-e9c3-4b9d-beaf-4a60f3661808
[2025-12-20T01:13:44.463+0000] {taskinstance.py:2698} ERROR - Task failed with exception
Traceback (most recent call last):
  File "/home/airflow/.local/lib/python3.8/site-packages/airflow/models/taskinstance.py", line 433, in _execute_task
    result = execute_callable(context=context, **execute_callable_kwargs)
  File "/home/airflow/.local/lib/python3.8/site-packages/airflow/providers/apache/spark/operators/spark_submit.py", line 176, in execute
    self._hook.submit(self.application)
  File "/home/airflow/.local/lib/python3.8/site-packages/airflow/providers/apache/spark/hooks/spark_submit.py", line 575, in submit
    raise AirflowException(
airflow.exceptions.AirflowException: Cannot execute: spark-submit --master spark://spark-master:7077 --conf spark.master=spark://spark-master:7077 --name arrow-spark --verbose --deploy-mode client /opt/***/spark_jobs/spark_raw_silver_gold_com_hdfs.py. Error code is: 1.
[2025-12-20T01:13:44.464+0000] {taskinstance.py:1138} INFO - Marking task as FAILED. dag_id=automotivos_raw_silver_gold, task_id=spark_raw_silver_gold, execution_date=20251220T010638, start_date=20251220T011242, end_date=20251220T011344
[2025-12-20T01:13:44.478+0000] {standard_task_runner.py:107} ERROR - Failed to execute job 10 for task spark_raw_silver_gold (Cannot execute: spark-submit --master spark://spark-master:7077 --conf spark.master=spark://spark-master:7077 --name arrow-spark --verbose --deploy-mode client /opt/***/spark_jobs/spark_raw_silver_gold_com_hdfs.py. Error code is: 1.; 1106)
[2025-12-20T01:13:44.506+0000] {local_task_job_runner.py:234} INFO - Task exited with return code 1
[2025-12-20T01:13:44.516+0000] {taskinstance.py:3280} INFO - 0 downstream tasks scheduled from follow-on schedule check
