[2025-12-20T01:04:21.239+0000] {taskinstance.py:1956} INFO - Dependencies all met for dep_context=non-requeueable deps ti=<TaskInstance: automotivos_raw_silver_gold.spark_raw_silver_gold manual__2025-12-20T00:59:18.498671+00:00 [queued]>
[2025-12-20T01:04:21.243+0000] {taskinstance.py:1956} INFO - Dependencies all met for dep_context=requeueable deps ti=<TaskInstance: automotivos_raw_silver_gold.spark_raw_silver_gold manual__2025-12-20T00:59:18.498671+00:00 [queued]>
[2025-12-20T01:04:21.243+0000] {taskinstance.py:2170} INFO - Starting attempt 2 of 2
[2025-12-20T01:04:21.250+0000] {taskinstance.py:2191} INFO - Executing <Task(SparkSubmitOperator): spark_raw_silver_gold> on 2025-12-20 00:59:18.498671+00:00
[2025-12-20T01:04:21.255+0000] {standard_task_runner.py:60} INFO - Started process 349 to run task
[2025-12-20T01:04:21.258+0000] {standard_task_runner.py:87} INFO - Running: ['***', 'tasks', 'run', 'automotivos_raw_silver_gold', 'spark_raw_silver_gold', 'manual__2025-12-20T00:59:18.498671+00:00', '--job-id', '7', '--raw', '--subdir', 'DAGS_FOLDER/automotivos_raw_silver_gold_dag.py', '--cfg-path', '/tmp/tmp4p32ciu0']
[2025-12-20T01:04:21.259+0000] {standard_task_runner.py:88} INFO - Job 7: Subtask spark_raw_silver_gold
[2025-12-20T01:04:21.289+0000] {task_command.py:423} INFO - Running <TaskInstance: automotivos_raw_silver_gold.spark_raw_silver_gold manual__2025-12-20T00:59:18.498671+00:00 [running]> on host 958ebb8f0229
[2025-12-20T01:04:21.340+0000] {taskinstance.py:2480} INFO - Exporting env vars: AIRFLOW_CTX_DAG_OWNER='***' AIRFLOW_CTX_DAG_ID='automotivos_raw_silver_gold' AIRFLOW_CTX_TASK_ID='spark_raw_silver_gold' AIRFLOW_CTX_EXECUTION_DATE='2025-12-20T00:59:18.498671+00:00' AIRFLOW_CTX_TRY_NUMBER='2' AIRFLOW_CTX_DAG_RUN_ID='manual__2025-12-20T00:59:18.498671+00:00'
[2025-12-20T01:04:21.346+0000] {base.py:83} INFO - Using connection ID 'spark_standalone' for task execution.
[2025-12-20T01:04:21.347+0000] {spark_submit.py:473} INFO - Spark-Submit cmd: spark-submit --master spark://spark-master:7077 --conf spark.master=spark://spark-master:7077 --name arrow-spark --verbose --deploy-mode client /opt/***/spark_jobs/spark_raw_silver_gold_com_hdfs.py
[2025-12-20T01:04:22.077+0000] {spark_submit.py:649} INFO - Using properties file: null
[2025-12-20T01:04:22.145+0000] {spark_submit.py:649} INFO - Parsed arguments:
[2025-12-20T01:04:22.145+0000] {spark_submit.py:649} INFO - master                  spark://spark-master:7077
[2025-12-20T01:04:22.145+0000] {spark_submit.py:649} INFO - remote                  null
[2025-12-20T01:04:22.145+0000] {spark_submit.py:649} INFO - deployMode              client
[2025-12-20T01:04:22.146+0000] {spark_submit.py:649} INFO - executorMemory          null
[2025-12-20T01:04:22.146+0000] {spark_submit.py:649} INFO - executorCores           null
[2025-12-20T01:04:22.146+0000] {spark_submit.py:649} INFO - totalExecutorCores      null
[2025-12-20T01:04:22.146+0000] {spark_submit.py:649} INFO - propertiesFile          null
[2025-12-20T01:04:22.146+0000] {spark_submit.py:649} INFO - driverMemory            null
[2025-12-20T01:04:22.146+0000] {spark_submit.py:649} INFO - driverCores             null
[2025-12-20T01:04:22.146+0000] {spark_submit.py:649} INFO - driverExtraClassPath    null
[2025-12-20T01:04:22.146+0000] {spark_submit.py:649} INFO - driverExtraLibraryPath  null
[2025-12-20T01:04:22.146+0000] {spark_submit.py:649} INFO - driverExtraJavaOptions  null
[2025-12-20T01:04:22.146+0000] {spark_submit.py:649} INFO - supervise               false
[2025-12-20T01:04:22.146+0000] {spark_submit.py:649} INFO - queue                   null
[2025-12-20T01:04:22.147+0000] {spark_submit.py:649} INFO - numExecutors            null
[2025-12-20T01:04:22.147+0000] {spark_submit.py:649} INFO - files                   null
[2025-12-20T01:04:22.147+0000] {spark_submit.py:649} INFO - pyFiles                 null
[2025-12-20T01:04:22.147+0000] {spark_submit.py:649} INFO - archives                null
[2025-12-20T01:04:22.147+0000] {spark_submit.py:649} INFO - mainClass               null
[2025-12-20T01:04:22.147+0000] {spark_submit.py:649} INFO - primaryResource         file:/opt/***/spark_jobs/spark_raw_silver_gold_com_hdfs.py
[2025-12-20T01:04:22.147+0000] {spark_submit.py:649} INFO - name                    arrow-spark
[2025-12-20T01:04:22.148+0000] {spark_submit.py:649} INFO - childArgs               []
[2025-12-20T01:04:22.148+0000] {spark_submit.py:649} INFO - jars                    null
[2025-12-20T01:04:22.148+0000] {spark_submit.py:649} INFO - packages                null
[2025-12-20T01:04:22.148+0000] {spark_submit.py:649} INFO - packagesExclusions      null
[2025-12-20T01:04:22.148+0000] {spark_submit.py:649} INFO - repositories            null
[2025-12-20T01:04:22.148+0000] {spark_submit.py:649} INFO - verbose                 true
[2025-12-20T01:04:22.148+0000] {spark_submit.py:649} INFO - 
[2025-12-20T01:04:22.148+0000] {spark_submit.py:649} INFO - Spark properties used, including those specified through
[2025-12-20T01:04:22.148+0000] {spark_submit.py:649} INFO - --conf and those from the properties file null:
[2025-12-20T01:04:22.148+0000] {spark_submit.py:649} INFO - (spark.master,spark://spark-master:7077)
[2025-12-20T01:04:22.148+0000] {spark_submit.py:649} INFO - 
[2025-12-20T01:04:22.149+0000] {spark_submit.py:649} INFO - 
[2025-12-20T01:04:22.316+0000] {spark_submit.py:649} INFO - Main class:
[2025-12-20T01:04:22.316+0000] {spark_submit.py:649} INFO - org.apache.spark.deploy.PythonRunner
[2025-12-20T01:04:22.316+0000] {spark_submit.py:649} INFO - Arguments:
[2025-12-20T01:04:22.316+0000] {spark_submit.py:649} INFO - file:/opt/***/spark_jobs/spark_raw_silver_gold_com_hdfs.py
[2025-12-20T01:04:22.316+0000] {spark_submit.py:649} INFO - null
[2025-12-20T01:04:22.318+0000] {spark_submit.py:649} INFO - Spark config:
[2025-12-20T01:04:22.318+0000] {spark_submit.py:649} INFO - (spark.app.name,arrow-spark)
[2025-12-20T01:04:22.318+0000] {spark_submit.py:649} INFO - (spark.app.submitTime,1766192662305)
[2025-12-20T01:04:22.318+0000] {spark_submit.py:649} INFO - (spark.master,spark://spark-master:7077)
[2025-12-20T01:04:22.318+0000] {spark_submit.py:649} INFO - (spark.submit.deployMode,client)
[2025-12-20T01:04:22.318+0000] {spark_submit.py:649} INFO - (spark.submit.pyFiles,)
[2025-12-20T01:04:22.318+0000] {spark_submit.py:649} INFO - Classpath elements:
[2025-12-20T01:04:22.318+0000] {spark_submit.py:649} INFO - 
[2025-12-20T01:04:22.318+0000] {spark_submit.py:649} INFO - 
[2025-12-20T01:04:22.319+0000] {spark_submit.py:649} INFO - 
[2025-12-20T01:04:22.755+0000] {spark_submit.py:649} INFO - 25/12/20 01:04:22 INFO SparkContext: Running Spark version 3.4.3
[2025-12-20T01:04:22.787+0000] {spark_submit.py:649} INFO - 25/12/20 01:04:22 WARN NativeCodeLoader: Unable to load native-hadoop library for your platform... using builtin-java classes where applicable
[2025-12-20T01:04:22.834+0000] {spark_submit.py:649} INFO - 25/12/20 01:04:22 INFO ResourceUtils: ==============================================================
[2025-12-20T01:04:22.834+0000] {spark_submit.py:649} INFO - 25/12/20 01:04:22 INFO ResourceUtils: No custom resources configured for spark.driver.
[2025-12-20T01:04:22.834+0000] {spark_submit.py:649} INFO - 25/12/20 01:04:22 INFO ResourceUtils: ==============================================================
[2025-12-20T01:04:22.834+0000] {spark_submit.py:649} INFO - 25/12/20 01:04:22 INFO SparkContext: Submitted application: Automotivos-RAW-SILVER-GOLD
[2025-12-20T01:04:22.846+0000] {spark_submit.py:649} INFO - 25/12/20 01:04:22 INFO ResourceProfile: Default ResourceProfile created, executor resources: Map(memory -> name: memory, amount: 1024, script: , vendor: , offHeap -> name: offHeap, amount: 0, script: , vendor: ), task resources: Map(cpus -> name: cpus, amount: 1.0)
[2025-12-20T01:04:22.851+0000] {spark_submit.py:649} INFO - 25/12/20 01:04:22 INFO ResourceProfile: Limiting resource is cpu
[2025-12-20T01:04:22.851+0000] {spark_submit.py:649} INFO - 25/12/20 01:04:22 INFO ResourceProfileManager: Added ResourceProfile id: 0
[2025-12-20T01:04:22.879+0000] {spark_submit.py:649} INFO - 25/12/20 01:04:22 INFO SecurityManager: Changing view acls to: ***
[2025-12-20T01:04:22.879+0000] {spark_submit.py:649} INFO - 25/12/20 01:04:22 INFO SecurityManager: Changing modify acls to: ***
[2025-12-20T01:04:22.880+0000] {spark_submit.py:649} INFO - 25/12/20 01:04:22 INFO SecurityManager: Changing view acls groups to:
[2025-12-20T01:04:22.880+0000] {spark_submit.py:649} INFO - 25/12/20 01:04:22 INFO SecurityManager: Changing modify acls groups to:
[2025-12-20T01:04:22.880+0000] {spark_submit.py:649} INFO - 25/12/20 01:04:22 INFO SecurityManager: SecurityManager: authentication disabled; ui acls disabled; users with view permissions: ***; groups with view permissions: EMPTY; users with modify permissions: ***; groups with modify permissions: EMPTY
[2025-12-20T01:04:22.997+0000] {spark_submit.py:649} INFO - 25/12/20 01:04:22 INFO Utils: Successfully started service 'sparkDriver' on port 41165.
[2025-12-20T01:04:23.010+0000] {spark_submit.py:649} INFO - 25/12/20 01:04:23 INFO SparkEnv: Registering MapOutputTracker
[2025-12-20T01:04:23.028+0000] {spark_submit.py:649} INFO - 25/12/20 01:04:23 INFO SparkEnv: Registering BlockManagerMaster
[2025-12-20T01:04:23.037+0000] {spark_submit.py:649} INFO - 25/12/20 01:04:23 INFO BlockManagerMasterEndpoint: Using org.apache.spark.storage.DefaultTopologyMapper for getting topology information
[2025-12-20T01:04:23.037+0000] {spark_submit.py:649} INFO - 25/12/20 01:04:23 INFO BlockManagerMasterEndpoint: BlockManagerMasterEndpoint up
[2025-12-20T01:04:23.039+0000] {spark_submit.py:649} INFO - 25/12/20 01:04:23 INFO SparkEnv: Registering BlockManagerMasterHeartbeat
[2025-12-20T01:04:23.049+0000] {spark_submit.py:649} INFO - 25/12/20 01:04:23 INFO DiskBlockManager: Created local directory at /tmp/blockmgr-916a9845-c8fc-4f3e-8e10-ebd49eec7996
[2025-12-20T01:04:23.058+0000] {spark_submit.py:649} INFO - 25/12/20 01:04:23 INFO MemoryStore: MemoryStore started with capacity 434.4 MiB
[2025-12-20T01:04:23.066+0000] {spark_submit.py:649} INFO - 25/12/20 01:04:23 INFO SparkEnv: Registering OutputCommitCoordinator
[2025-12-20T01:04:23.139+0000] {spark_submit.py:649} INFO - 25/12/20 01:04:23 INFO JettyUtils: Start Jetty 0.0.0.0:4040 for SparkUI
[2025-12-20T01:04:23.172+0000] {spark_submit.py:649} INFO - 25/12/20 01:04:23 WARN Utils: Service 'SparkUI' could not bind on port 4040. Attempting port 4041.
[2025-12-20T01:04:23.177+0000] {spark_submit.py:649} INFO - 25/12/20 01:04:23 INFO Utils: Successfully started service 'SparkUI' on port 4041.
[2025-12-20T01:04:23.234+0000] {spark_submit.py:649} INFO - 25/12/20 01:04:23 INFO StandaloneAppClient$ClientEndpoint: Connecting to master spark://spark-master:7077...
[2025-12-20T01:04:23.258+0000] {spark_submit.py:649} INFO - 25/12/20 01:04:23 WARN StandaloneAppClient$ClientEndpoint: Failed to connect to master spark-master:7077
[2025-12-20T01:04:23.259+0000] {spark_submit.py:649} INFO - org.apache.spark.SparkException: Exception thrown in awaitResult:
[2025-12-20T01:04:23.259+0000] {spark_submit.py:649} INFO - at org.apache.spark.util.ThreadUtils$.awaitResult(ThreadUtils.scala:322)
[2025-12-20T01:04:23.259+0000] {spark_submit.py:649} INFO - at org.apache.spark.rpc.RpcTimeout.awaitResult(RpcTimeout.scala:75)
[2025-12-20T01:04:23.259+0000] {spark_submit.py:649} INFO - at org.apache.spark.rpc.RpcEnv.setupEndpointRefByURI(RpcEnv.scala:102)
[2025-12-20T01:04:23.259+0000] {spark_submit.py:649} INFO - at org.apache.spark.rpc.RpcEnv.setupEndpointRef(RpcEnv.scala:110)
[2025-12-20T01:04:23.259+0000] {spark_submit.py:649} INFO - at org.apache.spark.deploy.client.StandaloneAppClient$ClientEndpoint$$anon$1.run(StandaloneAppClient.scala:108)
[2025-12-20T01:04:23.259+0000] {spark_submit.py:649} INFO - at java.base/java.util.concurrent.Executors$RunnableAdapter.call(Executors.java:539)
[2025-12-20T01:04:23.259+0000] {spark_submit.py:649} INFO - at java.base/java.util.concurrent.FutureTask.run(FutureTask.java:264)
[2025-12-20T01:04:23.260+0000] {spark_submit.py:649} INFO - at java.base/java.util.concurrent.ThreadPoolExecutor.runWorker(ThreadPoolExecutor.java:1136)
[2025-12-20T01:04:23.260+0000] {spark_submit.py:649} INFO - at java.base/java.util.concurrent.ThreadPoolExecutor$Worker.run(ThreadPoolExecutor.java:635)
[2025-12-20T01:04:23.260+0000] {spark_submit.py:649} INFO - at java.base/java.lang.Thread.run(Thread.java:840)
[2025-12-20T01:04:23.260+0000] {spark_submit.py:649} INFO - Caused by: java.io.IOException: Failed to connect to spark-master/<unresolved>:7077
[2025-12-20T01:04:23.260+0000] {spark_submit.py:649} INFO - at org.apache.spark.network.client.TransportClientFactory.createClient(TransportClientFactory.java:294)
[2025-12-20T01:04:23.260+0000] {spark_submit.py:649} INFO - at org.apache.spark.network.client.TransportClientFactory.createClient(TransportClientFactory.java:214)
[2025-12-20T01:04:23.260+0000] {spark_submit.py:649} INFO - at org.apache.spark.network.client.TransportClientFactory.createClient(TransportClientFactory.java:226)
[2025-12-20T01:04:23.260+0000] {spark_submit.py:649} INFO - at org.apache.spark.rpc.netty.NettyRpcEnv.createClient(NettyRpcEnv.scala:204)
[2025-12-20T01:04:23.260+0000] {spark_submit.py:649} INFO - at org.apache.spark.rpc.netty.Outbox$$anon$1.call(Outbox.scala:202)
[2025-12-20T01:04:23.260+0000] {spark_submit.py:649} INFO - at org.apache.spark.rpc.netty.Outbox$$anon$1.call(Outbox.scala:198)
[2025-12-20T01:04:23.260+0000] {spark_submit.py:649} INFO - ... 4 more
[2025-12-20T01:04:23.261+0000] {spark_submit.py:649} INFO - Caused by: java.net.UnknownHostException: spark-master
[2025-12-20T01:04:23.261+0000] {spark_submit.py:649} INFO - at java.base/java.net.InetAddress$CachedAddresses.get(InetAddress.java:801)
[2025-12-20T01:04:23.261+0000] {spark_submit.py:649} INFO - at java.base/java.net.InetAddress.getAllByName0(InetAddress.java:1533)
[2025-12-20T01:04:23.261+0000] {spark_submit.py:649} INFO - at java.base/java.net.InetAddress.getAllByName(InetAddress.java:1385)
[2025-12-20T01:04:23.261+0000] {spark_submit.py:649} INFO - at java.base/java.net.InetAddress.getAllByName(InetAddress.java:1306)
[2025-12-20T01:04:23.261+0000] {spark_submit.py:649} INFO - at java.base/java.net.InetAddress.getByName(InetAddress.java:1256)
[2025-12-20T01:04:23.261+0000] {spark_submit.py:649} INFO - at io.netty.util.internal.SocketUtils$8.run(SocketUtils.java:156)
[2025-12-20T01:04:23.261+0000] {spark_submit.py:649} INFO - at io.netty.util.internal.SocketUtils$8.run(SocketUtils.java:153)
[2025-12-20T01:04:23.261+0000] {spark_submit.py:649} INFO - at java.base/java.security.AccessController.doPrivileged(AccessController.java:569)
[2025-12-20T01:04:23.261+0000] {spark_submit.py:649} INFO - at io.netty.util.internal.SocketUtils.addressByName(SocketUtils.java:153)
[2025-12-20T01:04:23.261+0000] {spark_submit.py:649} INFO - at io.netty.resolver.DefaultNameResolver.doResolve(DefaultNameResolver.java:41)
[2025-12-20T01:04:23.262+0000] {spark_submit.py:649} INFO - at io.netty.resolver.SimpleNameResolver.resolve(SimpleNameResolver.java:61)
[2025-12-20T01:04:23.262+0000] {spark_submit.py:649} INFO - at io.netty.resolver.SimpleNameResolver.resolve(SimpleNameResolver.java:53)
[2025-12-20T01:04:23.262+0000] {spark_submit.py:649} INFO - at io.netty.resolver.InetSocketAddressResolver.doResolve(InetSocketAddressResolver.java:55)
[2025-12-20T01:04:23.262+0000] {spark_submit.py:649} INFO - at io.netty.resolver.InetSocketAddressResolver.doResolve(InetSocketAddressResolver.java:31)
[2025-12-20T01:04:23.262+0000] {spark_submit.py:649} INFO - at io.netty.resolver.AbstractAddressResolver.resolve(AbstractAddressResolver.java:106)
[2025-12-20T01:04:23.262+0000] {spark_submit.py:649} INFO - at io.netty.bootstrap.Bootstrap.doResolveAndConnect0(Bootstrap.java:206)
[2025-12-20T01:04:23.262+0000] {spark_submit.py:649} INFO - at io.netty.bootstrap.Bootstrap.access$000(Bootstrap.java:46)
[2025-12-20T01:04:23.262+0000] {spark_submit.py:649} INFO - at io.netty.bootstrap.Bootstrap$1.operationComplete(Bootstrap.java:180)
[2025-12-20T01:04:23.262+0000] {spark_submit.py:649} INFO - at io.netty.bootstrap.Bootstrap$1.operationComplete(Bootstrap.java:166)
[2025-12-20T01:04:23.262+0000] {spark_submit.py:649} INFO - at io.netty.util.concurrent.DefaultPromise.notifyListener0(DefaultPromise.java:590)
[2025-12-20T01:04:23.262+0000] {spark_submit.py:649} INFO - at io.netty.util.concurrent.DefaultPromise.notifyListenersNow(DefaultPromise.java:557)
[2025-12-20T01:04:23.262+0000] {spark_submit.py:649} INFO - at io.netty.util.concurrent.DefaultPromise.notifyListeners(DefaultPromise.java:492)
[2025-12-20T01:04:23.263+0000] {spark_submit.py:649} INFO - at io.netty.util.concurrent.DefaultPromise.setValue0(DefaultPromise.java:636)
[2025-12-20T01:04:23.263+0000] {spark_submit.py:649} INFO - at io.netty.util.concurrent.DefaultPromise.setSuccess0(DefaultPromise.java:625)
[2025-12-20T01:04:23.263+0000] {spark_submit.py:649} INFO - at io.netty.util.concurrent.DefaultPromise.trySuccess(DefaultPromise.java:105)
[2025-12-20T01:04:23.263+0000] {spark_submit.py:649} INFO - at io.netty.channel.DefaultChannelPromise.trySuccess(DefaultChannelPromise.java:84)
[2025-12-20T01:04:23.263+0000] {spark_submit.py:649} INFO - at io.netty.channel.AbstractChannel$AbstractUnsafe.safeSetSuccess(AbstractChannel.java:990)
[2025-12-20T01:04:23.263+0000] {spark_submit.py:649} INFO - at io.netty.channel.AbstractChannel$AbstractUnsafe.register0(AbstractChannel.java:516)
[2025-12-20T01:04:23.263+0000] {spark_submit.py:649} INFO - at io.netty.channel.AbstractChannel$AbstractUnsafe.access$200(AbstractChannel.java:429)
[2025-12-20T01:04:23.263+0000] {spark_submit.py:649} INFO - at io.netty.channel.AbstractChannel$AbstractUnsafe$1.run(AbstractChannel.java:486)
[2025-12-20T01:04:23.263+0000] {spark_submit.py:649} INFO - at io.netty.util.concurrent.AbstractEventExecutor.runTask(AbstractEventExecutor.java:174)
[2025-12-20T01:04:23.263+0000] {spark_submit.py:649} INFO - at io.netty.util.concurrent.AbstractEventExecutor.safeExecute(AbstractEventExecutor.java:167)
[2025-12-20T01:04:23.263+0000] {spark_submit.py:649} INFO - at io.netty.util.concurrent.SingleThreadEventExecutor.runAllTasks(SingleThreadEventExecutor.java:470)
[2025-12-20T01:04:23.264+0000] {spark_submit.py:649} INFO - at io.netty.channel.nio.NioEventLoop.run(NioEventLoop.java:569)
[2025-12-20T01:04:23.264+0000] {spark_submit.py:649} INFO - at io.netty.util.concurrent.SingleThreadEventExecutor$4.run(SingleThreadEventExecutor.java:997)
[2025-12-20T01:04:23.264+0000] {spark_submit.py:649} INFO - at io.netty.util.internal.ThreadExecutorMap$2.run(ThreadExecutorMap.java:74)
[2025-12-20T01:04:23.264+0000] {spark_submit.py:649} INFO - at io.netty.util.concurrent.FastThreadLocalRunnable.run(FastThreadLocalRunnable.java:30)
[2025-12-20T01:04:23.264+0000] {spark_submit.py:649} INFO - ... 1 more
[2025-12-20T01:04:43.235+0000] {spark_submit.py:649} INFO - 25/12/20 01:04:43 INFO StandaloneAppClient$ClientEndpoint: Connecting to master spark://spark-master:7077...
[2025-12-20T01:04:43.238+0000] {spark_submit.py:649} INFO - 25/12/20 01:04:43 WARN StandaloneAppClient$ClientEndpoint: Failed to connect to master spark-master:7077
[2025-12-20T01:04:43.239+0000] {spark_submit.py:649} INFO - org.apache.spark.SparkException: Exception thrown in awaitResult:
[2025-12-20T01:04:43.239+0000] {spark_submit.py:649} INFO - at org.apache.spark.util.ThreadUtils$.awaitResult(ThreadUtils.scala:322)
[2025-12-20T01:04:43.239+0000] {spark_submit.py:649} INFO - at org.apache.spark.rpc.RpcTimeout.awaitResult(RpcTimeout.scala:75)
[2025-12-20T01:04:43.239+0000] {spark_submit.py:649} INFO - at org.apache.spark.rpc.RpcEnv.setupEndpointRefByURI(RpcEnv.scala:102)
[2025-12-20T01:04:43.239+0000] {spark_submit.py:649} INFO - at org.apache.spark.rpc.RpcEnv.setupEndpointRef(RpcEnv.scala:110)
[2025-12-20T01:04:43.239+0000] {spark_submit.py:649} INFO - at org.apache.spark.deploy.client.StandaloneAppClient$ClientEndpoint$$anon$1.run(StandaloneAppClient.scala:108)
[2025-12-20T01:04:43.239+0000] {spark_submit.py:649} INFO - at java.base/java.util.concurrent.Executors$RunnableAdapter.call(Executors.java:539)
[2025-12-20T01:04:43.239+0000] {spark_submit.py:649} INFO - at java.base/java.util.concurrent.FutureTask.run(FutureTask.java:264)
[2025-12-20T01:04:43.240+0000] {spark_submit.py:649} INFO - at java.base/java.util.concurrent.ThreadPoolExecutor.runWorker(ThreadPoolExecutor.java:1136)
[2025-12-20T01:04:43.240+0000] {spark_submit.py:649} INFO - at java.base/java.util.concurrent.ThreadPoolExecutor$Worker.run(ThreadPoolExecutor.java:635)
[2025-12-20T01:04:43.240+0000] {spark_submit.py:649} INFO - at java.base/java.lang.Thread.run(Thread.java:840)
[2025-12-20T01:04:43.240+0000] {spark_submit.py:649} INFO - Caused by: java.io.IOException: Failed to connect to spark-master/<unresolved>:7077
[2025-12-20T01:04:43.240+0000] {spark_submit.py:649} INFO - at org.apache.spark.network.client.TransportClientFactory.createClient(TransportClientFactory.java:294)
[2025-12-20T01:04:43.240+0000] {spark_submit.py:649} INFO - at org.apache.spark.network.client.TransportClientFactory.createClient(TransportClientFactory.java:214)
[2025-12-20T01:04:43.240+0000] {spark_submit.py:649} INFO - at org.apache.spark.network.client.TransportClientFactory.createClient(TransportClientFactory.java:226)
[2025-12-20T01:04:43.240+0000] {spark_submit.py:649} INFO - at org.apache.spark.rpc.netty.NettyRpcEnv.createClient(NettyRpcEnv.scala:204)
[2025-12-20T01:04:43.240+0000] {spark_submit.py:649} INFO - at org.apache.spark.rpc.netty.Outbox$$anon$1.call(Outbox.scala:202)
[2025-12-20T01:04:43.241+0000] {spark_submit.py:649} INFO - at org.apache.spark.rpc.netty.Outbox$$anon$1.call(Outbox.scala:198)
[2025-12-20T01:04:43.241+0000] {spark_submit.py:649} INFO - ... 4 more
[2025-12-20T01:04:43.241+0000] {spark_submit.py:649} INFO - Caused by: java.net.UnknownHostException: spark-master
[2025-12-20T01:04:43.241+0000] {spark_submit.py:649} INFO - at java.base/java.net.InetAddress$CachedAddresses.get(InetAddress.java:801)
[2025-12-20T01:04:43.241+0000] {spark_submit.py:649} INFO - at java.base/java.net.InetAddress.getAllByName0(InetAddress.java:1533)
[2025-12-20T01:04:43.241+0000] {spark_submit.py:649} INFO - at java.base/java.net.InetAddress.getAllByName(InetAddress.java:1385)
[2025-12-20T01:04:43.241+0000] {spark_submit.py:649} INFO - at java.base/java.net.InetAddress.getAllByName(InetAddress.java:1306)
[2025-12-20T01:04:43.241+0000] {spark_submit.py:649} INFO - at java.base/java.net.InetAddress.getByName(InetAddress.java:1256)
[2025-12-20T01:04:43.241+0000] {spark_submit.py:649} INFO - at io.netty.util.internal.SocketUtils$8.run(SocketUtils.java:156)
[2025-12-20T01:04:43.242+0000] {spark_submit.py:649} INFO - at io.netty.util.internal.SocketUtils$8.run(SocketUtils.java:153)
[2025-12-20T01:04:43.242+0000] {spark_submit.py:649} INFO - at java.base/java.security.AccessController.doPrivileged(AccessController.java:569)
[2025-12-20T01:04:43.242+0000] {spark_submit.py:649} INFO - at io.netty.util.internal.SocketUtils.addressByName(SocketUtils.java:153)
[2025-12-20T01:04:43.242+0000] {spark_submit.py:649} INFO - at io.netty.resolver.DefaultNameResolver.doResolve(DefaultNameResolver.java:41)
[2025-12-20T01:04:43.242+0000] {spark_submit.py:649} INFO - at io.netty.resolver.SimpleNameResolver.resolve(SimpleNameResolver.java:61)
[2025-12-20T01:04:43.242+0000] {spark_submit.py:649} INFO - at io.netty.resolver.SimpleNameResolver.resolve(SimpleNameResolver.java:53)
[2025-12-20T01:04:43.242+0000] {spark_submit.py:649} INFO - at io.netty.resolver.InetSocketAddressResolver.doResolve(InetSocketAddressResolver.java:55)
[2025-12-20T01:04:43.242+0000] {spark_submit.py:649} INFO - at io.netty.resolver.InetSocketAddressResolver.doResolve(InetSocketAddressResolver.java:31)
[2025-12-20T01:04:43.242+0000] {spark_submit.py:649} INFO - at io.netty.resolver.AbstractAddressResolver.resolve(AbstractAddressResolver.java:106)
[2025-12-20T01:04:43.243+0000] {spark_submit.py:649} INFO - at io.netty.bootstrap.Bootstrap.doResolveAndConnect0(Bootstrap.java:206)
[2025-12-20T01:04:43.243+0000] {spark_submit.py:649} INFO - at io.netty.bootstrap.Bootstrap.access$000(Bootstrap.java:46)
[2025-12-20T01:04:43.243+0000] {spark_submit.py:649} INFO - at io.netty.bootstrap.Bootstrap$1.operationComplete(Bootstrap.java:180)
[2025-12-20T01:04:43.243+0000] {spark_submit.py:649} INFO - at io.netty.bootstrap.Bootstrap$1.operationComplete(Bootstrap.java:166)
[2025-12-20T01:04:43.243+0000] {spark_submit.py:649} INFO - at io.netty.util.concurrent.DefaultPromise.notifyListener0(DefaultPromise.java:590)
[2025-12-20T01:04:43.243+0000] {spark_submit.py:649} INFO - at io.netty.util.concurrent.DefaultPromise.notifyListenersNow(DefaultPromise.java:557)
[2025-12-20T01:04:43.243+0000] {spark_submit.py:649} INFO - at io.netty.util.concurrent.DefaultPromise.notifyListeners(DefaultPromise.java:492)
[2025-12-20T01:04:43.243+0000] {spark_submit.py:649} INFO - at io.netty.util.concurrent.DefaultPromise.setValue0(DefaultPromise.java:636)
[2025-12-20T01:04:43.243+0000] {spark_submit.py:649} INFO - at io.netty.util.concurrent.DefaultPromise.setSuccess0(DefaultPromise.java:625)
[2025-12-20T01:04:43.243+0000] {spark_submit.py:649} INFO - at io.netty.util.concurrent.DefaultPromise.trySuccess(DefaultPromise.java:105)
[2025-12-20T01:04:43.244+0000] {spark_submit.py:649} INFO - at io.netty.channel.DefaultChannelPromise.trySuccess(DefaultChannelPromise.java:84)
[2025-12-20T01:04:43.244+0000] {spark_submit.py:649} INFO - at io.netty.channel.AbstractChannel$AbstractUnsafe.safeSetSuccess(AbstractChannel.java:990)
[2025-12-20T01:04:43.244+0000] {spark_submit.py:649} INFO - at io.netty.channel.AbstractChannel$AbstractUnsafe.register0(AbstractChannel.java:516)
[2025-12-20T01:04:43.244+0000] {spark_submit.py:649} INFO - at io.netty.channel.AbstractChannel$AbstractUnsafe.access$200(AbstractChannel.java:429)
[2025-12-20T01:04:43.244+0000] {spark_submit.py:649} INFO - at io.netty.channel.AbstractChannel$AbstractUnsafe$1.run(AbstractChannel.java:486)
[2025-12-20T01:04:43.244+0000] {spark_submit.py:649} INFO - at io.netty.util.concurrent.AbstractEventExecutor.runTask(AbstractEventExecutor.java:174)
[2025-12-20T01:04:43.244+0000] {spark_submit.py:649} INFO - at io.netty.util.concurrent.AbstractEventExecutor.safeExecute(AbstractEventExecutor.java:167)
[2025-12-20T01:04:43.244+0000] {spark_submit.py:649} INFO - at io.netty.util.concurrent.SingleThreadEventExecutor.runAllTasks(SingleThreadEventExecutor.java:470)
[2025-12-20T01:04:43.245+0000] {spark_submit.py:649} INFO - at io.netty.channel.nio.NioEventLoop.run(NioEventLoop.java:569)
[2025-12-20T01:04:43.245+0000] {spark_submit.py:649} INFO - at io.netty.util.concurrent.SingleThreadEventExecutor$4.run(SingleThreadEventExecutor.java:997)
[2025-12-20T01:04:43.245+0000] {spark_submit.py:649} INFO - at io.netty.util.internal.ThreadExecutorMap$2.run(ThreadExecutorMap.java:74)
[2025-12-20T01:04:43.245+0000] {spark_submit.py:649} INFO - at io.netty.util.concurrent.FastThreadLocalRunnable.run(FastThreadLocalRunnable.java:30)
[2025-12-20T01:04:43.245+0000] {spark_submit.py:649} INFO - ... 1 more
[2025-12-20T01:05:03.235+0000] {spark_submit.py:649} INFO - 25/12/20 01:05:03 INFO StandaloneAppClient$ClientEndpoint: Connecting to master spark://spark-master:7077...
[2025-12-20T01:05:03.238+0000] {spark_submit.py:649} INFO - 25/12/20 01:05:03 WARN StandaloneAppClient$ClientEndpoint: Failed to connect to master spark-master:7077
[2025-12-20T01:05:03.239+0000] {spark_submit.py:649} INFO - org.apache.spark.SparkException: Exception thrown in awaitResult:
[2025-12-20T01:05:03.239+0000] {spark_submit.py:649} INFO - at org.apache.spark.util.ThreadUtils$.awaitResult(ThreadUtils.scala:322)
[2025-12-20T01:05:03.239+0000] {spark_submit.py:649} INFO - at org.apache.spark.rpc.RpcTimeout.awaitResult(RpcTimeout.scala:75)
[2025-12-20T01:05:03.239+0000] {spark_submit.py:649} INFO - at org.apache.spark.rpc.RpcEnv.setupEndpointRefByURI(RpcEnv.scala:102)
[2025-12-20T01:05:03.239+0000] {spark_submit.py:649} INFO - at org.apache.spark.rpc.RpcEnv.setupEndpointRef(RpcEnv.scala:110)
[2025-12-20T01:05:03.239+0000] {spark_submit.py:649} INFO - at org.apache.spark.deploy.client.StandaloneAppClient$ClientEndpoint$$anon$1.run(StandaloneAppClient.scala:108)
[2025-12-20T01:05:03.239+0000] {spark_submit.py:649} INFO - at java.base/java.util.concurrent.Executors$RunnableAdapter.call(Executors.java:539)
[2025-12-20T01:05:03.239+0000] {spark_submit.py:649} INFO - at java.base/java.util.concurrent.FutureTask.run(FutureTask.java:264)
[2025-12-20T01:05:03.240+0000] {spark_submit.py:649} INFO - at java.base/java.util.concurrent.ThreadPoolExecutor.runWorker(ThreadPoolExecutor.java:1136)
[2025-12-20T01:05:03.240+0000] {spark_submit.py:649} INFO - at java.base/java.util.concurrent.ThreadPoolExecutor$Worker.run(ThreadPoolExecutor.java:635)
[2025-12-20T01:05:03.240+0000] {spark_submit.py:649} INFO - at java.base/java.lang.Thread.run(Thread.java:840)
[2025-12-20T01:05:03.240+0000] {spark_submit.py:649} INFO - Caused by: java.io.IOException: Failed to connect to spark-master/<unresolved>:7077
[2025-12-20T01:05:03.240+0000] {spark_submit.py:649} INFO - at org.apache.spark.network.client.TransportClientFactory.createClient(TransportClientFactory.java:294)
[2025-12-20T01:05:03.240+0000] {spark_submit.py:649} INFO - at org.apache.spark.network.client.TransportClientFactory.createClient(TransportClientFactory.java:214)
[2025-12-20T01:05:03.240+0000] {spark_submit.py:649} INFO - at org.apache.spark.network.client.TransportClientFactory.createClient(TransportClientFactory.java:226)
[2025-12-20T01:05:03.240+0000] {spark_submit.py:649} INFO - at org.apache.spark.rpc.netty.NettyRpcEnv.createClient(NettyRpcEnv.scala:204)
[2025-12-20T01:05:03.240+0000] {spark_submit.py:649} INFO - at org.apache.spark.rpc.netty.Outbox$$anon$1.call(Outbox.scala:202)
[2025-12-20T01:05:03.240+0000] {spark_submit.py:649} INFO - at org.apache.spark.rpc.netty.Outbox$$anon$1.call(Outbox.scala:198)
[2025-12-20T01:05:03.241+0000] {spark_submit.py:649} INFO - ... 4 more
[2025-12-20T01:05:03.241+0000] {spark_submit.py:649} INFO - Caused by: java.net.UnknownHostException: spark-master
[2025-12-20T01:05:03.241+0000] {spark_submit.py:649} INFO - at java.base/java.net.InetAddress$CachedAddresses.get(InetAddress.java:801)
[2025-12-20T01:05:03.241+0000] {spark_submit.py:649} INFO - at java.base/java.net.InetAddress.getAllByName0(InetAddress.java:1533)
[2025-12-20T01:05:03.241+0000] {spark_submit.py:649} INFO - at java.base/java.net.InetAddress.getAllByName(InetAddress.java:1385)
[2025-12-20T01:05:03.241+0000] {spark_submit.py:649} INFO - at java.base/java.net.InetAddress.getAllByName(InetAddress.java:1306)
[2025-12-20T01:05:03.241+0000] {spark_submit.py:649} INFO - at java.base/java.net.InetAddress.getByName(InetAddress.java:1256)
[2025-12-20T01:05:03.241+0000] {spark_submit.py:649} INFO - at io.netty.util.internal.SocketUtils$8.run(SocketUtils.java:156)
[2025-12-20T01:05:03.241+0000] {spark_submit.py:649} INFO - at io.netty.util.internal.SocketUtils$8.run(SocketUtils.java:153)
[2025-12-20T01:05:03.241+0000] {spark_submit.py:649} INFO - at java.base/java.security.AccessController.doPrivileged(AccessController.java:569)
[2025-12-20T01:05:03.241+0000] {spark_submit.py:649} INFO - at io.netty.util.internal.SocketUtils.addressByName(SocketUtils.java:153)
[2025-12-20T01:05:03.242+0000] {spark_submit.py:649} INFO - at io.netty.resolver.DefaultNameResolver.doResolve(DefaultNameResolver.java:41)
[2025-12-20T01:05:03.242+0000] {spark_submit.py:649} INFO - at io.netty.resolver.SimpleNameResolver.resolve(SimpleNameResolver.java:61)
[2025-12-20T01:05:03.242+0000] {spark_submit.py:649} INFO - at io.netty.resolver.SimpleNameResolver.resolve(SimpleNameResolver.java:53)
[2025-12-20T01:05:03.242+0000] {spark_submit.py:649} INFO - at io.netty.resolver.InetSocketAddressResolver.doResolve(InetSocketAddressResolver.java:55)
[2025-12-20T01:05:03.242+0000] {spark_submit.py:649} INFO - at io.netty.resolver.InetSocketAddressResolver.doResolve(InetSocketAddressResolver.java:31)
[2025-12-20T01:05:03.242+0000] {spark_submit.py:649} INFO - at io.netty.resolver.AbstractAddressResolver.resolve(AbstractAddressResolver.java:106)
[2025-12-20T01:05:03.242+0000] {spark_submit.py:649} INFO - at io.netty.bootstrap.Bootstrap.doResolveAndConnect0(Bootstrap.java:206)
[2025-12-20T01:05:03.242+0000] {spark_submit.py:649} INFO - at io.netty.bootstrap.Bootstrap.access$000(Bootstrap.java:46)
[2025-12-20T01:05:03.242+0000] {spark_submit.py:649} INFO - at io.netty.bootstrap.Bootstrap$1.operationComplete(Bootstrap.java:180)
[2025-12-20T01:05:03.242+0000] {spark_submit.py:649} INFO - at io.netty.bootstrap.Bootstrap$1.operationComplete(Bootstrap.java:166)
[2025-12-20T01:05:03.242+0000] {spark_submit.py:649} INFO - at io.netty.util.concurrent.DefaultPromise.notifyListener0(DefaultPromise.java:590)
[2025-12-20T01:05:03.243+0000] {spark_submit.py:649} INFO - at io.netty.util.concurrent.DefaultPromise.notifyListenersNow(DefaultPromise.java:557)
[2025-12-20T01:05:03.243+0000] {spark_submit.py:649} INFO - at io.netty.util.concurrent.DefaultPromise.notifyListeners(DefaultPromise.java:492)
[2025-12-20T01:05:03.243+0000] {spark_submit.py:649} INFO - at io.netty.util.concurrent.DefaultPromise.setValue0(DefaultPromise.java:636)
[2025-12-20T01:05:03.243+0000] {spark_submit.py:649} INFO - at io.netty.util.concurrent.DefaultPromise.setSuccess0(DefaultPromise.java:625)
[2025-12-20T01:05:03.243+0000] {spark_submit.py:649} INFO - at io.netty.util.concurrent.DefaultPromise.trySuccess(DefaultPromise.java:105)
[2025-12-20T01:05:03.243+0000] {spark_submit.py:649} INFO - at io.netty.channel.DefaultChannelPromise.trySuccess(DefaultChannelPromise.java:84)
[2025-12-20T01:05:03.243+0000] {spark_submit.py:649} INFO - at io.netty.channel.AbstractChannel$AbstractUnsafe.safeSetSuccess(AbstractChannel.java:990)
[2025-12-20T01:05:03.243+0000] {spark_submit.py:649} INFO - at io.netty.channel.AbstractChannel$AbstractUnsafe.register0(AbstractChannel.java:516)
[2025-12-20T01:05:03.243+0000] {spark_submit.py:649} INFO - at io.netty.channel.AbstractChannel$AbstractUnsafe.access$200(AbstractChannel.java:429)
[2025-12-20T01:05:03.243+0000] {spark_submit.py:649} INFO - at io.netty.channel.AbstractChannel$AbstractUnsafe$1.run(AbstractChannel.java:486)
[2025-12-20T01:05:03.243+0000] {spark_submit.py:649} INFO - at io.netty.util.concurrent.AbstractEventExecutor.runTask(AbstractEventExecutor.java:174)
[2025-12-20T01:05:03.243+0000] {spark_submit.py:649} INFO - at io.netty.util.concurrent.AbstractEventExecutor.safeExecute(AbstractEventExecutor.java:167)
[2025-12-20T01:05:03.244+0000] {spark_submit.py:649} INFO - at io.netty.util.concurrent.SingleThreadEventExecutor.runAllTasks(SingleThreadEventExecutor.java:470)
[2025-12-20T01:05:03.244+0000] {spark_submit.py:649} INFO - at io.netty.channel.nio.NioEventLoop.run(NioEventLoop.java:569)
[2025-12-20T01:05:03.244+0000] {spark_submit.py:649} INFO - at io.netty.util.concurrent.SingleThreadEventExecutor$4.run(SingleThreadEventExecutor.java:997)
[2025-12-20T01:05:03.244+0000] {spark_submit.py:649} INFO - at io.netty.util.internal.ThreadExecutorMap$2.run(ThreadExecutorMap.java:74)
[2025-12-20T01:05:03.244+0000] {spark_submit.py:649} INFO - at io.netty.util.concurrent.FastThreadLocalRunnable.run(FastThreadLocalRunnable.java:30)
[2025-12-20T01:05:03.244+0000] {spark_submit.py:649} INFO - ... 1 more
[2025-12-20T01:05:23.235+0000] {spark_submit.py:649} INFO - 25/12/20 01:05:23 WARN StandaloneSchedulerBackend: Application ID is not initialized yet.
[2025-12-20T01:05:23.236+0000] {spark_submit.py:649} INFO - 25/12/20 01:05:23 ERROR StandaloneSchedulerBackend: Application has been killed. Reason: All masters are unresponsive! Giving up.
[2025-12-20T01:05:23.239+0000] {spark_submit.py:649} INFO - 25/12/20 01:05:23 INFO Utils: Successfully started service 'org.apache.spark.network.netty.NettyBlockTransferService' on port 33529.
[2025-12-20T01:05:23.239+0000] {spark_submit.py:649} INFO - 25/12/20 01:05:23 INFO NettyBlockTransferService: Server created on 958ebb8f0229:33529
[2025-12-20T01:05:23.240+0000] {spark_submit.py:649} INFO - 25/12/20 01:05:23 INFO BlockManager: Using org.apache.spark.storage.RandomBlockReplicationPolicy for block replication policy
[2025-12-20T01:05:23.243+0000] {spark_submit.py:649} INFO - 25/12/20 01:05:23 INFO BlockManagerMaster: Registering BlockManager BlockManagerId(driver, 958ebb8f0229, 33529, None)
[2025-12-20T01:05:23.245+0000] {spark_submit.py:649} INFO - 25/12/20 01:05:23 INFO BlockManagerMasterEndpoint: Registering block manager 958ebb8f0229:33529 with 434.4 MiB RAM, BlockManagerId(driver, 958ebb8f0229, 33529, None)
[2025-12-20T01:05:23.246+0000] {spark_submit.py:649} INFO - 25/12/20 01:05:23 INFO BlockManagerMaster: Registered BlockManager BlockManagerId(driver, 958ebb8f0229, 33529, None)
[2025-12-20T01:05:23.247+0000] {spark_submit.py:649} INFO - 25/12/20 01:05:23 INFO BlockManager: Initialized BlockManager: BlockManagerId(driver, 958ebb8f0229, 33529, None)
[2025-12-20T01:05:23.335+0000] {spark_submit.py:649} INFO - 25/12/20 01:05:23 INFO StandaloneSchedulerBackend: SchedulerBackend is ready for scheduling beginning after reached minRegisteredResourcesRatio: 0.0
[2025-12-20T01:05:23.454+0000] {spark_submit.py:649} INFO - 25/12/20 01:05:23 INFO SharedState: Setting hive.metastore.warehouse.dir ('null') to the value of spark.sql.warehouse.dir.
[2025-12-20T01:05:23.456+0000] {spark_submit.py:649} INFO - 25/12/20 01:05:23 INFO SparkContext: SparkContext is stopping with exitCode 0.
[2025-12-20T01:05:23.458+0000] {spark_submit.py:649} INFO - 25/12/20 01:05:23 INFO SharedState: Warehouse path is 'file:/opt/***/spark-warehouse'.
[2025-12-20T01:05:23.461+0000] {spark_submit.py:649} INFO - 25/12/20 01:05:23 INFO SparkUI: Stopped Spark web UI at http://958ebb8f0229:4041
[2025-12-20T01:05:23.464+0000] {spark_submit.py:649} INFO - 25/12/20 01:05:23 INFO StandaloneSchedulerBackend: Shutting down all executors
[2025-12-20T01:05:23.465+0000] {spark_submit.py:649} INFO - 25/12/20 01:05:23 INFO StandaloneSchedulerBackend$StandaloneDriverEndpoint: Asking each executor to shut down
[2025-12-20T01:05:23.468+0000] {spark_submit.py:649} INFO - 25/12/20 01:05:23 WARN StandaloneAppClient$ClientEndpoint: Drop UnregisterApplication(null) because has not yet connected to master
[2025-12-20T01:05:23.472+0000] {spark_submit.py:649} INFO - 25/12/20 01:05:23 INFO MapOutputTrackerMasterEndpoint: MapOutputTrackerMasterEndpoint stopped!
[2025-12-20T01:05:23.480+0000] {spark_submit.py:649} INFO - 25/12/20 01:05:23 INFO MemoryStore: MemoryStore cleared
[2025-12-20T01:05:23.480+0000] {spark_submit.py:649} INFO - 25/12/20 01:05:23 INFO BlockManager: BlockManager stopped
[2025-12-20T01:05:23.484+0000] {spark_submit.py:649} INFO - 25/12/20 01:05:23 INFO BlockManagerMaster: BlockManagerMaster stopped
[2025-12-20T01:05:23.485+0000] {spark_submit.py:649} INFO - 25/12/20 01:05:23 INFO OutputCommitCoordinator$OutputCommitCoordinatorEndpoint: OutputCommitCoordinator stopped!
[2025-12-20T01:05:23.492+0000] {spark_submit.py:649} INFO - 25/12/20 01:05:23 INFO SparkContext: Successfully stopped SparkContext
[2025-12-20T01:05:23.852+0000] {spark_submit.py:649} INFO - 25/12/20 01:05:23 WARN FileSystem: Failed to initialize fileystem hdfs://namenode:9000/data/raw/orders/precos_semestrais_automotivos_2025_01.csv: java.lang.IllegalArgumentException: java.net.UnknownHostException: namenode
[2025-12-20T01:05:23.853+0000] {spark_submit.py:649} INFO - 25/12/20 01:05:23 WARN FileStreamSink: Assume no metadata directory. Error while looking for metadata directory in the path: hdfs://namenode:9000/data/raw/orders/precos_semestrais_automotivos_2025_01.csv.
[2025-12-20T01:05:23.853+0000] {spark_submit.py:649} INFO - java.lang.IllegalArgumentException: java.net.UnknownHostException: namenode
[2025-12-20T01:05:23.853+0000] {spark_submit.py:649} INFO - at org.apache.hadoop.security.SecurityUtil.buildTokenService(SecurityUtil.java:466)
[2025-12-20T01:05:23.853+0000] {spark_submit.py:649} INFO - at org.apache.hadoop.hdfs.NameNodeProxiesClient.createProxyWithClientProtocol(NameNodeProxiesClient.java:134)
[2025-12-20T01:05:23.853+0000] {spark_submit.py:649} INFO - at org.apache.hadoop.hdfs.DFSClient.<init>(DFSClient.java:374)
[2025-12-20T01:05:23.853+0000] {spark_submit.py:649} INFO - at org.apache.hadoop.hdfs.DFSClient.<init>(DFSClient.java:308)
[2025-12-20T01:05:23.853+0000] {spark_submit.py:649} INFO - at org.apache.hadoop.hdfs.DistributedFileSystem.initDFSClient(DistributedFileSystem.java:202)
[2025-12-20T01:05:23.853+0000] {spark_submit.py:649} INFO - at org.apache.hadoop.hdfs.DistributedFileSystem.initialize(DistributedFileSystem.java:187)
[2025-12-20T01:05:23.854+0000] {spark_submit.py:649} INFO - at org.apache.hadoop.fs.FileSystem.createFileSystem(FileSystem.java:3469)
[2025-12-20T01:05:23.854+0000] {spark_submit.py:649} INFO - at org.apache.hadoop.fs.FileSystem.access$300(FileSystem.java:174)
[2025-12-20T01:05:23.854+0000] {spark_submit.py:649} INFO - at org.apache.hadoop.fs.FileSystem$Cache.getInternal(FileSystem.java:3574)
[2025-12-20T01:05:23.854+0000] {spark_submit.py:649} INFO - at org.apache.hadoop.fs.FileSystem$Cache.get(FileSystem.java:3521)
[2025-12-20T01:05:23.854+0000] {spark_submit.py:649} INFO - at org.apache.hadoop.fs.FileSystem.get(FileSystem.java:540)
[2025-12-20T01:05:23.854+0000] {spark_submit.py:649} INFO - at org.apache.hadoop.fs.Path.getFileSystem(Path.java:365)
[2025-12-20T01:05:23.854+0000] {spark_submit.py:649} INFO - at org.apache.spark.sql.execution.streaming.FileStreamSink$.hasMetadata(FileStreamSink.scala:53)
[2025-12-20T01:05:23.854+0000] {spark_submit.py:649} INFO - at org.apache.spark.sql.execution.datasources.DataSource.resolveRelation(DataSource.scala:366)
[2025-12-20T01:05:23.854+0000] {spark_submit.py:649} INFO - at org.apache.spark.sql.DataFrameReader.loadV1Source(DataFrameReader.scala:229)
[2025-12-20T01:05:23.854+0000] {spark_submit.py:649} INFO - at org.apache.spark.sql.DataFrameReader.$anonfun$load$2(DataFrameReader.scala:211)
[2025-12-20T01:05:23.855+0000] {spark_submit.py:649} INFO - at scala.Option.getOrElse(Option.scala:189)
[2025-12-20T01:05:23.855+0000] {spark_submit.py:649} INFO - at org.apache.spark.sql.DataFrameReader.load(DataFrameReader.scala:211)
[2025-12-20T01:05:23.855+0000] {spark_submit.py:649} INFO - at org.apache.spark.sql.DataFrameReader.csv(DataFrameReader.scala:538)
[2025-12-20T01:05:23.855+0000] {spark_submit.py:649} INFO - at java.base/jdk.internal.reflect.NativeMethodAccessorImpl.invoke0(Native Method)
[2025-12-20T01:05:23.855+0000] {spark_submit.py:649} INFO - at java.base/jdk.internal.reflect.NativeMethodAccessorImpl.invoke(NativeMethodAccessorImpl.java:77)
[2025-12-20T01:05:23.855+0000] {spark_submit.py:649} INFO - at java.base/jdk.internal.reflect.DelegatingMethodAccessorImpl.invoke(DelegatingMethodAccessorImpl.java:43)
[2025-12-20T01:05:23.855+0000] {spark_submit.py:649} INFO - at java.base/java.lang.reflect.Method.invoke(Method.java:569)
[2025-12-20T01:05:23.855+0000] {spark_submit.py:649} INFO - at py4j.reflection.MethodInvoker.invoke(MethodInvoker.java:244)
[2025-12-20T01:05:23.855+0000] {spark_submit.py:649} INFO - at py4j.reflection.ReflectionEngine.invoke(ReflectionEngine.java:374)
[2025-12-20T01:05:23.856+0000] {spark_submit.py:649} INFO - at py4j.Gateway.invoke(Gateway.java:282)
[2025-12-20T01:05:23.856+0000] {spark_submit.py:649} INFO - at py4j.commands.AbstractCommand.invokeMethod(AbstractCommand.java:132)
[2025-12-20T01:05:23.856+0000] {spark_submit.py:649} INFO - at py4j.commands.CallCommand.execute(CallCommand.java:79)
[2025-12-20T01:05:23.856+0000] {spark_submit.py:649} INFO - at py4j.ClientServerConnection.waitForCommands(ClientServerConnection.java:182)
[2025-12-20T01:05:23.856+0000] {spark_submit.py:649} INFO - at py4j.ClientServerConnection.run(ClientServerConnection.java:106)
[2025-12-20T01:05:23.856+0000] {spark_submit.py:649} INFO - at java.base/java.lang.Thread.run(Thread.java:840)
[2025-12-20T01:05:23.856+0000] {spark_submit.py:649} INFO - Caused by: java.net.UnknownHostException: namenode
[2025-12-20T01:05:23.856+0000] {spark_submit.py:649} INFO - ... 31 more
[2025-12-20T01:05:23.856+0000] {spark_submit.py:649} INFO - 25/12/20 01:05:23 WARN FileSystem: Failed to initialize fileystem hdfs://namenode:9000/data/raw/orders/precos_semestrais_automotivos_2025_01.csv: java.lang.IllegalArgumentException: java.net.UnknownHostException: namenode
[2025-12-20T01:05:23.873+0000] {spark_submit.py:649} INFO - Traceback (most recent call last):
[2025-12-20T01:05:23.874+0000] {spark_submit.py:649} INFO - File "/opt/***/spark_jobs/spark_raw_silver_gold_com_hdfs.py", line 25, in <module>
[2025-12-20T01:05:23.874+0000] {spark_submit.py:649} INFO - spark.read
[2025-12-20T01:05:23.874+0000] {spark_submit.py:649} INFO - File "/opt/spark-3.4.3-bin-hadoop3/python/lib/pyspark.zip/pyspark/sql/readwriter.py", line 727, in csv
[2025-12-20T01:05:23.874+0000] {spark_submit.py:649} INFO - File "/opt/spark-3.4.3-bin-hadoop3/python/lib/py4j-0.10.9.7-src.zip/py4j/java_gateway.py", line 1322, in __call__
[2025-12-20T01:05:23.874+0000] {spark_submit.py:649} INFO - File "/opt/spark-3.4.3-bin-hadoop3/python/lib/pyspark.zip/pyspark/errors/exceptions/captured.py", line 175, in deco
[2025-12-20T01:05:23.877+0000] {spark_submit.py:649} INFO - pyspark.errors.exceptions.captured.IllegalArgumentException: java.net.UnknownHostException: namenode
[2025-12-20T01:05:23.896+0000] {spark_submit.py:649} INFO - 25/12/20 01:05:23 INFO ShutdownHookManager: Shutdown hook called
[2025-12-20T01:05:23.897+0000] {spark_submit.py:649} INFO - 25/12/20 01:05:23 INFO ShutdownHookManager: Deleting directory /tmp/spark-1528e06d-c196-4094-9297-ed7944792cfe
[2025-12-20T01:05:23.900+0000] {spark_submit.py:649} INFO - 25/12/20 01:05:23 INFO ShutdownHookManager: Deleting directory /tmp/spark-2ab548eb-0cfd-42d0-8aae-44e0b98f3bcc
[2025-12-20T01:05:23.904+0000] {spark_submit.py:649} INFO - 25/12/20 01:05:23 INFO ShutdownHookManager: Deleting directory /tmp/spark-2ab548eb-0cfd-42d0-8aae-44e0b98f3bcc/pyspark-8b0d65e1-366e-4ebb-b0cc-64236f141450
[2025-12-20T01:05:23.944+0000] {taskinstance.py:2698} ERROR - Task failed with exception
Traceback (most recent call last):
  File "/home/airflow/.local/lib/python3.8/site-packages/airflow/models/taskinstance.py", line 433, in _execute_task
    result = execute_callable(context=context, **execute_callable_kwargs)
  File "/home/airflow/.local/lib/python3.8/site-packages/airflow/providers/apache/spark/operators/spark_submit.py", line 176, in execute
    self._hook.submit(self.application)
  File "/home/airflow/.local/lib/python3.8/site-packages/airflow/providers/apache/spark/hooks/spark_submit.py", line 575, in submit
    raise AirflowException(
airflow.exceptions.AirflowException: Cannot execute: spark-submit --master spark://spark-master:7077 --conf spark.master=spark://spark-master:7077 --name arrow-spark --verbose --deploy-mode client /opt/***/spark_jobs/spark_raw_silver_gold_com_hdfs.py. Error code is: 1.
[2025-12-20T01:05:23.946+0000] {taskinstance.py:1138} INFO - Marking task as FAILED. dag_id=automotivos_raw_silver_gold, task_id=spark_raw_silver_gold, execution_date=20251220T005918, start_date=20251220T010421, end_date=20251220T010523
[2025-12-20T01:05:23.962+0000] {standard_task_runner.py:107} ERROR - Failed to execute job 7 for task spark_raw_silver_gold (Cannot execute: spark-submit --master spark://spark-master:7077 --conf spark.master=spark://spark-master:7077 --name arrow-spark --verbose --deploy-mode client /opt/***/spark_jobs/spark_raw_silver_gold_com_hdfs.py. Error code is: 1.; 349)
[2025-12-20T01:05:23.997+0000] {local_task_job_runner.py:234} INFO - Task exited with return code 1
[2025-12-20T01:05:24.008+0000] {taskinstance.py:3280} INFO - 0 downstream tasks scheduled from follow-on schedule check
