[2025-12-20T00:59:18.670+0000] {taskinstance.py:1956} INFO - Dependencies all met for dep_context=non-requeueable deps ti=<TaskInstance: automotivos_raw_silver_gold.spark_raw_silver_gold manual__2025-12-20T00:59:18.498671+00:00 [queued]>
[2025-12-20T00:59:18.674+0000] {taskinstance.py:1956} INFO - Dependencies all met for dep_context=requeueable deps ti=<TaskInstance: automotivos_raw_silver_gold.spark_raw_silver_gold manual__2025-12-20T00:59:18.498671+00:00 [queued]>
[2025-12-20T00:59:18.675+0000] {taskinstance.py:2170} INFO - Starting attempt 1 of 2
[2025-12-20T00:59:18.683+0000] {taskinstance.py:2191} INFO - Executing <Task(SparkSubmitOperator): spark_raw_silver_gold> on 2025-12-20 00:59:18.498671+00:00
[2025-12-20T00:59:18.688+0000] {standard_task_runner.py:60} INFO - Started process 229 to run task
[2025-12-20T00:59:18.690+0000] {standard_task_runner.py:87} INFO - Running: ['***', 'tasks', 'run', 'automotivos_raw_silver_gold', 'spark_raw_silver_gold', 'manual__2025-12-20T00:59:18.498671+00:00', '--job-id', '4', '--raw', '--subdir', 'DAGS_FOLDER/automotivos_raw_silver_gold_dag.py', '--cfg-path', '/tmp/tmpt0sgr7qf']
[2025-12-20T00:59:18.692+0000] {standard_task_runner.py:88} INFO - Job 4: Subtask spark_raw_silver_gold
[2025-12-20T00:59:18.725+0000] {task_command.py:423} INFO - Running <TaskInstance: automotivos_raw_silver_gold.spark_raw_silver_gold manual__2025-12-20T00:59:18.498671+00:00 [running]> on host 958ebb8f0229
[2025-12-20T00:59:18.776+0000] {taskinstance.py:2480} INFO - Exporting env vars: AIRFLOW_CTX_DAG_OWNER='***' AIRFLOW_CTX_DAG_ID='automotivos_raw_silver_gold' AIRFLOW_CTX_TASK_ID='spark_raw_silver_gold' AIRFLOW_CTX_EXECUTION_DATE='2025-12-20T00:59:18.498671+00:00' AIRFLOW_CTX_TRY_NUMBER='1' AIRFLOW_CTX_DAG_RUN_ID='manual__2025-12-20T00:59:18.498671+00:00'
[2025-12-20T00:59:18.781+0000] {base.py:83} INFO - Using connection ID 'spark_standalone' for task execution.
[2025-12-20T00:59:18.782+0000] {spark_submit.py:473} INFO - Spark-Submit cmd: spark-submit --master spark-master:7077 --name arrow-spark --verbose --deploy-mode client /opt/***/spark_jobs/spark_raw_silver_gold_com_hdfs.py
[2025-12-20T00:59:19.470+0000] {spark_submit.py:649} INFO - Using properties file: null
[2025-12-20T00:59:19.530+0000] {spark_submit.py:649} INFO - Parsed arguments:
[2025-12-20T00:59:19.530+0000] {spark_submit.py:649} INFO - master                  spark-master:7077
[2025-12-20T00:59:19.530+0000] {spark_submit.py:649} INFO - remote                  null
[2025-12-20T00:59:19.530+0000] {spark_submit.py:649} INFO - deployMode              client
[2025-12-20T00:59:19.530+0000] {spark_submit.py:649} INFO - executorMemory          null
[2025-12-20T00:59:19.531+0000] {spark_submit.py:649} INFO - executorCores           null
[2025-12-20T00:59:19.531+0000] {spark_submit.py:649} INFO - totalExecutorCores      null
[2025-12-20T00:59:19.531+0000] {spark_submit.py:649} INFO - propertiesFile          null
[2025-12-20T00:59:19.531+0000] {spark_submit.py:649} INFO - driverMemory            null
[2025-12-20T00:59:19.531+0000] {spark_submit.py:649} INFO - driverCores             null
[2025-12-20T00:59:19.531+0000] {spark_submit.py:649} INFO - driverExtraClassPath    null
[2025-12-20T00:59:19.531+0000] {spark_submit.py:649} INFO - driverExtraLibraryPath  null
[2025-12-20T00:59:19.531+0000] {spark_submit.py:649} INFO - driverExtraJavaOptions  null
[2025-12-20T00:59:19.532+0000] {spark_submit.py:649} INFO - supervise               false
[2025-12-20T00:59:19.532+0000] {spark_submit.py:649} INFO - queue                   null
[2025-12-20T00:59:19.532+0000] {spark_submit.py:649} INFO - numExecutors            null
[2025-12-20T00:59:19.532+0000] {spark_submit.py:649} INFO - files                   null
[2025-12-20T00:59:19.532+0000] {spark_submit.py:649} INFO - pyFiles                 null
[2025-12-20T00:59:19.532+0000] {spark_submit.py:649} INFO - archives                null
[2025-12-20T00:59:19.532+0000] {spark_submit.py:649} INFO - mainClass               null
[2025-12-20T00:59:19.532+0000] {spark_submit.py:649} INFO - primaryResource         file:/opt/***/spark_jobs/spark_raw_silver_gold_com_hdfs.py
[2025-12-20T00:59:19.533+0000] {spark_submit.py:649} INFO - name                    arrow-spark
[2025-12-20T00:59:19.533+0000] {spark_submit.py:649} INFO - childArgs               []
[2025-12-20T00:59:19.533+0000] {spark_submit.py:649} INFO - jars                    null
[2025-12-20T00:59:19.533+0000] {spark_submit.py:649} INFO - packages                null
[2025-12-20T00:59:19.533+0000] {spark_submit.py:649} INFO - packagesExclusions      null
[2025-12-20T00:59:19.533+0000] {spark_submit.py:649} INFO - repositories            null
[2025-12-20T00:59:19.533+0000] {spark_submit.py:649} INFO - verbose                 true
[2025-12-20T00:59:19.534+0000] {spark_submit.py:649} INFO - 
[2025-12-20T00:59:19.534+0000] {spark_submit.py:649} INFO - Spark properties used, including those specified through
[2025-12-20T00:59:19.534+0000] {spark_submit.py:649} INFO - --conf and those from the properties file null:
[2025-12-20T00:59:19.534+0000] {spark_submit.py:649} INFO - 
[2025-12-20T00:59:19.534+0000] {spark_submit.py:649} INFO - 
[2025-12-20T00:59:19.534+0000] {spark_submit.py:649} INFO - 
[2025-12-20T00:59:19.688+0000] {spark_submit.py:649} INFO - Main class:
[2025-12-20T00:59:19.688+0000] {spark_submit.py:649} INFO - org.apache.spark.deploy.PythonRunner
[2025-12-20T00:59:19.689+0000] {spark_submit.py:649} INFO - Arguments:
[2025-12-20T00:59:19.689+0000] {spark_submit.py:649} INFO - file:/opt/***/spark_jobs/spark_raw_silver_gold_com_hdfs.py
[2025-12-20T00:59:19.689+0000] {spark_submit.py:649} INFO - null
[2025-12-20T00:59:19.691+0000] {spark_submit.py:649} INFO - Spark config:
[2025-12-20T00:59:19.691+0000] {spark_submit.py:649} INFO - (spark.app.name,arrow-spark)
[2025-12-20T00:59:19.691+0000] {spark_submit.py:649} INFO - (spark.app.submitTime,1766192359678)
[2025-12-20T00:59:19.691+0000] {spark_submit.py:649} INFO - (spark.master,spark-master:7077)
[2025-12-20T00:59:19.692+0000] {spark_submit.py:649} INFO - (spark.submit.deployMode,client)
[2025-12-20T00:59:19.692+0000] {spark_submit.py:649} INFO - (spark.submit.pyFiles,)
[2025-12-20T00:59:19.692+0000] {spark_submit.py:649} INFO - Classpath elements:
[2025-12-20T00:59:19.692+0000] {spark_submit.py:649} INFO - 
[2025-12-20T00:59:19.692+0000] {spark_submit.py:649} INFO - 
[2025-12-20T00:59:19.692+0000] {spark_submit.py:649} INFO - 
[2025-12-20T00:59:20.107+0000] {spark_submit.py:649} INFO - 25/12/20 00:59:20 INFO SparkContext: Running Spark version 3.4.3
[2025-12-20T00:59:20.134+0000] {spark_submit.py:649} INFO - 25/12/20 00:59:20 WARN NativeCodeLoader: Unable to load native-hadoop library for your platform... using builtin-java classes where applicable
[2025-12-20T00:59:20.174+0000] {spark_submit.py:649} INFO - 25/12/20 00:59:20 INFO ResourceUtils: ==============================================================
[2025-12-20T00:59:20.175+0000] {spark_submit.py:649} INFO - 25/12/20 00:59:20 INFO ResourceUtils: No custom resources configured for spark.driver.
[2025-12-20T00:59:20.175+0000] {spark_submit.py:649} INFO - 25/12/20 00:59:20 INFO ResourceUtils: ==============================================================
[2025-12-20T00:59:20.175+0000] {spark_submit.py:649} INFO - 25/12/20 00:59:20 INFO SparkContext: Submitted application: Automotivos-RAW-SILVER-GOLD
[2025-12-20T00:59:20.185+0000] {spark_submit.py:649} INFO - 25/12/20 00:59:20 INFO ResourceProfile: Default ResourceProfile created, executor resources: Map(cores -> name: cores, amount: 1, script: , vendor: , memory -> name: memory, amount: 1024, script: , vendor: , offHeap -> name: offHeap, amount: 0, script: , vendor: ), task resources: Map(cpus -> name: cpus, amount: 1.0)
[2025-12-20T00:59:20.189+0000] {spark_submit.py:649} INFO - 25/12/20 00:59:20 INFO ResourceProfile: Limiting resource is cpu
[2025-12-20T00:59:20.190+0000] {spark_submit.py:649} INFO - 25/12/20 00:59:20 INFO ResourceProfileManager: Added ResourceProfile id: 0
[2025-12-20T00:59:20.213+0000] {spark_submit.py:649} INFO - 25/12/20 00:59:20 INFO SecurityManager: Changing view acls to: ***
[2025-12-20T00:59:20.214+0000] {spark_submit.py:649} INFO - 25/12/20 00:59:20 INFO SecurityManager: Changing modify acls to: ***
[2025-12-20T00:59:20.214+0000] {spark_submit.py:649} INFO - 25/12/20 00:59:20 INFO SecurityManager: Changing view acls groups to:
[2025-12-20T00:59:20.214+0000] {spark_submit.py:649} INFO - 25/12/20 00:59:20 INFO SecurityManager: Changing modify acls groups to:
[2025-12-20T00:59:20.214+0000] {spark_submit.py:649} INFO - 25/12/20 00:59:20 INFO SecurityManager: SecurityManager: authentication disabled; ui acls disabled; users with view permissions: ***; groups with view permissions: EMPTY; users with modify permissions: ***; groups with modify permissions: EMPTY
[2025-12-20T00:59:20.314+0000] {spark_submit.py:649} INFO - 25/12/20 00:59:20 INFO Utils: Successfully started service 'sparkDriver' on port 41357.
[2025-12-20T00:59:20.326+0000] {spark_submit.py:649} INFO - 25/12/20 00:59:20 INFO SparkEnv: Registering MapOutputTracker
[2025-12-20T00:59:20.343+0000] {spark_submit.py:649} INFO - 25/12/20 00:59:20 INFO SparkEnv: Registering BlockManagerMaster
[2025-12-20T00:59:20.351+0000] {spark_submit.py:649} INFO - 25/12/20 00:59:20 INFO BlockManagerMasterEndpoint: Using org.apache.spark.storage.DefaultTopologyMapper for getting topology information
[2025-12-20T00:59:20.351+0000] {spark_submit.py:649} INFO - 25/12/20 00:59:20 INFO BlockManagerMasterEndpoint: BlockManagerMasterEndpoint up
[2025-12-20T00:59:20.352+0000] {spark_submit.py:649} INFO - 25/12/20 00:59:20 INFO SparkEnv: Registering BlockManagerMasterHeartbeat
[2025-12-20T00:59:20.360+0000] {spark_submit.py:649} INFO - 25/12/20 00:59:20 INFO DiskBlockManager: Created local directory at /tmp/blockmgr-7712fbf9-126c-4bc8-bd50-bacf0238e999
[2025-12-20T00:59:20.368+0000] {spark_submit.py:649} INFO - 25/12/20 00:59:20 INFO MemoryStore: MemoryStore started with capacity 434.4 MiB
[2025-12-20T00:59:20.374+0000] {spark_submit.py:649} INFO - 25/12/20 00:59:20 INFO SparkEnv: Registering OutputCommitCoordinator
[2025-12-20T00:59:20.428+0000] {spark_submit.py:649} INFO - 25/12/20 00:59:20 INFO JettyUtils: Start Jetty 0.0.0.0:4040 for SparkUI
[2025-12-20T00:59:20.453+0000] {spark_submit.py:649} INFO - 25/12/20 00:59:20 INFO Utils: Successfully started service 'SparkUI' on port 4040.
[2025-12-20T00:59:20.476+0000] {spark_submit.py:649} INFO - 25/12/20 00:59:20 ERROR SparkContext: Error initializing SparkContext.
[2025-12-20T00:59:20.476+0000] {spark_submit.py:649} INFO - org.apache.spark.SparkException: Could not parse Master URL: 'spark-master:7077'
[2025-12-20T00:59:20.476+0000] {spark_submit.py:649} INFO - at org.apache.spark.SparkContext$.org$apache$spark$SparkContext$$createTaskScheduler(SparkContext.scala:3033)
[2025-12-20T00:59:20.477+0000] {spark_submit.py:649} INFO - at org.apache.spark.SparkContext.<init>(SparkContext.scala:568)
[2025-12-20T00:59:20.477+0000] {spark_submit.py:649} INFO - at org.apache.spark.api.java.JavaSparkContext.<init>(JavaSparkContext.scala:58)
[2025-12-20T00:59:20.477+0000] {spark_submit.py:649} INFO - at java.base/jdk.internal.reflect.NativeConstructorAccessorImpl.newInstance0(Native Method)
[2025-12-20T00:59:20.477+0000] {spark_submit.py:649} INFO - at java.base/jdk.internal.reflect.NativeConstructorAccessorImpl.newInstance(NativeConstructorAccessorImpl.java:77)
[2025-12-20T00:59:20.477+0000] {spark_submit.py:649} INFO - at java.base/jdk.internal.reflect.DelegatingConstructorAccessorImpl.newInstance(DelegatingConstructorAccessorImpl.java:45)
[2025-12-20T00:59:20.477+0000] {spark_submit.py:649} INFO - at java.base/java.lang.reflect.Constructor.newInstanceWithCaller(Constructor.java:500)
[2025-12-20T00:59:20.477+0000] {spark_submit.py:649} INFO - at java.base/java.lang.reflect.Constructor.newInstance(Constructor.java:481)
[2025-12-20T00:59:20.477+0000] {spark_submit.py:649} INFO - at py4j.reflection.MethodInvoker.invoke(MethodInvoker.java:247)
[2025-12-20T00:59:20.477+0000] {spark_submit.py:649} INFO - at py4j.reflection.ReflectionEngine.invoke(ReflectionEngine.java:374)
[2025-12-20T00:59:20.478+0000] {spark_submit.py:649} INFO - at py4j.Gateway.invoke(Gateway.java:238)
[2025-12-20T00:59:20.478+0000] {spark_submit.py:649} INFO - at py4j.commands.ConstructorCommand.invokeConstructor(ConstructorCommand.java:80)
[2025-12-20T00:59:20.478+0000] {spark_submit.py:649} INFO - at py4j.commands.ConstructorCommand.execute(ConstructorCommand.java:69)
[2025-12-20T00:59:20.478+0000] {spark_submit.py:649} INFO - at py4j.ClientServerConnection.waitForCommands(ClientServerConnection.java:182)
[2025-12-20T00:59:20.478+0000] {spark_submit.py:649} INFO - at py4j.ClientServerConnection.run(ClientServerConnection.java:106)
[2025-12-20T00:59:20.478+0000] {spark_submit.py:649} INFO - at java.base/java.lang.Thread.run(Thread.java:840)
[2025-12-20T00:59:20.478+0000] {spark_submit.py:649} INFO - 25/12/20 00:59:20 INFO SparkContext: SparkContext is stopping with exitCode 0.
[2025-12-20T00:59:20.485+0000] {spark_submit.py:649} INFO - 25/12/20 00:59:20 INFO SparkUI: Stopped Spark web UI at http://958ebb8f0229:4040
[2025-12-20T00:59:20.494+0000] {spark_submit.py:649} INFO - 25/12/20 00:59:20 INFO MapOutputTrackerMasterEndpoint: MapOutputTrackerMasterEndpoint stopped!
[2025-12-20T00:59:20.501+0000] {spark_submit.py:649} INFO - 25/12/20 00:59:20 INFO MemoryStore: MemoryStore cleared
[2025-12-20T00:59:20.501+0000] {spark_submit.py:649} INFO - 25/12/20 00:59:20 INFO BlockManager: BlockManager stopped
[2025-12-20T00:59:20.505+0000] {spark_submit.py:649} INFO - 25/12/20 00:59:20 INFO BlockManagerMaster: BlockManagerMaster stopped
[2025-12-20T00:59:20.505+0000] {spark_submit.py:649} INFO - 25/12/20 00:59:20 WARN MetricsSystem: Stopping a MetricsSystem that is not running
[2025-12-20T00:59:20.507+0000] {spark_submit.py:649} INFO - 25/12/20 00:59:20 INFO OutputCommitCoordinator$OutputCommitCoordinatorEndpoint: OutputCommitCoordinator stopped!
[2025-12-20T00:59:20.512+0000] {spark_submit.py:649} INFO - 25/12/20 00:59:20 INFO SparkContext: Successfully stopped SparkContext
[2025-12-20T00:59:20.512+0000] {spark_submit.py:649} INFO - Traceback (most recent call last):
[2025-12-20T00:59:20.512+0000] {spark_submit.py:649} INFO - File "/opt/***/spark_jobs/spark_raw_silver_gold_com_hdfs.py", line 16, in <module>
[2025-12-20T00:59:20.512+0000] {spark_submit.py:649} INFO - SparkSession.builder
[2025-12-20T00:59:20.512+0000] {spark_submit.py:649} INFO - File "/opt/spark-3.4.3-bin-hadoop3/python/lib/pyspark.zip/pyspark/sql/session.py", line 477, in getOrCreate
[2025-12-20T00:59:20.512+0000] {spark_submit.py:649} INFO - File "/opt/spark-3.4.3-bin-hadoop3/python/lib/pyspark.zip/pyspark/context.py", line 512, in getOrCreate
[2025-12-20T00:59:20.512+0000] {spark_submit.py:649} INFO - File "/opt/spark-3.4.3-bin-hadoop3/python/lib/pyspark.zip/pyspark/context.py", line 200, in __init__
[2025-12-20T00:59:20.513+0000] {spark_submit.py:649} INFO - File "/opt/spark-3.4.3-bin-hadoop3/python/lib/pyspark.zip/pyspark/context.py", line 287, in _do_init
[2025-12-20T00:59:20.513+0000] {spark_submit.py:649} INFO - File "/opt/spark-3.4.3-bin-hadoop3/python/lib/pyspark.zip/pyspark/context.py", line 417, in _initialize_context
[2025-12-20T00:59:20.513+0000] {spark_submit.py:649} INFO - File "/opt/spark-3.4.3-bin-hadoop3/python/lib/py4j-0.10.9.7-src.zip/py4j/java_gateway.py", line 1587, in __call__
[2025-12-20T00:59:20.513+0000] {spark_submit.py:649} INFO - File "/opt/spark-3.4.3-bin-hadoop3/python/lib/py4j-0.10.9.7-src.zip/py4j/protocol.py", line 326, in get_return_value
[2025-12-20T00:59:20.513+0000] {spark_submit.py:649} INFO - py4j.protocol.Py4JJavaError: An error occurred while calling None.org.apache.spark.api.java.JavaSparkContext.
[2025-12-20T00:59:20.513+0000] {spark_submit.py:649} INFO - : org.apache.spark.SparkException: Could not parse Master URL: 'spark-master:7077'
[2025-12-20T00:59:20.514+0000] {spark_submit.py:649} INFO - at org.apache.spark.SparkContext$.org$apache$spark$SparkContext$$createTaskScheduler(SparkContext.scala:3033)
[2025-12-20T00:59:20.514+0000] {spark_submit.py:649} INFO - at org.apache.spark.SparkContext.<init>(SparkContext.scala:568)
[2025-12-20T00:59:20.514+0000] {spark_submit.py:649} INFO - at org.apache.spark.api.java.JavaSparkContext.<init>(JavaSparkContext.scala:58)
[2025-12-20T00:59:20.514+0000] {spark_submit.py:649} INFO - at java.base/jdk.internal.reflect.NativeConstructorAccessorImpl.newInstance0(Native Method)
[2025-12-20T00:59:20.514+0000] {spark_submit.py:649} INFO - at java.base/jdk.internal.reflect.NativeConstructorAccessorImpl.newInstance(NativeConstructorAccessorImpl.java:77)
[2025-12-20T00:59:20.514+0000] {spark_submit.py:649} INFO - at java.base/jdk.internal.reflect.DelegatingConstructorAccessorImpl.newInstance(DelegatingConstructorAccessorImpl.java:45)
[2025-12-20T00:59:20.514+0000] {spark_submit.py:649} INFO - at java.base/java.lang.reflect.Constructor.newInstanceWithCaller(Constructor.java:500)
[2025-12-20T00:59:20.514+0000] {spark_submit.py:649} INFO - at java.base/java.lang.reflect.Constructor.newInstance(Constructor.java:481)
[2025-12-20T00:59:20.515+0000] {spark_submit.py:649} INFO - at py4j.reflection.MethodInvoker.invoke(MethodInvoker.java:247)
[2025-12-20T00:59:20.515+0000] {spark_submit.py:649} INFO - at py4j.reflection.ReflectionEngine.invoke(ReflectionEngine.java:374)
[2025-12-20T00:59:20.515+0000] {spark_submit.py:649} INFO - at py4j.Gateway.invoke(Gateway.java:238)
[2025-12-20T00:59:20.515+0000] {spark_submit.py:649} INFO - at py4j.commands.ConstructorCommand.invokeConstructor(ConstructorCommand.java:80)
[2025-12-20T00:59:20.515+0000] {spark_submit.py:649} INFO - at py4j.commands.ConstructorCommand.execute(ConstructorCommand.java:69)
[2025-12-20T00:59:20.515+0000] {spark_submit.py:649} INFO - at py4j.ClientServerConnection.waitForCommands(ClientServerConnection.java:182)
[2025-12-20T00:59:20.515+0000] {spark_submit.py:649} INFO - at py4j.ClientServerConnection.run(ClientServerConnection.java:106)
[2025-12-20T00:59:20.515+0000] {spark_submit.py:649} INFO - at java.base/java.lang.Thread.run(Thread.java:840)
[2025-12-20T00:59:20.515+0000] {spark_submit.py:649} INFO - 
[2025-12-20T00:59:20.531+0000] {spark_submit.py:649} INFO - 25/12/20 00:59:20 INFO ShutdownHookManager: Shutdown hook called
[2025-12-20T00:59:20.532+0000] {spark_submit.py:649} INFO - 25/12/20 00:59:20 INFO ShutdownHookManager: Deleting directory /tmp/spark-881a92c1-028c-41ea-bd5a-58b6ec280140
[2025-12-20T00:59:20.534+0000] {spark_submit.py:649} INFO - 25/12/20 00:59:20 INFO ShutdownHookManager: Deleting directory /tmp/spark-2cdfc64a-6816-4973-987e-2e19454b1223
[2025-12-20T00:59:20.564+0000] {taskinstance.py:2698} ERROR - Task failed with exception
Traceback (most recent call last):
  File "/home/airflow/.local/lib/python3.8/site-packages/airflow/models/taskinstance.py", line 433, in _execute_task
    result = execute_callable(context=context, **execute_callable_kwargs)
  File "/home/airflow/.local/lib/python3.8/site-packages/airflow/providers/apache/spark/operators/spark_submit.py", line 176, in execute
    self._hook.submit(self.application)
  File "/home/airflow/.local/lib/python3.8/site-packages/airflow/providers/apache/spark/hooks/spark_submit.py", line 575, in submit
    raise AirflowException(
airflow.exceptions.AirflowException: Cannot execute: spark-submit --master spark-master:7077 --name arrow-spark --verbose --deploy-mode client /opt/***/spark_jobs/spark_raw_silver_gold_com_hdfs.py. Error code is: 1.
[2025-12-20T00:59:20.566+0000] {taskinstance.py:1138} INFO - Marking task as UP_FOR_RETRY. dag_id=automotivos_raw_silver_gold, task_id=spark_raw_silver_gold, execution_date=20251220T005918, start_date=20251220T005918, end_date=20251220T005920
[2025-12-20T00:59:20.573+0000] {standard_task_runner.py:107} ERROR - Failed to execute job 4 for task spark_raw_silver_gold (Cannot execute: spark-submit --master spark-master:7077 --name arrow-spark --verbose --deploy-mode client /opt/***/spark_jobs/spark_raw_silver_gold_com_hdfs.py. Error code is: 1.; 229)
[2025-12-20T00:59:20.584+0000] {local_task_job_runner.py:234} INFO - Task exited with return code 1
[2025-12-20T00:59:20.597+0000] {taskinstance.py:3280} INFO - 0 downstream tasks scheduled from follow-on schedule check
