[2025-12-19T23:02:00.183+0000] {taskinstance.py:1956} INFO - Dependencies all met for dep_context=non-requeueable deps ti=<TaskInstance: automotivos_raw_silver_gold.spark_raw_silver_gold manual__2025-12-19T23:01:59.740934+00:00 [queued]>
[2025-12-19T23:02:00.187+0000] {taskinstance.py:1956} INFO - Dependencies all met for dep_context=requeueable deps ti=<TaskInstance: automotivos_raw_silver_gold.spark_raw_silver_gold manual__2025-12-19T23:01:59.740934+00:00 [queued]>
[2025-12-19T23:02:00.187+0000] {taskinstance.py:2170} INFO - Starting attempt 1 of 2
[2025-12-19T23:02:00.195+0000] {taskinstance.py:2191} INFO - Executing <Task(SparkSubmitOperator): spark_raw_silver_gold> on 2025-12-19 23:01:59.740934+00:00
[2025-12-19T23:02:00.200+0000] {standard_task_runner.py:60} INFO - Started process 209 to run task
[2025-12-19T23:02:00.202+0000] {standard_task_runner.py:87} INFO - Running: ['***', 'tasks', 'run', 'automotivos_raw_silver_gold', 'spark_raw_silver_gold', 'manual__2025-12-19T23:01:59.740934+00:00', '--job-id', '3', '--raw', '--subdir', 'DAGS_FOLDER/automotivos_raw_silver_gold_dag.py', '--cfg-path', '/tmp/tmpfh2yxb0d']
[2025-12-19T23:02:00.203+0000] {standard_task_runner.py:88} INFO - Job 3: Subtask spark_raw_silver_gold
[2025-12-19T23:02:00.234+0000] {task_command.py:423} INFO - Running <TaskInstance: automotivos_raw_silver_gold.spark_raw_silver_gold manual__2025-12-19T23:01:59.740934+00:00 [running]> on host 57b763597fb0
[2025-12-19T23:02:00.283+0000] {taskinstance.py:2480} INFO - Exporting env vars: AIRFLOW_CTX_DAG_OWNER='***' AIRFLOW_CTX_DAG_ID='automotivos_raw_silver_gold' AIRFLOW_CTX_TASK_ID='spark_raw_silver_gold' AIRFLOW_CTX_EXECUTION_DATE='2025-12-19T23:01:59.740934+00:00' AIRFLOW_CTX_TRY_NUMBER='1' AIRFLOW_CTX_DAG_RUN_ID='manual__2025-12-19T23:01:59.740934+00:00'
[2025-12-19T23:02:00.288+0000] {base.py:83} INFO - Using connection ID 'spark_standalone' for task execution.
[2025-12-19T23:02:00.289+0000] {spark_submit.py:473} INFO - Spark-Submit cmd: spark-submit --master spark://spark-master:7077 --conf spark.master=spark://spark-master:7077 --name arrow-spark --verbose /opt/***/spark_jobs/automotivos_raw_silver_gold.py
[2025-12-19T23:02:00.329+0000] {spark_submit.py:649} INFO - JAVA_HOME is not set
[2025-12-19T23:02:00.337+0000] {taskinstance.py:2698} ERROR - Task failed with exception
Traceback (most recent call last):
  File "/home/airflow/.local/lib/python3.8/site-packages/airflow/models/taskinstance.py", line 433, in _execute_task
    result = execute_callable(context=context, **execute_callable_kwargs)
  File "/home/airflow/.local/lib/python3.8/site-packages/airflow/providers/apache/spark/operators/spark_submit.py", line 176, in execute
    self._hook.submit(self.application)
  File "/home/airflow/.local/lib/python3.8/site-packages/airflow/providers/apache/spark/hooks/spark_submit.py", line 575, in submit
    raise AirflowException(
airflow.exceptions.AirflowException: Cannot execute: spark-submit --master spark://spark-master:7077 --conf spark.master=spark://spark-master:7077 --name arrow-spark --verbose /opt/***/spark_jobs/automotivos_raw_silver_gold.py. Error code is: 1.
[2025-12-19T23:02:00.339+0000] {taskinstance.py:1138} INFO - Marking task as UP_FOR_RETRY. dag_id=automotivos_raw_silver_gold, task_id=spark_raw_silver_gold, execution_date=20251219T230159, start_date=20251219T230200, end_date=20251219T230200
[2025-12-19T23:02:00.346+0000] {standard_task_runner.py:107} ERROR - Failed to execute job 3 for task spark_raw_silver_gold (Cannot execute: spark-submit --master spark://spark-master:7077 --conf spark.master=spark://spark-master:7077 --name arrow-spark --verbose /opt/***/spark_jobs/automotivos_raw_silver_gold.py. Error code is: 1.; 209)
[2025-12-19T23:02:00.373+0000] {local_task_job_runner.py:234} INFO - Task exited with return code 1
[2025-12-19T23:02:00.387+0000] {taskinstance.py:3280} INFO - 0 downstream tasks scheduled from follow-on schedule check
