[2025-12-20T13:12:49.072+0000] {taskinstance.py:1103} INFO - Dependencies all met for dep_context=non-requeueable deps ti=<TaskInstance: automotivos_raw_silver_gold_bash.spark_raw_silver_gold manual__2025-12-20T13:12:48+00:00 [queued]>
[2025-12-20T13:12:49.078+0000] {taskinstance.py:1103} INFO - Dependencies all met for dep_context=requeueable deps ti=<TaskInstance: automotivos_raw_silver_gold_bash.spark_raw_silver_gold manual__2025-12-20T13:12:48+00:00 [queued]>
[2025-12-20T13:12:49.078+0000] {taskinstance.py:1308} INFO - Starting attempt 1 of 2
[2025-12-20T13:12:49.086+0000] {taskinstance.py:1327} INFO - Executing <Task(BashOperator): spark_raw_silver_gold> on 2025-12-20 13:12:48+00:00
[2025-12-20T13:12:49.091+0000] {standard_task_runner.py:57} INFO - Started process 381 to run task
[2025-12-20T13:12:49.093+0000] {standard_task_runner.py:84} INFO - Running: ['***', 'tasks', 'run', 'automotivos_raw_silver_gold_bash', 'spark_raw_silver_gold', 'manual__2025-12-20T13:12:48+00:00', '--job-id', '6', '--raw', '--subdir', 'DAGS_FOLDER/automotivos_raw_silver_gold_dag.py', '--cfg-path', '/tmp/tmpi9k71hpx']
[2025-12-20T13:12:49.094+0000] {standard_task_runner.py:85} INFO - Job 6: Subtask spark_raw_silver_gold
[2025-12-20T13:12:49.126+0000] {task_command.py:410} INFO - Running <TaskInstance: automotivos_raw_silver_gold_bash.spark_raw_silver_gold manual__2025-12-20T13:12:48+00:00 [running]> on host f6226f6f3e50
[2025-12-20T13:12:49.181+0000] {taskinstance.py:1547} INFO - Exporting env vars: AIRFLOW_CTX_DAG_OWNER='***' AIRFLOW_CTX_DAG_ID='automotivos_raw_silver_gold_bash' AIRFLOW_CTX_TASK_ID='spark_raw_silver_gold' AIRFLOW_CTX_EXECUTION_DATE='2025-12-20T13:12:48+00:00' AIRFLOW_CTX_TRY_NUMBER='1' AIRFLOW_CTX_DAG_RUN_ID='manual__2025-12-20T13:12:48+00:00'
[2025-12-20T13:12:49.182+0000] {subprocess.py:63} INFO - Tmp dir root location: /tmp
[2025-12-20T13:12:49.182+0000] {subprocess.py:75} INFO - Running command: ['/bin/bash', '-c', 'spark-submit /opt/***/spark_jobs/spark_raw_silver_gold_com_hdfs.py']
[2025-12-20T13:12:49.191+0000] {subprocess.py:86} INFO - Output:
[2025-12-20T13:12:49.192+0000] {subprocess.py:93} INFO - /bin/bash: line 1: spark-submit: command not found
[2025-12-20T13:12:49.192+0000] {subprocess.py:97} INFO - Command exited with return code 127
[2025-12-20T13:12:49.200+0000] {taskinstance.py:1824} ERROR - Task failed with exception
Traceback (most recent call last):
  File "/home/airflow/.local/lib/python3.7/site-packages/airflow/operators/bash.py", line 211, in execute
    f"Bash command failed. The command returned a non-zero exit code {result.exit_code}."
airflow.exceptions.AirflowException: Bash command failed. The command returned a non-zero exit code 127.
[2025-12-20T13:12:49.203+0000] {taskinstance.py:1350} INFO - Marking task as UP_FOR_RETRY. dag_id=automotivos_raw_silver_gold_bash, task_id=spark_raw_silver_gold, execution_date=20251220T131248, start_date=20251220T131249, end_date=20251220T131249
[2025-12-20T13:12:49.210+0000] {standard_task_runner.py:109} ERROR - Failed to execute job 6 for task spark_raw_silver_gold (Bash command failed. The command returned a non-zero exit code 127.; 381)
[2025-12-20T13:12:49.225+0000] {local_task_job_runner.py:225} INFO - Task exited with return code 1
[2025-12-20T13:12:49.238+0000] {taskinstance.py:2653} INFO - 0 downstream tasks scheduled from follow-on schedule check
