[2025-12-20T13:13:50.051+0000] {taskinstance.py:1103} INFO - Dependencies all met for dep_context=non-requeueable deps ti=<TaskInstance: automotivos_raw_silver_gold_bash.spark_raw_silver_gold manual__2025-12-20T13:12:48+00:00 [queued]>
[2025-12-20T13:13:50.056+0000] {taskinstance.py:1103} INFO - Dependencies all met for dep_context=requeueable deps ti=<TaskInstance: automotivos_raw_silver_gold_bash.spark_raw_silver_gold manual__2025-12-20T13:12:48+00:00 [queued]>
[2025-12-20T13:13:50.056+0000] {taskinstance.py:1308} INFO - Starting attempt 2 of 2
[2025-12-20T13:13:50.064+0000] {taskinstance.py:1327} INFO - Executing <Task(BashOperator): spark_raw_silver_gold> on 2025-12-20 13:12:48+00:00
[2025-12-20T13:13:50.069+0000] {standard_task_runner.py:57} INFO - Started process 401 to run task
[2025-12-20T13:13:50.071+0000] {standard_task_runner.py:84} INFO - Running: ['***', 'tasks', 'run', 'automotivos_raw_silver_gold_bash', 'spark_raw_silver_gold', 'manual__2025-12-20T13:12:48+00:00', '--job-id', '7', '--raw', '--subdir', 'DAGS_FOLDER/automotivos_raw_silver_gold_dag.py', '--cfg-path', '/tmp/tmpa9n_6kat']
[2025-12-20T13:13:50.072+0000] {standard_task_runner.py:85} INFO - Job 7: Subtask spark_raw_silver_gold
[2025-12-20T13:13:50.103+0000] {task_command.py:410} INFO - Running <TaskInstance: automotivos_raw_silver_gold_bash.spark_raw_silver_gold manual__2025-12-20T13:12:48+00:00 [running]> on host f6226f6f3e50
[2025-12-20T13:13:50.156+0000] {taskinstance.py:1547} INFO - Exporting env vars: AIRFLOW_CTX_DAG_OWNER='***' AIRFLOW_CTX_DAG_ID='automotivos_raw_silver_gold_bash' AIRFLOW_CTX_TASK_ID='spark_raw_silver_gold' AIRFLOW_CTX_EXECUTION_DATE='2025-12-20T13:12:48+00:00' AIRFLOW_CTX_TRY_NUMBER='2' AIRFLOW_CTX_DAG_RUN_ID='manual__2025-12-20T13:12:48+00:00'
[2025-12-20T13:13:50.157+0000] {subprocess.py:63} INFO - Tmp dir root location: /tmp
[2025-12-20T13:13:50.157+0000] {subprocess.py:75} INFO - Running command: ['/bin/bash', '-c', 'spark-submit /opt/***/spark_jobs/spark_raw_silver_gold_com_hdfs.py']
[2025-12-20T13:13:50.167+0000] {subprocess.py:86} INFO - Output:
[2025-12-20T13:13:50.168+0000] {subprocess.py:93} INFO - /bin/bash: line 1: spark-submit: command not found
[2025-12-20T13:13:50.168+0000] {subprocess.py:97} INFO - Command exited with return code 127
[2025-12-20T13:13:50.177+0000] {taskinstance.py:1824} ERROR - Task failed with exception
Traceback (most recent call last):
  File "/home/airflow/.local/lib/python3.7/site-packages/airflow/operators/bash.py", line 211, in execute
    f"Bash command failed. The command returned a non-zero exit code {result.exit_code}."
airflow.exceptions.AirflowException: Bash command failed. The command returned a non-zero exit code 127.
[2025-12-20T13:13:50.179+0000] {taskinstance.py:1350} INFO - Marking task as FAILED. dag_id=automotivos_raw_silver_gold_bash, task_id=spark_raw_silver_gold, execution_date=20251220T131248, start_date=20251220T131350, end_date=20251220T131350
[2025-12-20T13:13:50.186+0000] {standard_task_runner.py:109} ERROR - Failed to execute job 7 for task spark_raw_silver_gold (Bash command failed. The command returned a non-zero exit code 127.; 401)
[2025-12-20T13:13:50.202+0000] {local_task_job_runner.py:225} INFO - Task exited with return code 1
[2025-12-20T13:13:50.215+0000] {taskinstance.py:2653} INFO - 0 downstream tasks scheduled from follow-on schedule check
