[2025-12-20T01:04:03.177+0000] {taskinstance.py:1956} INFO - Dependencies all met for dep_context=non-requeueable deps ti=<TaskInstance: automotivos_raw_silver_gold.spark_raw_silver_gold manual__2025-12-20T01:04:02+00:00 [queued]>
[2025-12-20T01:04:03.182+0000] {taskinstance.py:1956} INFO - Dependencies all met for dep_context=requeueable deps ti=<TaskInstance: automotivos_raw_silver_gold.spark_raw_silver_gold manual__2025-12-20T01:04:02+00:00 [queued]>
[2025-12-20T01:04:03.182+0000] {taskinstance.py:2170} INFO - Starting attempt 1 of 2
[2025-12-20T01:04:03.189+0000] {taskinstance.py:2191} INFO - Executing <Task(SparkSubmitOperator): spark_raw_silver_gold> on 2025-12-20 01:04:02+00:00
[2025-12-20T01:04:03.194+0000] {standard_task_runner.py:60} INFO - Started process 204 to run task
[2025-12-20T01:04:03.196+0000] {standard_task_runner.py:87} INFO - Running: ['***', 'tasks', 'run', 'automotivos_raw_silver_gold', 'spark_raw_silver_gold', 'manual__2025-12-20T01:04:02+00:00', '--job-id', '6', '--raw', '--subdir', 'DAGS_FOLDER/automotivos_raw_silver_gold_dag.py', '--cfg-path', '/tmp/tmpj36j6iy3']
[2025-12-20T01:04:03.197+0000] {standard_task_runner.py:88} INFO - Job 6: Subtask spark_raw_silver_gold
[2025-12-20T01:04:03.227+0000] {task_command.py:423} INFO - Running <TaskInstance: automotivos_raw_silver_gold.spark_raw_silver_gold manual__2025-12-20T01:04:02+00:00 [running]> on host 958ebb8f0229
[2025-12-20T01:04:03.275+0000] {taskinstance.py:2480} INFO - Exporting env vars: AIRFLOW_CTX_DAG_OWNER='***' AIRFLOW_CTX_DAG_ID='automotivos_raw_silver_gold' AIRFLOW_CTX_TASK_ID='spark_raw_silver_gold' AIRFLOW_CTX_EXECUTION_DATE='2025-12-20T01:04:02+00:00' AIRFLOW_CTX_TRY_NUMBER='1' AIRFLOW_CTX_DAG_RUN_ID='manual__2025-12-20T01:04:02+00:00'
[2025-12-20T01:04:03.281+0000] {base.py:83} INFO - Using connection ID 'spark_standalone' for task execution.
[2025-12-20T01:04:03.281+0000] {spark_submit.py:473} INFO - Spark-Submit cmd: spark-submit --master spark://spark-master:7077 --conf spark.master=spark://spark-master:7077 --name arrow-spark --verbose --deploy-mode client /opt/***/spark_jobs/spark_raw_silver_gold_com_hdfs.py
[2025-12-20T01:04:03.997+0000] {spark_submit.py:649} INFO - Using properties file: null
[2025-12-20T01:04:04.055+0000] {spark_submit.py:649} INFO - Parsed arguments:
[2025-12-20T01:04:04.055+0000] {spark_submit.py:649} INFO - master                  spark://spark-master:7077
[2025-12-20T01:04:04.055+0000] {spark_submit.py:649} INFO - remote                  null
[2025-12-20T01:04:04.055+0000] {spark_submit.py:649} INFO - deployMode              client
[2025-12-20T01:04:04.055+0000] {spark_submit.py:649} INFO - executorMemory          null
[2025-12-20T01:04:04.056+0000] {spark_submit.py:649} INFO - executorCores           null
[2025-12-20T01:04:04.056+0000] {spark_submit.py:649} INFO - totalExecutorCores      null
[2025-12-20T01:04:04.056+0000] {spark_submit.py:649} INFO - propertiesFile          null
[2025-12-20T01:04:04.056+0000] {spark_submit.py:649} INFO - driverMemory            null
[2025-12-20T01:04:04.056+0000] {spark_submit.py:649} INFO - driverCores             null
[2025-12-20T01:04:04.056+0000] {spark_submit.py:649} INFO - driverExtraClassPath    null
[2025-12-20T01:04:04.056+0000] {spark_submit.py:649} INFO - driverExtraLibraryPath  null
[2025-12-20T01:04:04.056+0000] {spark_submit.py:649} INFO - driverExtraJavaOptions  null
[2025-12-20T01:04:04.057+0000] {spark_submit.py:649} INFO - supervise               false
[2025-12-20T01:04:04.057+0000] {spark_submit.py:649} INFO - queue                   null
[2025-12-20T01:04:04.057+0000] {spark_submit.py:649} INFO - numExecutors            null
[2025-12-20T01:04:04.057+0000] {spark_submit.py:649} INFO - files                   null
[2025-12-20T01:04:04.057+0000] {spark_submit.py:649} INFO - pyFiles                 null
[2025-12-20T01:04:04.057+0000] {spark_submit.py:649} INFO - archives                null
[2025-12-20T01:04:04.057+0000] {spark_submit.py:649} INFO - mainClass               null
[2025-12-20T01:04:04.058+0000] {spark_submit.py:649} INFO - primaryResource         file:/opt/***/spark_jobs/spark_raw_silver_gold_com_hdfs.py
[2025-12-20T01:04:04.058+0000] {spark_submit.py:649} INFO - name                    arrow-spark
[2025-12-20T01:04:04.058+0000] {spark_submit.py:649} INFO - childArgs               []
[2025-12-20T01:04:04.058+0000] {spark_submit.py:649} INFO - jars                    null
[2025-12-20T01:04:04.058+0000] {spark_submit.py:649} INFO - packages                null
[2025-12-20T01:04:04.058+0000] {spark_submit.py:649} INFO - packagesExclusions      null
[2025-12-20T01:04:04.058+0000] {spark_submit.py:649} INFO - repositories            null
[2025-12-20T01:04:04.059+0000] {spark_submit.py:649} INFO - verbose                 true
[2025-12-20T01:04:04.059+0000] {spark_submit.py:649} INFO - 
[2025-12-20T01:04:04.059+0000] {spark_submit.py:649} INFO - Spark properties used, including those specified through
[2025-12-20T01:04:04.059+0000] {spark_submit.py:649} INFO - --conf and those from the properties file null:
[2025-12-20T01:04:04.059+0000] {spark_submit.py:649} INFO - (spark.master,spark://spark-master:7077)
[2025-12-20T01:04:04.059+0000] {spark_submit.py:649} INFO - 
[2025-12-20T01:04:04.059+0000] {spark_submit.py:649} INFO - 
[2025-12-20T01:04:04.204+0000] {spark_submit.py:649} INFO - Main class:
[2025-12-20T01:04:04.204+0000] {spark_submit.py:649} INFO - org.apache.spark.deploy.PythonRunner
[2025-12-20T01:04:04.204+0000] {spark_submit.py:649} INFO - Arguments:
[2025-12-20T01:04:04.205+0000] {spark_submit.py:649} INFO - file:/opt/***/spark_jobs/spark_raw_silver_gold_com_hdfs.py
[2025-12-20T01:04:04.205+0000] {spark_submit.py:649} INFO - null
[2025-12-20T01:04:04.206+0000] {spark_submit.py:649} INFO - Spark config:
[2025-12-20T01:04:04.206+0000] {spark_submit.py:649} INFO - (spark.app.name,arrow-spark)
[2025-12-20T01:04:04.206+0000] {spark_submit.py:649} INFO - (spark.app.submitTime,1766192644194)
[2025-12-20T01:04:04.206+0000] {spark_submit.py:649} INFO - (spark.master,spark://spark-master:7077)
[2025-12-20T01:04:04.206+0000] {spark_submit.py:649} INFO - (spark.submit.deployMode,client)
[2025-12-20T01:04:04.207+0000] {spark_submit.py:649} INFO - (spark.submit.pyFiles,)
[2025-12-20T01:04:04.207+0000] {spark_submit.py:649} INFO - Classpath elements:
[2025-12-20T01:04:04.207+0000] {spark_submit.py:649} INFO - 
[2025-12-20T01:04:04.207+0000] {spark_submit.py:649} INFO - 
[2025-12-20T01:04:04.207+0000] {spark_submit.py:649} INFO - 
[2025-12-20T01:04:04.635+0000] {spark_submit.py:649} INFO - 25/12/20 01:04:04 INFO SparkContext: Running Spark version 3.4.3
[2025-12-20T01:04:04.667+0000] {spark_submit.py:649} INFO - 25/12/20 01:04:04 WARN NativeCodeLoader: Unable to load native-hadoop library for your platform... using builtin-java classes where applicable
[2025-12-20T01:04:04.722+0000] {spark_submit.py:649} INFO - 25/12/20 01:04:04 INFO ResourceUtils: ==============================================================
[2025-12-20T01:04:04.723+0000] {spark_submit.py:649} INFO - 25/12/20 01:04:04 INFO ResourceUtils: No custom resources configured for spark.driver.
[2025-12-20T01:04:04.723+0000] {spark_submit.py:649} INFO - 25/12/20 01:04:04 INFO ResourceUtils: ==============================================================
[2025-12-20T01:04:04.723+0000] {spark_submit.py:649} INFO - 25/12/20 01:04:04 INFO SparkContext: Submitted application: Automotivos-RAW-SILVER-GOLD
[2025-12-20T01:04:04.735+0000] {spark_submit.py:649} INFO - 25/12/20 01:04:04 INFO ResourceProfile: Default ResourceProfile created, executor resources: Map(memory -> name: memory, amount: 1024, script: , vendor: , offHeap -> name: offHeap, amount: 0, script: , vendor: ), task resources: Map(cpus -> name: cpus, amount: 1.0)
[2025-12-20T01:04:04.740+0000] {spark_submit.py:649} INFO - 25/12/20 01:04:04 INFO ResourceProfile: Limiting resource is cpu
[2025-12-20T01:04:04.740+0000] {spark_submit.py:649} INFO - 25/12/20 01:04:04 INFO ResourceProfileManager: Added ResourceProfile id: 0
[2025-12-20T01:04:04.772+0000] {spark_submit.py:649} INFO - 25/12/20 01:04:04 INFO SecurityManager: Changing view acls to: ***
[2025-12-20T01:04:04.772+0000] {spark_submit.py:649} INFO - 25/12/20 01:04:04 INFO SecurityManager: Changing modify acls to: ***
[2025-12-20T01:04:04.773+0000] {spark_submit.py:649} INFO - 25/12/20 01:04:04 INFO SecurityManager: Changing view acls groups to:
[2025-12-20T01:04:04.773+0000] {spark_submit.py:649} INFO - 25/12/20 01:04:04 INFO SecurityManager: Changing modify acls groups to:
[2025-12-20T01:04:04.773+0000] {spark_submit.py:649} INFO - 25/12/20 01:04:04 INFO SecurityManager: SecurityManager: authentication disabled; ui acls disabled; users with view permissions: ***; groups with view permissions: EMPTY; users with modify permissions: ***; groups with modify permissions: EMPTY
[2025-12-20T01:04:04.889+0000] {spark_submit.py:649} INFO - 25/12/20 01:04:04 INFO Utils: Successfully started service 'sparkDriver' on port 37003.
[2025-12-20T01:04:04.903+0000] {spark_submit.py:649} INFO - 25/12/20 01:04:04 INFO SparkEnv: Registering MapOutputTracker
[2025-12-20T01:04:04.920+0000] {spark_submit.py:649} INFO - 25/12/20 01:04:04 INFO SparkEnv: Registering BlockManagerMaster
[2025-12-20T01:04:04.930+0000] {spark_submit.py:649} INFO - 25/12/20 01:04:04 INFO BlockManagerMasterEndpoint: Using org.apache.spark.storage.DefaultTopologyMapper for getting topology information
[2025-12-20T01:04:04.930+0000] {spark_submit.py:649} INFO - 25/12/20 01:04:04 INFO BlockManagerMasterEndpoint: BlockManagerMasterEndpoint up
[2025-12-20T01:04:04.932+0000] {spark_submit.py:649} INFO - 25/12/20 01:04:04 INFO SparkEnv: Registering BlockManagerMasterHeartbeat
[2025-12-20T01:04:04.942+0000] {spark_submit.py:649} INFO - 25/12/20 01:04:04 INFO DiskBlockManager: Created local directory at /tmp/blockmgr-c86d263a-49e7-4eb1-b758-36513e901c0a
[2025-12-20T01:04:04.950+0000] {spark_submit.py:649} INFO - 25/12/20 01:04:04 INFO MemoryStore: MemoryStore started with capacity 434.4 MiB
[2025-12-20T01:04:04.958+0000] {spark_submit.py:649} INFO - 25/12/20 01:04:04 INFO SparkEnv: Registering OutputCommitCoordinator
[2025-12-20T01:04:05.025+0000] {spark_submit.py:649} INFO - 25/12/20 01:04:05 INFO JettyUtils: Start Jetty 0.0.0.0:4040 for SparkUI
[2025-12-20T01:04:05.054+0000] {spark_submit.py:649} INFO - 25/12/20 01:04:05 INFO Utils: Successfully started service 'SparkUI' on port 4040.
[2025-12-20T01:04:05.119+0000] {spark_submit.py:649} INFO - 25/12/20 01:04:05 INFO StandaloneAppClient$ClientEndpoint: Connecting to master spark://spark-master:7077...
[2025-12-20T01:04:05.144+0000] {spark_submit.py:649} INFO - 25/12/20 01:04:05 WARN StandaloneAppClient$ClientEndpoint: Failed to connect to master spark-master:7077
[2025-12-20T01:04:05.144+0000] {spark_submit.py:649} INFO - org.apache.spark.SparkException: Exception thrown in awaitResult:
[2025-12-20T01:04:05.145+0000] {spark_submit.py:649} INFO - at org.apache.spark.util.ThreadUtils$.awaitResult(ThreadUtils.scala:322)
[2025-12-20T01:04:05.145+0000] {spark_submit.py:649} INFO - at org.apache.spark.rpc.RpcTimeout.awaitResult(RpcTimeout.scala:75)
[2025-12-20T01:04:05.145+0000] {spark_submit.py:649} INFO - at org.apache.spark.rpc.RpcEnv.setupEndpointRefByURI(RpcEnv.scala:102)
[2025-12-20T01:04:05.145+0000] {spark_submit.py:649} INFO - at org.apache.spark.rpc.RpcEnv.setupEndpointRef(RpcEnv.scala:110)
[2025-12-20T01:04:05.145+0000] {spark_submit.py:649} INFO - at org.apache.spark.deploy.client.StandaloneAppClient$ClientEndpoint$$anon$1.run(StandaloneAppClient.scala:108)
[2025-12-20T01:04:05.145+0000] {spark_submit.py:649} INFO - at java.base/java.util.concurrent.Executors$RunnableAdapter.call(Executors.java:539)
[2025-12-20T01:04:05.145+0000] {spark_submit.py:649} INFO - at java.base/java.util.concurrent.FutureTask.run(FutureTask.java:264)
[2025-12-20T01:04:05.145+0000] {spark_submit.py:649} INFO - at java.base/java.util.concurrent.ThreadPoolExecutor.runWorker(ThreadPoolExecutor.java:1136)
[2025-12-20T01:04:05.146+0000] {spark_submit.py:649} INFO - at java.base/java.util.concurrent.ThreadPoolExecutor$Worker.run(ThreadPoolExecutor.java:635)
[2025-12-20T01:04:05.146+0000] {spark_submit.py:649} INFO - at java.base/java.lang.Thread.run(Thread.java:840)
[2025-12-20T01:04:05.146+0000] {spark_submit.py:649} INFO - Caused by: java.io.IOException: Failed to connect to spark-master/<unresolved>:7077
[2025-12-20T01:04:05.146+0000] {spark_submit.py:649} INFO - at org.apache.spark.network.client.TransportClientFactory.createClient(TransportClientFactory.java:294)
[2025-12-20T01:04:05.146+0000] {spark_submit.py:649} INFO - at org.apache.spark.network.client.TransportClientFactory.createClient(TransportClientFactory.java:214)
[2025-12-20T01:04:05.146+0000] {spark_submit.py:649} INFO - at org.apache.spark.network.client.TransportClientFactory.createClient(TransportClientFactory.java:226)
[2025-12-20T01:04:05.146+0000] {spark_submit.py:649} INFO - at org.apache.spark.rpc.netty.NettyRpcEnv.createClient(NettyRpcEnv.scala:204)
[2025-12-20T01:04:05.146+0000] {spark_submit.py:649} INFO - at org.apache.spark.rpc.netty.Outbox$$anon$1.call(Outbox.scala:202)
[2025-12-20T01:04:05.146+0000] {spark_submit.py:649} INFO - at org.apache.spark.rpc.netty.Outbox$$anon$1.call(Outbox.scala:198)
[2025-12-20T01:04:05.146+0000] {spark_submit.py:649} INFO - ... 4 more
[2025-12-20T01:04:05.146+0000] {spark_submit.py:649} INFO - Caused by: java.net.UnknownHostException: spark-master
[2025-12-20T01:04:05.147+0000] {spark_submit.py:649} INFO - at java.base/java.net.InetAddress$CachedAddresses.get(InetAddress.java:801)
[2025-12-20T01:04:05.147+0000] {spark_submit.py:649} INFO - at java.base/java.net.InetAddress.getAllByName0(InetAddress.java:1533)
[2025-12-20T01:04:05.147+0000] {spark_submit.py:649} INFO - at java.base/java.net.InetAddress.getAllByName(InetAddress.java:1385)
[2025-12-20T01:04:05.147+0000] {spark_submit.py:649} INFO - at java.base/java.net.InetAddress.getAllByName(InetAddress.java:1306)
[2025-12-20T01:04:05.147+0000] {spark_submit.py:649} INFO - at java.base/java.net.InetAddress.getByName(InetAddress.java:1256)
[2025-12-20T01:04:05.147+0000] {spark_submit.py:649} INFO - at io.netty.util.internal.SocketUtils$8.run(SocketUtils.java:156)
[2025-12-20T01:04:05.147+0000] {spark_submit.py:649} INFO - at io.netty.util.internal.SocketUtils$8.run(SocketUtils.java:153)
[2025-12-20T01:04:05.147+0000] {spark_submit.py:649} INFO - at java.base/java.security.AccessController.doPrivileged(AccessController.java:569)
[2025-12-20T01:04:05.147+0000] {spark_submit.py:649} INFO - at io.netty.util.internal.SocketUtils.addressByName(SocketUtils.java:153)
[2025-12-20T01:04:05.147+0000] {spark_submit.py:649} INFO - at io.netty.resolver.DefaultNameResolver.doResolve(DefaultNameResolver.java:41)
[2025-12-20T01:04:05.147+0000] {spark_submit.py:649} INFO - at io.netty.resolver.SimpleNameResolver.resolve(SimpleNameResolver.java:61)
[2025-12-20T01:04:05.148+0000] {spark_submit.py:649} INFO - at io.netty.resolver.SimpleNameResolver.resolve(SimpleNameResolver.java:53)
[2025-12-20T01:04:05.148+0000] {spark_submit.py:649} INFO - at io.netty.resolver.InetSocketAddressResolver.doResolve(InetSocketAddressResolver.java:55)
[2025-12-20T01:04:05.148+0000] {spark_submit.py:649} INFO - at io.netty.resolver.InetSocketAddressResolver.doResolve(InetSocketAddressResolver.java:31)
[2025-12-20T01:04:05.148+0000] {spark_submit.py:649} INFO - at io.netty.resolver.AbstractAddressResolver.resolve(AbstractAddressResolver.java:106)
[2025-12-20T01:04:05.148+0000] {spark_submit.py:649} INFO - at io.netty.bootstrap.Bootstrap.doResolveAndConnect0(Bootstrap.java:206)
[2025-12-20T01:04:05.148+0000] {spark_submit.py:649} INFO - at io.netty.bootstrap.Bootstrap.access$000(Bootstrap.java:46)
[2025-12-20T01:04:05.148+0000] {spark_submit.py:649} INFO - at io.netty.bootstrap.Bootstrap$1.operationComplete(Bootstrap.java:180)
[2025-12-20T01:04:05.148+0000] {spark_submit.py:649} INFO - at io.netty.bootstrap.Bootstrap$1.operationComplete(Bootstrap.java:166)
[2025-12-20T01:04:05.148+0000] {spark_submit.py:649} INFO - at io.netty.util.concurrent.DefaultPromise.notifyListener0(DefaultPromise.java:590)
[2025-12-20T01:04:05.148+0000] {spark_submit.py:649} INFO - at io.netty.util.concurrent.DefaultPromise.notifyListenersNow(DefaultPromise.java:557)
[2025-12-20T01:04:05.148+0000] {spark_submit.py:649} INFO - at io.netty.util.concurrent.DefaultPromise.notifyListeners(DefaultPromise.java:492)
[2025-12-20T01:04:05.149+0000] {spark_submit.py:649} INFO - at io.netty.util.concurrent.DefaultPromise.setValue0(DefaultPromise.java:636)
[2025-12-20T01:04:05.149+0000] {spark_submit.py:649} INFO - at io.netty.util.concurrent.DefaultPromise.setSuccess0(DefaultPromise.java:625)
[2025-12-20T01:04:05.149+0000] {spark_submit.py:649} INFO - at io.netty.util.concurrent.DefaultPromise.trySuccess(DefaultPromise.java:105)
[2025-12-20T01:04:05.149+0000] {spark_submit.py:649} INFO - at io.netty.channel.DefaultChannelPromise.trySuccess(DefaultChannelPromise.java:84)
[2025-12-20T01:04:05.149+0000] {spark_submit.py:649} INFO - at io.netty.channel.AbstractChannel$AbstractUnsafe.safeSetSuccess(AbstractChannel.java:990)
[2025-12-20T01:04:05.149+0000] {spark_submit.py:649} INFO - at io.netty.channel.AbstractChannel$AbstractUnsafe.register0(AbstractChannel.java:516)
[2025-12-20T01:04:05.149+0000] {spark_submit.py:649} INFO - at io.netty.channel.AbstractChannel$AbstractUnsafe.access$200(AbstractChannel.java:429)
[2025-12-20T01:04:05.149+0000] {spark_submit.py:649} INFO - at io.netty.channel.AbstractChannel$AbstractUnsafe$1.run(AbstractChannel.java:486)
[2025-12-20T01:04:05.149+0000] {spark_submit.py:649} INFO - at io.netty.util.concurrent.AbstractEventExecutor.runTask(AbstractEventExecutor.java:174)
[2025-12-20T01:04:05.149+0000] {spark_submit.py:649} INFO - at io.netty.util.concurrent.AbstractEventExecutor.safeExecute(AbstractEventExecutor.java:167)
[2025-12-20T01:04:05.150+0000] {spark_submit.py:649} INFO - at io.netty.util.concurrent.SingleThreadEventExecutor.runAllTasks(SingleThreadEventExecutor.java:470)
[2025-12-20T01:04:05.150+0000] {spark_submit.py:649} INFO - at io.netty.channel.nio.NioEventLoop.run(NioEventLoop.java:569)
[2025-12-20T01:04:05.150+0000] {spark_submit.py:649} INFO - at io.netty.util.concurrent.SingleThreadEventExecutor$4.run(SingleThreadEventExecutor.java:997)
[2025-12-20T01:04:05.150+0000] {spark_submit.py:649} INFO - at io.netty.util.internal.ThreadExecutorMap$2.run(ThreadExecutorMap.java:74)
[2025-12-20T01:04:05.150+0000] {spark_submit.py:649} INFO - at io.netty.util.concurrent.FastThreadLocalRunnable.run(FastThreadLocalRunnable.java:30)
[2025-12-20T01:04:05.150+0000] {spark_submit.py:649} INFO - ... 1 more
[2025-12-20T01:04:25.119+0000] {spark_submit.py:649} INFO - 25/12/20 01:04:25 INFO StandaloneAppClient$ClientEndpoint: Connecting to master spark://spark-master:7077...
[2025-12-20T01:04:25.123+0000] {spark_submit.py:649} INFO - 25/12/20 01:04:25 WARN StandaloneAppClient$ClientEndpoint: Failed to connect to master spark-master:7077
[2025-12-20T01:04:25.123+0000] {spark_submit.py:649} INFO - org.apache.spark.SparkException: Exception thrown in awaitResult:
[2025-12-20T01:04:25.123+0000] {spark_submit.py:649} INFO - at org.apache.spark.util.ThreadUtils$.awaitResult(ThreadUtils.scala:322)
[2025-12-20T01:04:25.123+0000] {spark_submit.py:649} INFO - at org.apache.spark.rpc.RpcTimeout.awaitResult(RpcTimeout.scala:75)
[2025-12-20T01:04:25.123+0000] {spark_submit.py:649} INFO - at org.apache.spark.rpc.RpcEnv.setupEndpointRefByURI(RpcEnv.scala:102)
[2025-12-20T01:04:25.123+0000] {spark_submit.py:649} INFO - at org.apache.spark.rpc.RpcEnv.setupEndpointRef(RpcEnv.scala:110)
[2025-12-20T01:04:25.123+0000] {spark_submit.py:649} INFO - at org.apache.spark.deploy.client.StandaloneAppClient$ClientEndpoint$$anon$1.run(StandaloneAppClient.scala:108)
[2025-12-20T01:04:25.124+0000] {spark_submit.py:649} INFO - at java.base/java.util.concurrent.Executors$RunnableAdapter.call(Executors.java:539)
[2025-12-20T01:04:25.124+0000] {spark_submit.py:649} INFO - at java.base/java.util.concurrent.FutureTask.run(FutureTask.java:264)
[2025-12-20T01:04:25.124+0000] {spark_submit.py:649} INFO - at java.base/java.util.concurrent.ThreadPoolExecutor.runWorker(ThreadPoolExecutor.java:1136)
[2025-12-20T01:04:25.124+0000] {spark_submit.py:649} INFO - at java.base/java.util.concurrent.ThreadPoolExecutor$Worker.run(ThreadPoolExecutor.java:635)
[2025-12-20T01:04:25.124+0000] {spark_submit.py:649} INFO - at java.base/java.lang.Thread.run(Thread.java:840)
[2025-12-20T01:04:25.124+0000] {spark_submit.py:649} INFO - Caused by: java.io.IOException: Failed to connect to spark-master/<unresolved>:7077
[2025-12-20T01:04:25.124+0000] {spark_submit.py:649} INFO - at org.apache.spark.network.client.TransportClientFactory.createClient(TransportClientFactory.java:294)
[2025-12-20T01:04:25.124+0000] {spark_submit.py:649} INFO - at org.apache.spark.network.client.TransportClientFactory.createClient(TransportClientFactory.java:214)
[2025-12-20T01:04:25.124+0000] {spark_submit.py:649} INFO - at org.apache.spark.network.client.TransportClientFactory.createClient(TransportClientFactory.java:226)
[2025-12-20T01:04:25.124+0000] {spark_submit.py:649} INFO - at org.apache.spark.rpc.netty.NettyRpcEnv.createClient(NettyRpcEnv.scala:204)
[2025-12-20T01:04:25.125+0000] {spark_submit.py:649} INFO - at org.apache.spark.rpc.netty.Outbox$$anon$1.call(Outbox.scala:202)
[2025-12-20T01:04:25.125+0000] {spark_submit.py:649} INFO - at org.apache.spark.rpc.netty.Outbox$$anon$1.call(Outbox.scala:198)
[2025-12-20T01:04:25.125+0000] {spark_submit.py:649} INFO - ... 4 more
[2025-12-20T01:04:25.125+0000] {spark_submit.py:649} INFO - Caused by: java.net.UnknownHostException: spark-master
[2025-12-20T01:04:25.125+0000] {spark_submit.py:649} INFO - at java.base/java.net.InetAddress$CachedAddresses.get(InetAddress.java:801)
[2025-12-20T01:04:25.125+0000] {spark_submit.py:649} INFO - at java.base/java.net.InetAddress.getAllByName0(InetAddress.java:1533)
[2025-12-20T01:04:25.125+0000] {spark_submit.py:649} INFO - at java.base/java.net.InetAddress.getAllByName(InetAddress.java:1385)
[2025-12-20T01:04:25.125+0000] {spark_submit.py:649} INFO - at java.base/java.net.InetAddress.getAllByName(InetAddress.java:1306)
[2025-12-20T01:04:25.125+0000] {spark_submit.py:649} INFO - at java.base/java.net.InetAddress.getByName(InetAddress.java:1256)
[2025-12-20T01:04:25.125+0000] {spark_submit.py:649} INFO - at io.netty.util.internal.SocketUtils$8.run(SocketUtils.java:156)
[2025-12-20T01:04:25.125+0000] {spark_submit.py:649} INFO - at io.netty.util.internal.SocketUtils$8.run(SocketUtils.java:153)
[2025-12-20T01:04:25.126+0000] {spark_submit.py:649} INFO - at java.base/java.security.AccessController.doPrivileged(AccessController.java:569)
[2025-12-20T01:04:25.126+0000] {spark_submit.py:649} INFO - at io.netty.util.internal.SocketUtils.addressByName(SocketUtils.java:153)
[2025-12-20T01:04:25.126+0000] {spark_submit.py:649} INFO - at io.netty.resolver.DefaultNameResolver.doResolve(DefaultNameResolver.java:41)
[2025-12-20T01:04:25.126+0000] {spark_submit.py:649} INFO - at io.netty.resolver.SimpleNameResolver.resolve(SimpleNameResolver.java:61)
[2025-12-20T01:04:25.126+0000] {spark_submit.py:649} INFO - at io.netty.resolver.SimpleNameResolver.resolve(SimpleNameResolver.java:53)
[2025-12-20T01:04:25.126+0000] {spark_submit.py:649} INFO - at io.netty.resolver.InetSocketAddressResolver.doResolve(InetSocketAddressResolver.java:55)
[2025-12-20T01:04:25.126+0000] {spark_submit.py:649} INFO - at io.netty.resolver.InetSocketAddressResolver.doResolve(InetSocketAddressResolver.java:31)
[2025-12-20T01:04:25.126+0000] {spark_submit.py:649} INFO - at io.netty.resolver.AbstractAddressResolver.resolve(AbstractAddressResolver.java:106)
[2025-12-20T01:04:25.126+0000] {spark_submit.py:649} INFO - at io.netty.bootstrap.Bootstrap.doResolveAndConnect0(Bootstrap.java:206)
[2025-12-20T01:04:25.126+0000] {spark_submit.py:649} INFO - at io.netty.bootstrap.Bootstrap.access$000(Bootstrap.java:46)
[2025-12-20T01:04:25.126+0000] {spark_submit.py:649} INFO - at io.netty.bootstrap.Bootstrap$1.operationComplete(Bootstrap.java:180)
[2025-12-20T01:04:25.127+0000] {spark_submit.py:649} INFO - at io.netty.bootstrap.Bootstrap$1.operationComplete(Bootstrap.java:166)
[2025-12-20T01:04:25.127+0000] {spark_submit.py:649} INFO - at io.netty.util.concurrent.DefaultPromise.notifyListener0(DefaultPromise.java:590)
[2025-12-20T01:04:25.127+0000] {spark_submit.py:649} INFO - at io.netty.util.concurrent.DefaultPromise.notifyListenersNow(DefaultPromise.java:557)
[2025-12-20T01:04:25.127+0000] {spark_submit.py:649} INFO - at io.netty.util.concurrent.DefaultPromise.notifyListeners(DefaultPromise.java:492)
[2025-12-20T01:04:25.127+0000] {spark_submit.py:649} INFO - at io.netty.util.concurrent.DefaultPromise.setValue0(DefaultPromise.java:636)
[2025-12-20T01:04:25.127+0000] {spark_submit.py:649} INFO - at io.netty.util.concurrent.DefaultPromise.setSuccess0(DefaultPromise.java:625)
[2025-12-20T01:04:25.127+0000] {spark_submit.py:649} INFO - at io.netty.util.concurrent.DefaultPromise.trySuccess(DefaultPromise.java:105)
[2025-12-20T01:04:25.127+0000] {spark_submit.py:649} INFO - at io.netty.channel.DefaultChannelPromise.trySuccess(DefaultChannelPromise.java:84)
[2025-12-20T01:04:25.127+0000] {spark_submit.py:649} INFO - at io.netty.channel.AbstractChannel$AbstractUnsafe.safeSetSuccess(AbstractChannel.java:990)
[2025-12-20T01:04:25.127+0000] {spark_submit.py:649} INFO - at io.netty.channel.AbstractChannel$AbstractUnsafe.register0(AbstractChannel.java:516)
[2025-12-20T01:04:25.128+0000] {spark_submit.py:649} INFO - at io.netty.channel.AbstractChannel$AbstractUnsafe.access$200(AbstractChannel.java:429)
[2025-12-20T01:04:25.128+0000] {spark_submit.py:649} INFO - at io.netty.channel.AbstractChannel$AbstractUnsafe$1.run(AbstractChannel.java:486)
[2025-12-20T01:04:25.128+0000] {spark_submit.py:649} INFO - at io.netty.util.concurrent.AbstractEventExecutor.runTask(AbstractEventExecutor.java:174)
[2025-12-20T01:04:25.128+0000] {spark_submit.py:649} INFO - at io.netty.util.concurrent.AbstractEventExecutor.safeExecute(AbstractEventExecutor.java:167)
[2025-12-20T01:04:25.128+0000] {spark_submit.py:649} INFO - at io.netty.util.concurrent.SingleThreadEventExecutor.runAllTasks(SingleThreadEventExecutor.java:470)
[2025-12-20T01:04:25.128+0000] {spark_submit.py:649} INFO - at io.netty.channel.nio.NioEventLoop.run(NioEventLoop.java:569)
[2025-12-20T01:04:25.128+0000] {spark_submit.py:649} INFO - at io.netty.util.concurrent.SingleThreadEventExecutor$4.run(SingleThreadEventExecutor.java:997)
[2025-12-20T01:04:25.128+0000] {spark_submit.py:649} INFO - at io.netty.util.internal.ThreadExecutorMap$2.run(ThreadExecutorMap.java:74)
[2025-12-20T01:04:25.128+0000] {spark_submit.py:649} INFO - at io.netty.util.concurrent.FastThreadLocalRunnable.run(FastThreadLocalRunnable.java:30)
[2025-12-20T01:04:25.128+0000] {spark_submit.py:649} INFO - ... 1 more
[2025-12-20T01:04:45.120+0000] {spark_submit.py:649} INFO - 25/12/20 01:04:45 INFO StandaloneAppClient$ClientEndpoint: Connecting to master spark://spark-master:7077...
[2025-12-20T01:04:45.123+0000] {spark_submit.py:649} INFO - 25/12/20 01:04:45 WARN StandaloneAppClient$ClientEndpoint: Failed to connect to master spark-master:7077
[2025-12-20T01:04:45.123+0000] {spark_submit.py:649} INFO - org.apache.spark.SparkException: Exception thrown in awaitResult:
[2025-12-20T01:04:45.123+0000] {spark_submit.py:649} INFO - at org.apache.spark.util.ThreadUtils$.awaitResult(ThreadUtils.scala:322)
[2025-12-20T01:04:45.123+0000] {spark_submit.py:649} INFO - at org.apache.spark.rpc.RpcTimeout.awaitResult(RpcTimeout.scala:75)
[2025-12-20T01:04:45.123+0000] {spark_submit.py:649} INFO - at org.apache.spark.rpc.RpcEnv.setupEndpointRefByURI(RpcEnv.scala:102)
[2025-12-20T01:04:45.123+0000] {spark_submit.py:649} INFO - at org.apache.spark.rpc.RpcEnv.setupEndpointRef(RpcEnv.scala:110)
[2025-12-20T01:04:45.124+0000] {spark_submit.py:649} INFO - at org.apache.spark.deploy.client.StandaloneAppClient$ClientEndpoint$$anon$1.run(StandaloneAppClient.scala:108)
[2025-12-20T01:04:45.124+0000] {spark_submit.py:649} INFO - at java.base/java.util.concurrent.Executors$RunnableAdapter.call(Executors.java:539)
[2025-12-20T01:04:45.124+0000] {spark_submit.py:649} INFO - at java.base/java.util.concurrent.FutureTask.run(FutureTask.java:264)
[2025-12-20T01:04:45.124+0000] {spark_submit.py:649} INFO - at java.base/java.util.concurrent.ThreadPoolExecutor.runWorker(ThreadPoolExecutor.java:1136)
[2025-12-20T01:04:45.124+0000] {spark_submit.py:649} INFO - at java.base/java.util.concurrent.ThreadPoolExecutor$Worker.run(ThreadPoolExecutor.java:635)
[2025-12-20T01:04:45.124+0000] {spark_submit.py:649} INFO - at java.base/java.lang.Thread.run(Thread.java:840)
[2025-12-20T01:04:45.124+0000] {spark_submit.py:649} INFO - Caused by: java.io.IOException: Failed to connect to spark-master/<unresolved>:7077
[2025-12-20T01:04:45.124+0000] {spark_submit.py:649} INFO - at org.apache.spark.network.client.TransportClientFactory.createClient(TransportClientFactory.java:294)
[2025-12-20T01:04:45.124+0000] {spark_submit.py:649} INFO - at org.apache.spark.network.client.TransportClientFactory.createClient(TransportClientFactory.java:214)
[2025-12-20T01:04:45.125+0000] {spark_submit.py:649} INFO - at org.apache.spark.network.client.TransportClientFactory.createClient(TransportClientFactory.java:226)
[2025-12-20T01:04:45.125+0000] {spark_submit.py:649} INFO - at org.apache.spark.rpc.netty.NettyRpcEnv.createClient(NettyRpcEnv.scala:204)
[2025-12-20T01:04:45.125+0000] {spark_submit.py:649} INFO - at org.apache.spark.rpc.netty.Outbox$$anon$1.call(Outbox.scala:202)
[2025-12-20T01:04:45.125+0000] {spark_submit.py:649} INFO - at org.apache.spark.rpc.netty.Outbox$$anon$1.call(Outbox.scala:198)
[2025-12-20T01:04:45.125+0000] {spark_submit.py:649} INFO - ... 4 more
[2025-12-20T01:04:45.125+0000] {spark_submit.py:649} INFO - Caused by: java.net.UnknownHostException: spark-master
[2025-12-20T01:04:45.125+0000] {spark_submit.py:649} INFO - at java.base/java.net.InetAddress$CachedAddresses.get(InetAddress.java:801)
[2025-12-20T01:04:45.125+0000] {spark_submit.py:649} INFO - at java.base/java.net.InetAddress.getAllByName0(InetAddress.java:1533)
[2025-12-20T01:04:45.125+0000] {spark_submit.py:649} INFO - at java.base/java.net.InetAddress.getAllByName(InetAddress.java:1385)
[2025-12-20T01:04:45.126+0000] {spark_submit.py:649} INFO - at java.base/java.net.InetAddress.getAllByName(InetAddress.java:1306)
[2025-12-20T01:04:45.126+0000] {spark_submit.py:649} INFO - at java.base/java.net.InetAddress.getByName(InetAddress.java:1256)
[2025-12-20T01:04:45.126+0000] {spark_submit.py:649} INFO - at io.netty.util.internal.SocketUtils$8.run(SocketUtils.java:156)
[2025-12-20T01:04:45.126+0000] {spark_submit.py:649} INFO - at io.netty.util.internal.SocketUtils$8.run(SocketUtils.java:153)
[2025-12-20T01:04:45.126+0000] {spark_submit.py:649} INFO - at java.base/java.security.AccessController.doPrivileged(AccessController.java:569)
[2025-12-20T01:04:45.126+0000] {spark_submit.py:649} INFO - at io.netty.util.internal.SocketUtils.addressByName(SocketUtils.java:153)
[2025-12-20T01:04:45.126+0000] {spark_submit.py:649} INFO - at io.netty.resolver.DefaultNameResolver.doResolve(DefaultNameResolver.java:41)
[2025-12-20T01:04:45.126+0000] {spark_submit.py:649} INFO - at io.netty.resolver.SimpleNameResolver.resolve(SimpleNameResolver.java:61)
[2025-12-20T01:04:45.126+0000] {spark_submit.py:649} INFO - at io.netty.resolver.SimpleNameResolver.resolve(SimpleNameResolver.java:53)
[2025-12-20T01:04:45.126+0000] {spark_submit.py:649} INFO - at io.netty.resolver.InetSocketAddressResolver.doResolve(InetSocketAddressResolver.java:55)
[2025-12-20T01:04:45.127+0000] {spark_submit.py:649} INFO - at io.netty.resolver.InetSocketAddressResolver.doResolve(InetSocketAddressResolver.java:31)
[2025-12-20T01:04:45.127+0000] {spark_submit.py:649} INFO - at io.netty.resolver.AbstractAddressResolver.resolve(AbstractAddressResolver.java:106)
[2025-12-20T01:04:45.127+0000] {spark_submit.py:649} INFO - at io.netty.bootstrap.Bootstrap.doResolveAndConnect0(Bootstrap.java:206)
[2025-12-20T01:04:45.127+0000] {spark_submit.py:649} INFO - at io.netty.bootstrap.Bootstrap.access$000(Bootstrap.java:46)
[2025-12-20T01:04:45.127+0000] {spark_submit.py:649} INFO - at io.netty.bootstrap.Bootstrap$1.operationComplete(Bootstrap.java:180)
[2025-12-20T01:04:45.127+0000] {spark_submit.py:649} INFO - at io.netty.bootstrap.Bootstrap$1.operationComplete(Bootstrap.java:166)
[2025-12-20T01:04:45.127+0000] {spark_submit.py:649} INFO - at io.netty.util.concurrent.DefaultPromise.notifyListener0(DefaultPromise.java:590)
[2025-12-20T01:04:45.127+0000] {spark_submit.py:649} INFO - at io.netty.util.concurrent.DefaultPromise.notifyListenersNow(DefaultPromise.java:557)
[2025-12-20T01:04:45.127+0000] {spark_submit.py:649} INFO - at io.netty.util.concurrent.DefaultPromise.notifyListeners(DefaultPromise.java:492)
[2025-12-20T01:04:45.128+0000] {spark_submit.py:649} INFO - at io.netty.util.concurrent.DefaultPromise.setValue0(DefaultPromise.java:636)
[2025-12-20T01:04:45.128+0000] {spark_submit.py:649} INFO - at io.netty.util.concurrent.DefaultPromise.setSuccess0(DefaultPromise.java:625)
[2025-12-20T01:04:45.128+0000] {spark_submit.py:649} INFO - at io.netty.util.concurrent.DefaultPromise.trySuccess(DefaultPromise.java:105)
[2025-12-20T01:04:45.128+0000] {spark_submit.py:649} INFO - at io.netty.channel.DefaultChannelPromise.trySuccess(DefaultChannelPromise.java:84)
[2025-12-20T01:04:45.128+0000] {spark_submit.py:649} INFO - at io.netty.channel.AbstractChannel$AbstractUnsafe.safeSetSuccess(AbstractChannel.java:990)
[2025-12-20T01:04:45.128+0000] {spark_submit.py:649} INFO - at io.netty.channel.AbstractChannel$AbstractUnsafe.register0(AbstractChannel.java:516)
[2025-12-20T01:04:45.128+0000] {spark_submit.py:649} INFO - at io.netty.channel.AbstractChannel$AbstractUnsafe.access$200(AbstractChannel.java:429)
[2025-12-20T01:04:45.128+0000] {spark_submit.py:649} INFO - at io.netty.channel.AbstractChannel$AbstractUnsafe$1.run(AbstractChannel.java:486)
[2025-12-20T01:04:45.128+0000] {spark_submit.py:649} INFO - at io.netty.util.concurrent.AbstractEventExecutor.runTask(AbstractEventExecutor.java:174)
[2025-12-20T01:04:45.129+0000] {spark_submit.py:649} INFO - at io.netty.util.concurrent.AbstractEventExecutor.safeExecute(AbstractEventExecutor.java:167)
[2025-12-20T01:04:45.129+0000] {spark_submit.py:649} INFO - at io.netty.util.concurrent.SingleThreadEventExecutor.runAllTasks(SingleThreadEventExecutor.java:470)
[2025-12-20T01:04:45.129+0000] {spark_submit.py:649} INFO - at io.netty.channel.nio.NioEventLoop.run(NioEventLoop.java:569)
[2025-12-20T01:04:45.129+0000] {spark_submit.py:649} INFO - at io.netty.util.concurrent.SingleThreadEventExecutor$4.run(SingleThreadEventExecutor.java:997)
[2025-12-20T01:04:45.129+0000] {spark_submit.py:649} INFO - at io.netty.util.internal.ThreadExecutorMap$2.run(ThreadExecutorMap.java:74)
[2025-12-20T01:04:45.129+0000] {spark_submit.py:649} INFO - at io.netty.util.concurrent.FastThreadLocalRunnable.run(FastThreadLocalRunnable.java:30)
[2025-12-20T01:04:45.129+0000] {spark_submit.py:649} INFO - ... 1 more
[2025-12-20T01:05:05.120+0000] {spark_submit.py:649} INFO - 25/12/20 01:05:05 WARN StandaloneSchedulerBackend: Application ID is not initialized yet.
[2025-12-20T01:05:05.120+0000] {spark_submit.py:649} INFO - 25/12/20 01:05:05 ERROR StandaloneSchedulerBackend: Application has been killed. Reason: All masters are unresponsive! Giving up.
[2025-12-20T01:05:05.124+0000] {spark_submit.py:649} INFO - 25/12/20 01:05:05 INFO Utils: Successfully started service 'org.apache.spark.network.netty.NettyBlockTransferService' on port 44579.
[2025-12-20T01:05:05.124+0000] {spark_submit.py:649} INFO - 25/12/20 01:05:05 INFO NettyBlockTransferService: Server created on 958ebb8f0229:44579
[2025-12-20T01:05:05.125+0000] {spark_submit.py:649} INFO - 25/12/20 01:05:05 INFO BlockManager: Using org.apache.spark.storage.RandomBlockReplicationPolicy for block replication policy
[2025-12-20T01:05:05.129+0000] {spark_submit.py:649} INFO - 25/12/20 01:05:05 INFO BlockManagerMaster: Registering BlockManager BlockManagerId(driver, 958ebb8f0229, 44579, None)
[2025-12-20T01:05:05.131+0000] {spark_submit.py:649} INFO - 25/12/20 01:05:05 INFO BlockManagerMasterEndpoint: Registering block manager 958ebb8f0229:44579 with 434.4 MiB RAM, BlockManagerId(driver, 958ebb8f0229, 44579, None)
[2025-12-20T01:05:05.132+0000] {spark_submit.py:649} INFO - 25/12/20 01:05:05 INFO BlockManagerMaster: Registered BlockManager BlockManagerId(driver, 958ebb8f0229, 44579, None)
[2025-12-20T01:05:05.132+0000] {spark_submit.py:649} INFO - 25/12/20 01:05:05 INFO BlockManager: Initialized BlockManager: BlockManagerId(driver, 958ebb8f0229, 44579, None)
[2025-12-20T01:05:05.241+0000] {spark_submit.py:649} INFO - 25/12/20 01:05:05 INFO StandaloneSchedulerBackend: SchedulerBackend is ready for scheduling beginning after reached minRegisteredResourcesRatio: 0.0
[2025-12-20T01:05:05.393+0000] {spark_submit.py:649} INFO - 25/12/20 01:05:05 INFO SharedState: Setting hive.metastore.warehouse.dir ('null') to the value of spark.sql.warehouse.dir.
[2025-12-20T01:05:05.397+0000] {spark_submit.py:649} INFO - 25/12/20 01:05:05 INFO SparkContext: SparkContext is stopping with exitCode 0.
[2025-12-20T01:05:05.400+0000] {spark_submit.py:649} INFO - 25/12/20 01:05:05 INFO SharedState: Warehouse path is 'file:/opt/***/spark-warehouse'.
[2025-12-20T01:05:05.409+0000] {spark_submit.py:649} INFO - 25/12/20 01:05:05 INFO SparkUI: Stopped Spark web UI at http://958ebb8f0229:4040
[2025-12-20T01:05:05.412+0000] {spark_submit.py:649} INFO - 25/12/20 01:05:05 INFO StandaloneSchedulerBackend: Shutting down all executors
[2025-12-20T01:05:05.414+0000] {spark_submit.py:649} INFO - 25/12/20 01:05:05 INFO StandaloneSchedulerBackend$StandaloneDriverEndpoint: Asking each executor to shut down
[2025-12-20T01:05:05.416+0000] {spark_submit.py:649} INFO - 25/12/20 01:05:05 WARN StandaloneAppClient$ClientEndpoint: Drop UnregisterApplication(null) because has not yet connected to master
[2025-12-20T01:05:05.422+0000] {spark_submit.py:649} INFO - 25/12/20 01:05:05 INFO MapOutputTrackerMasterEndpoint: MapOutputTrackerMasterEndpoint stopped!
[2025-12-20T01:05:05.431+0000] {spark_submit.py:649} INFO - 25/12/20 01:05:05 INFO MemoryStore: MemoryStore cleared
[2025-12-20T01:05:05.432+0000] {spark_submit.py:649} INFO - 25/12/20 01:05:05 INFO BlockManager: BlockManager stopped
[2025-12-20T01:05:05.436+0000] {spark_submit.py:649} INFO - 25/12/20 01:05:05 INFO BlockManagerMaster: BlockManagerMaster stopped
[2025-12-20T01:05:05.437+0000] {spark_submit.py:649} INFO - 25/12/20 01:05:05 INFO OutputCommitCoordinator$OutputCommitCoordinatorEndpoint: OutputCommitCoordinator stopped!
[2025-12-20T01:05:05.443+0000] {spark_submit.py:649} INFO - 25/12/20 01:05:05 INFO SparkContext: Successfully stopped SparkContext
[2025-12-20T01:05:05.865+0000] {spark_submit.py:649} INFO - 25/12/20 01:05:05 WARN FileSystem: Failed to initialize fileystem hdfs://namenode:9000/data/raw/orders/precos_semestrais_automotivos_2025_01.csv: java.lang.IllegalArgumentException: java.net.UnknownHostException: namenode
[2025-12-20T01:05:05.866+0000] {spark_submit.py:649} INFO - 25/12/20 01:05:05 WARN FileStreamSink: Assume no metadata directory. Error while looking for metadata directory in the path: hdfs://namenode:9000/data/raw/orders/precos_semestrais_automotivos_2025_01.csv.
[2025-12-20T01:05:05.867+0000] {spark_submit.py:649} INFO - java.lang.IllegalArgumentException: java.net.UnknownHostException: namenode
[2025-12-20T01:05:05.867+0000] {spark_submit.py:649} INFO - at org.apache.hadoop.security.SecurityUtil.buildTokenService(SecurityUtil.java:466)
[2025-12-20T01:05:05.867+0000] {spark_submit.py:649} INFO - at org.apache.hadoop.hdfs.NameNodeProxiesClient.createProxyWithClientProtocol(NameNodeProxiesClient.java:134)
[2025-12-20T01:05:05.867+0000] {spark_submit.py:649} INFO - at org.apache.hadoop.hdfs.DFSClient.<init>(DFSClient.java:374)
[2025-12-20T01:05:05.867+0000] {spark_submit.py:649} INFO - at org.apache.hadoop.hdfs.DFSClient.<init>(DFSClient.java:308)
[2025-12-20T01:05:05.867+0000] {spark_submit.py:649} INFO - at org.apache.hadoop.hdfs.DistributedFileSystem.initDFSClient(DistributedFileSystem.java:202)
[2025-12-20T01:05:05.867+0000] {spark_submit.py:649} INFO - at org.apache.hadoop.hdfs.DistributedFileSystem.initialize(DistributedFileSystem.java:187)
[2025-12-20T01:05:05.867+0000] {spark_submit.py:649} INFO - at org.apache.hadoop.fs.FileSystem.createFileSystem(FileSystem.java:3469)
[2025-12-20T01:05:05.867+0000] {spark_submit.py:649} INFO - at org.apache.hadoop.fs.FileSystem.access$300(FileSystem.java:174)
[2025-12-20T01:05:05.868+0000] {spark_submit.py:649} INFO - at org.apache.hadoop.fs.FileSystem$Cache.getInternal(FileSystem.java:3574)
[2025-12-20T01:05:05.868+0000] {spark_submit.py:649} INFO - at org.apache.hadoop.fs.FileSystem$Cache.get(FileSystem.java:3521)
[2025-12-20T01:05:05.868+0000] {spark_submit.py:649} INFO - at org.apache.hadoop.fs.FileSystem.get(FileSystem.java:540)
[2025-12-20T01:05:05.868+0000] {spark_submit.py:649} INFO - at org.apache.hadoop.fs.Path.getFileSystem(Path.java:365)
[2025-12-20T01:05:05.868+0000] {spark_submit.py:649} INFO - at org.apache.spark.sql.execution.streaming.FileStreamSink$.hasMetadata(FileStreamSink.scala:53)
[2025-12-20T01:05:05.868+0000] {spark_submit.py:649} INFO - at org.apache.spark.sql.execution.datasources.DataSource.resolveRelation(DataSource.scala:366)
[2025-12-20T01:05:05.868+0000] {spark_submit.py:649} INFO - at org.apache.spark.sql.DataFrameReader.loadV1Source(DataFrameReader.scala:229)
[2025-12-20T01:05:05.868+0000] {spark_submit.py:649} INFO - at org.apache.spark.sql.DataFrameReader.$anonfun$load$2(DataFrameReader.scala:211)
[2025-12-20T01:05:05.868+0000] {spark_submit.py:649} INFO - at scala.Option.getOrElse(Option.scala:189)
[2025-12-20T01:05:05.868+0000] {spark_submit.py:649} INFO - at org.apache.spark.sql.DataFrameReader.load(DataFrameReader.scala:211)
[2025-12-20T01:05:05.869+0000] {spark_submit.py:649} INFO - at org.apache.spark.sql.DataFrameReader.csv(DataFrameReader.scala:538)
[2025-12-20T01:05:05.869+0000] {spark_submit.py:649} INFO - at java.base/jdk.internal.reflect.NativeMethodAccessorImpl.invoke0(Native Method)
[2025-12-20T01:05:05.869+0000] {spark_submit.py:649} INFO - at java.base/jdk.internal.reflect.NativeMethodAccessorImpl.invoke(NativeMethodAccessorImpl.java:77)
[2025-12-20T01:05:05.869+0000] {spark_submit.py:649} INFO - at java.base/jdk.internal.reflect.DelegatingMethodAccessorImpl.invoke(DelegatingMethodAccessorImpl.java:43)
[2025-12-20T01:05:05.869+0000] {spark_submit.py:649} INFO - at java.base/java.lang.reflect.Method.invoke(Method.java:569)
[2025-12-20T01:05:05.869+0000] {spark_submit.py:649} INFO - at py4j.reflection.MethodInvoker.invoke(MethodInvoker.java:244)
[2025-12-20T01:05:05.869+0000] {spark_submit.py:649} INFO - at py4j.reflection.ReflectionEngine.invoke(ReflectionEngine.java:374)
[2025-12-20T01:05:05.869+0000] {spark_submit.py:649} INFO - at py4j.Gateway.invoke(Gateway.java:282)
[2025-12-20T01:05:05.870+0000] {spark_submit.py:649} INFO - at py4j.commands.AbstractCommand.invokeMethod(AbstractCommand.java:132)
[2025-12-20T01:05:05.870+0000] {spark_submit.py:649} INFO - at py4j.commands.CallCommand.execute(CallCommand.java:79)
[2025-12-20T01:05:05.870+0000] {spark_submit.py:649} INFO - at py4j.ClientServerConnection.waitForCommands(ClientServerConnection.java:182)
[2025-12-20T01:05:05.870+0000] {spark_submit.py:649} INFO - at py4j.ClientServerConnection.run(ClientServerConnection.java:106)
[2025-12-20T01:05:05.870+0000] {spark_submit.py:649} INFO - at java.base/java.lang.Thread.run(Thread.java:840)
[2025-12-20T01:05:05.870+0000] {spark_submit.py:649} INFO - Caused by: java.net.UnknownHostException: namenode
[2025-12-20T01:05:05.870+0000] {spark_submit.py:649} INFO - ... 31 more
[2025-12-20T01:05:05.870+0000] {spark_submit.py:649} INFO - 25/12/20 01:05:05 WARN FileSystem: Failed to initialize fileystem hdfs://namenode:9000/data/raw/orders/precos_semestrais_automotivos_2025_01.csv: java.lang.IllegalArgumentException: java.net.UnknownHostException: namenode
[2025-12-20T01:05:05.887+0000] {spark_submit.py:649} INFO - Traceback (most recent call last):
[2025-12-20T01:05:05.887+0000] {spark_submit.py:649} INFO - File "/opt/***/spark_jobs/spark_raw_silver_gold_com_hdfs.py", line 25, in <module>
[2025-12-20T01:05:05.887+0000] {spark_submit.py:649} INFO - spark.read
[2025-12-20T01:05:05.888+0000] {spark_submit.py:649} INFO - File "/opt/spark-3.4.3-bin-hadoop3/python/lib/pyspark.zip/pyspark/sql/readwriter.py", line 727, in csv
[2025-12-20T01:05:05.888+0000] {spark_submit.py:649} INFO - File "/opt/spark-3.4.3-bin-hadoop3/python/lib/py4j-0.10.9.7-src.zip/py4j/java_gateway.py", line 1322, in __call__
[2025-12-20T01:05:05.888+0000] {spark_submit.py:649} INFO - File "/opt/spark-3.4.3-bin-hadoop3/python/lib/pyspark.zip/pyspark/errors/exceptions/captured.py", line 175, in deco
[2025-12-20T01:05:05.891+0000] {spark_submit.py:649} INFO - pyspark.errors.exceptions.captured.IllegalArgumentException: java.net.UnknownHostException: namenode
[2025-12-20T01:05:05.911+0000] {spark_submit.py:649} INFO - 25/12/20 01:05:05 INFO ShutdownHookManager: Shutdown hook called
[2025-12-20T01:05:05.911+0000] {spark_submit.py:649} INFO - 25/12/20 01:05:05 INFO ShutdownHookManager: Deleting directory /tmp/spark-14c4b2c4-d941-49db-ac7d-78d68ecdaad3
[2025-12-20T01:05:05.915+0000] {spark_submit.py:649} INFO - 25/12/20 01:05:05 INFO ShutdownHookManager: Deleting directory /tmp/spark-c447d0ce-e2ee-49b2-84d1-25adaed507f6/pyspark-bd7da461-d76d-4703-91db-d9c87dd15565
[2025-12-20T01:05:05.918+0000] {spark_submit.py:649} INFO - 25/12/20 01:05:05 INFO ShutdownHookManager: Deleting directory /tmp/spark-c447d0ce-e2ee-49b2-84d1-25adaed507f6
[2025-12-20T01:05:05.967+0000] {taskinstance.py:2698} ERROR - Task failed with exception
Traceback (most recent call last):
  File "/home/airflow/.local/lib/python3.8/site-packages/airflow/models/taskinstance.py", line 433, in _execute_task
    result = execute_callable(context=context, **execute_callable_kwargs)
  File "/home/airflow/.local/lib/python3.8/site-packages/airflow/providers/apache/spark/operators/spark_submit.py", line 176, in execute
    self._hook.submit(self.application)
  File "/home/airflow/.local/lib/python3.8/site-packages/airflow/providers/apache/spark/hooks/spark_submit.py", line 575, in submit
    raise AirflowException(
airflow.exceptions.AirflowException: Cannot execute: spark-submit --master spark://spark-master:7077 --conf spark.master=spark://spark-master:7077 --name arrow-spark --verbose --deploy-mode client /opt/***/spark_jobs/spark_raw_silver_gold_com_hdfs.py. Error code is: 1.
[2025-12-20T01:05:05.969+0000] {taskinstance.py:1138} INFO - Marking task as UP_FOR_RETRY. dag_id=automotivos_raw_silver_gold, task_id=spark_raw_silver_gold, execution_date=20251220T010402, start_date=20251220T010403, end_date=20251220T010505
[2025-12-20T01:05:05.977+0000] {standard_task_runner.py:107} ERROR - Failed to execute job 6 for task spark_raw_silver_gold (Cannot execute: spark-submit --master spark://spark-master:7077 --conf spark.master=spark://spark-master:7077 --name arrow-spark --verbose --deploy-mode client /opt/***/spark_jobs/spark_raw_silver_gold_com_hdfs.py. Error code is: 1.; 204)
[2025-12-20T01:05:06.011+0000] {local_task_job_runner.py:234} INFO - Task exited with return code 1
[2025-12-20T01:05:06.023+0000] {taskinstance.py:3280} INFO - 0 downstream tasks scheduled from follow-on schedule check
