[2025-12-20T13:08:41.235+0000] {taskinstance.py:1103} INFO - Dependencies all met for dep_context=non-requeueable deps ti=<TaskInstance: automotivos_raw_silver_gold_bash.spark_raw_silver_gold manual__2025-12-20T13:05:17+00:00 [queued]>
[2025-12-20T13:08:41.240+0000] {taskinstance.py:1103} INFO - Dependencies all met for dep_context=requeueable deps ti=<TaskInstance: automotivos_raw_silver_gold_bash.spark_raw_silver_gold manual__2025-12-20T13:05:17+00:00 [queued]>
[2025-12-20T13:08:41.240+0000] {taskinstance.py:1308} INFO - Starting attempt 2 of 2
[2025-12-20T13:08:41.248+0000] {taskinstance.py:1327} INFO - Executing <Task(BashOperator): spark_raw_silver_gold> on 2025-12-20 13:05:17+00:00
[2025-12-20T13:08:41.253+0000] {standard_task_runner.py:57} INFO - Started process 276 to run task
[2025-12-20T13:08:41.255+0000] {standard_task_runner.py:84} INFO - Running: ['***', 'tasks', 'run', 'automotivos_raw_silver_gold_bash', 'spark_raw_silver_gold', 'manual__2025-12-20T13:05:17+00:00', '--job-id', '3', '--raw', '--subdir', 'DAGS_FOLDER/automotivos_raw_silver_gold_dag.py', '--cfg-path', '/tmp/tmp_y0gz47g']
[2025-12-20T13:08:41.256+0000] {standard_task_runner.py:85} INFO - Job 3: Subtask spark_raw_silver_gold
[2025-12-20T13:08:41.287+0000] {task_command.py:410} INFO - Running <TaskInstance: automotivos_raw_silver_gold_bash.spark_raw_silver_gold manual__2025-12-20T13:05:17+00:00 [running]> on host f6226f6f3e50
[2025-12-20T13:08:41.340+0000] {taskinstance.py:1547} INFO - Exporting env vars: AIRFLOW_CTX_DAG_OWNER='***' AIRFLOW_CTX_DAG_ID='automotivos_raw_silver_gold_bash' AIRFLOW_CTX_TASK_ID='spark_raw_silver_gold' AIRFLOW_CTX_EXECUTION_DATE='2025-12-20T13:05:17+00:00' AIRFLOW_CTX_TRY_NUMBER='2' AIRFLOW_CTX_DAG_RUN_ID='manual__2025-12-20T13:05:17+00:00'
[2025-12-20T13:08:41.341+0000] {subprocess.py:63} INFO - Tmp dir root location: /tmp
[2025-12-20T13:08:41.341+0000] {subprocess.py:75} INFO - Running command: ['/bin/bash', '-c', '\n        export JAVA_HOME=/usr/lib/jvm/java-17-openjdk-amd64\n        export PATH=$JAVA_HOME/bin:$PATH\n        spark-submit /opt/***/spark_jobs/spark_raw_silver_gold_com_hdfs.py\n        ']
[2025-12-20T13:08:41.349+0000] {subprocess.py:86} INFO - Output:
[2025-12-20T13:08:41.351+0000] {subprocess.py:93} INFO - /bin/bash: line 4: spark-submit: command not found
[2025-12-20T13:08:41.351+0000] {subprocess.py:97} INFO - Command exited with return code 127
[2025-12-20T13:08:41.360+0000] {taskinstance.py:1824} ERROR - Task failed with exception
Traceback (most recent call last):
  File "/home/airflow/.local/lib/python3.7/site-packages/airflow/operators/bash.py", line 211, in execute
    f"Bash command failed. The command returned a non-zero exit code {result.exit_code}."
airflow.exceptions.AirflowException: Bash command failed. The command returned a non-zero exit code 127.
[2025-12-20T13:08:41.362+0000] {taskinstance.py:1350} INFO - Marking task as FAILED. dag_id=automotivos_raw_silver_gold_bash, task_id=spark_raw_silver_gold, execution_date=20251220T130517, start_date=20251220T130841, end_date=20251220T130841
[2025-12-20T13:08:41.369+0000] {standard_task_runner.py:109} ERROR - Failed to execute job 3 for task spark_raw_silver_gold (Bash command failed. The command returned a non-zero exit code 127.; 276)
[2025-12-20T13:08:41.386+0000] {local_task_job_runner.py:225} INFO - Task exited with return code 1
[2025-12-20T13:08:41.399+0000] {taskinstance.py:2653} INFO - 0 downstream tasks scheduled from follow-on schedule check
