[2025-12-20T13:10:02.799+0000] {taskinstance.py:1103} INFO - Dependencies all met for dep_context=non-requeueable deps ti=<TaskInstance: automotivos_raw_silver_gold_bash.spark_raw_silver_gold manual__2025-12-20T13:09:00+00:00 [queued]>
[2025-12-20T13:10:02.804+0000] {taskinstance.py:1103} INFO - Dependencies all met for dep_context=requeueable deps ti=<TaskInstance: automotivos_raw_silver_gold_bash.spark_raw_silver_gold manual__2025-12-20T13:09:00+00:00 [queued]>
[2025-12-20T13:10:02.804+0000] {taskinstance.py:1308} INFO - Starting attempt 2 of 2
[2025-12-20T13:10:02.812+0000] {taskinstance.py:1327} INFO - Executing <Task(BashOperator): spark_raw_silver_gold> on 2025-12-20 13:09:00+00:00
[2025-12-20T13:10:02.817+0000] {standard_task_runner.py:57} INFO - Started process 326 to run task
[2025-12-20T13:10:02.819+0000] {standard_task_runner.py:84} INFO - Running: ['***', 'tasks', 'run', 'automotivos_raw_silver_gold_bash', 'spark_raw_silver_gold', 'manual__2025-12-20T13:09:00+00:00', '--job-id', '5', '--raw', '--subdir', 'DAGS_FOLDER/automotivos_raw_silver_gold_dag.py', '--cfg-path', '/tmp/tmpf4vi_i3q']
[2025-12-20T13:10:02.820+0000] {standard_task_runner.py:85} INFO - Job 5: Subtask spark_raw_silver_gold
[2025-12-20T13:10:02.852+0000] {task_command.py:410} INFO - Running <TaskInstance: automotivos_raw_silver_gold_bash.spark_raw_silver_gold manual__2025-12-20T13:09:00+00:00 [running]> on host f6226f6f3e50
[2025-12-20T13:10:02.907+0000] {taskinstance.py:1547} INFO - Exporting env vars: AIRFLOW_CTX_DAG_OWNER='***' AIRFLOW_CTX_DAG_ID='automotivos_raw_silver_gold_bash' AIRFLOW_CTX_TASK_ID='spark_raw_silver_gold' AIRFLOW_CTX_EXECUTION_DATE='2025-12-20T13:09:00+00:00' AIRFLOW_CTX_TRY_NUMBER='2' AIRFLOW_CTX_DAG_RUN_ID='manual__2025-12-20T13:09:00+00:00'
[2025-12-20T13:10:02.907+0000] {subprocess.py:63} INFO - Tmp dir root location: /tmp
[2025-12-20T13:10:02.907+0000] {subprocess.py:75} INFO - Running command: ['/bin/bash', '-c', '\n        export JAVA_HOME=/usr/lib/jvm/java-17-openjdk-amd64\n        export PATH=$JAVA_HOME/bin:$PATH\n        spark-submit /opt/***/spark_jobs/spark_raw_silver_gold_com_hdfs.py\n        ']
[2025-12-20T13:10:02.916+0000] {subprocess.py:86} INFO - Output:
[2025-12-20T13:10:02.917+0000] {subprocess.py:93} INFO - /bin/bash: line 4: spark-submit: command not found
[2025-12-20T13:10:02.918+0000] {subprocess.py:97} INFO - Command exited with return code 127
[2025-12-20T13:10:02.926+0000] {taskinstance.py:1824} ERROR - Task failed with exception
Traceback (most recent call last):
  File "/home/airflow/.local/lib/python3.7/site-packages/airflow/operators/bash.py", line 211, in execute
    f"Bash command failed. The command returned a non-zero exit code {result.exit_code}."
airflow.exceptions.AirflowException: Bash command failed. The command returned a non-zero exit code 127.
[2025-12-20T13:10:02.928+0000] {taskinstance.py:1350} INFO - Marking task as FAILED. dag_id=automotivos_raw_silver_gold_bash, task_id=spark_raw_silver_gold, execution_date=20251220T130900, start_date=20251220T131002, end_date=20251220T131002
[2025-12-20T13:10:02.936+0000] {standard_task_runner.py:109} ERROR - Failed to execute job 5 for task spark_raw_silver_gold (Bash command failed. The command returned a non-zero exit code 127.; 326)
[2025-12-20T13:10:02.950+0000] {local_task_job_runner.py:225} INFO - Task exited with return code 1
[2025-12-20T13:10:02.964+0000] {taskinstance.py:2653} INFO - 0 downstream tasks scheduled from follow-on schedule check
