[2025-12-20T01:04:27.320+0000] {taskinstance.py:1956} INFO - Dependencies all met for dep_context=non-requeueable deps ti=<TaskInstance: automotivos_raw_silver_gold.spark_raw_silver_gold manual__2025-12-20T01:04:26+00:00 [queued]>
[2025-12-20T01:04:27.325+0000] {taskinstance.py:1956} INFO - Dependencies all met for dep_context=requeueable deps ti=<TaskInstance: automotivos_raw_silver_gold.spark_raw_silver_gold manual__2025-12-20T01:04:26+00:00 [queued]>
[2025-12-20T01:04:27.325+0000] {taskinstance.py:2170} INFO - Starting attempt 1 of 2
[2025-12-20T01:04:27.332+0000] {taskinstance.py:2191} INFO - Executing <Task(SparkSubmitOperator): spark_raw_silver_gold> on 2025-12-20 01:04:26+00:00
[2025-12-20T01:04:27.337+0000] {standard_task_runner.py:60} INFO - Started process 497 to run task
[2025-12-20T01:04:27.339+0000] {standard_task_runner.py:87} INFO - Running: ['***', 'tasks', 'run', 'automotivos_raw_silver_gold', 'spark_raw_silver_gold', 'manual__2025-12-20T01:04:26+00:00', '--job-id', '8', '--raw', '--subdir', 'DAGS_FOLDER/automotivos_raw_silver_gold_dag.py', '--cfg-path', '/tmp/tmpoc7eo9cj']
[2025-12-20T01:04:27.341+0000] {standard_task_runner.py:88} INFO - Job 8: Subtask spark_raw_silver_gold
[2025-12-20T01:04:27.371+0000] {task_command.py:423} INFO - Running <TaskInstance: automotivos_raw_silver_gold.spark_raw_silver_gold manual__2025-12-20T01:04:26+00:00 [running]> on host 958ebb8f0229
[2025-12-20T01:04:27.422+0000] {taskinstance.py:2480} INFO - Exporting env vars: AIRFLOW_CTX_DAG_OWNER='***' AIRFLOW_CTX_DAG_ID='automotivos_raw_silver_gold' AIRFLOW_CTX_TASK_ID='spark_raw_silver_gold' AIRFLOW_CTX_EXECUTION_DATE='2025-12-20T01:04:26+00:00' AIRFLOW_CTX_TRY_NUMBER='1' AIRFLOW_CTX_DAG_RUN_ID='manual__2025-12-20T01:04:26+00:00'
[2025-12-20T01:04:27.428+0000] {base.py:83} INFO - Using connection ID 'spark_standalone' for task execution.
[2025-12-20T01:04:27.429+0000] {spark_submit.py:473} INFO - Spark-Submit cmd: spark-submit --master spark://spark-master:7077 --conf spark.master=spark://spark-master:7077 --name arrow-spark --verbose --deploy-mode client /opt/***/spark_jobs/spark_raw_silver_gold_com_hdfs.py
[2025-12-20T01:04:28.213+0000] {spark_submit.py:649} INFO - Using properties file: null
[2025-12-20T01:04:28.281+0000] {spark_submit.py:649} INFO - Parsed arguments:
[2025-12-20T01:04:28.282+0000] {spark_submit.py:649} INFO - master                  spark://spark-master:7077
[2025-12-20T01:04:28.282+0000] {spark_submit.py:649} INFO - remote                  null
[2025-12-20T01:04:28.282+0000] {spark_submit.py:649} INFO - deployMode              client
[2025-12-20T01:04:28.282+0000] {spark_submit.py:649} INFO - executorMemory          null
[2025-12-20T01:04:28.282+0000] {spark_submit.py:649} INFO - executorCores           null
[2025-12-20T01:04:28.282+0000] {spark_submit.py:649} INFO - totalExecutorCores      null
[2025-12-20T01:04:28.282+0000] {spark_submit.py:649} INFO - propertiesFile          null
[2025-12-20T01:04:28.283+0000] {spark_submit.py:649} INFO - driverMemory            null
[2025-12-20T01:04:28.283+0000] {spark_submit.py:649} INFO - driverCores             null
[2025-12-20T01:04:28.283+0000] {spark_submit.py:649} INFO - driverExtraClassPath    null
[2025-12-20T01:04:28.283+0000] {spark_submit.py:649} INFO - driverExtraLibraryPath  null
[2025-12-20T01:04:28.283+0000] {spark_submit.py:649} INFO - driverExtraJavaOptions  null
[2025-12-20T01:04:28.283+0000] {spark_submit.py:649} INFO - supervise               false
[2025-12-20T01:04:28.283+0000] {spark_submit.py:649} INFO - queue                   null
[2025-12-20T01:04:28.283+0000] {spark_submit.py:649} INFO - numExecutors            null
[2025-12-20T01:04:28.283+0000] {spark_submit.py:649} INFO - files                   null
[2025-12-20T01:04:28.284+0000] {spark_submit.py:649} INFO - pyFiles                 null
[2025-12-20T01:04:28.284+0000] {spark_submit.py:649} INFO - archives                null
[2025-12-20T01:04:28.284+0000] {spark_submit.py:649} INFO - mainClass               null
[2025-12-20T01:04:28.284+0000] {spark_submit.py:649} INFO - primaryResource         file:/opt/***/spark_jobs/spark_raw_silver_gold_com_hdfs.py
[2025-12-20T01:04:28.284+0000] {spark_submit.py:649} INFO - name                    arrow-spark
[2025-12-20T01:04:28.284+0000] {spark_submit.py:649} INFO - childArgs               []
[2025-12-20T01:04:28.284+0000] {spark_submit.py:649} INFO - jars                    null
[2025-12-20T01:04:28.284+0000] {spark_submit.py:649} INFO - packages                null
[2025-12-20T01:04:28.285+0000] {spark_submit.py:649} INFO - packagesExclusions      null
[2025-12-20T01:04:28.285+0000] {spark_submit.py:649} INFO - repositories            null
[2025-12-20T01:04:28.285+0000] {spark_submit.py:649} INFO - verbose                 true
[2025-12-20T01:04:28.285+0000] {spark_submit.py:649} INFO - 
[2025-12-20T01:04:28.285+0000] {spark_submit.py:649} INFO - Spark properties used, including those specified through
[2025-12-20T01:04:28.285+0000] {spark_submit.py:649} INFO - --conf and those from the properties file null:
[2025-12-20T01:04:28.285+0000] {spark_submit.py:649} INFO - (spark.master,spark://spark-master:7077)
[2025-12-20T01:04:28.285+0000] {spark_submit.py:649} INFO - 
[2025-12-20T01:04:28.285+0000] {spark_submit.py:649} INFO - 
[2025-12-20T01:04:28.448+0000] {spark_submit.py:649} INFO - Main class:
[2025-12-20T01:04:28.448+0000] {spark_submit.py:649} INFO - org.apache.spark.deploy.PythonRunner
[2025-12-20T01:04:28.449+0000] {spark_submit.py:649} INFO - Arguments:
[2025-12-20T01:04:28.449+0000] {spark_submit.py:649} INFO - file:/opt/***/spark_jobs/spark_raw_silver_gold_com_hdfs.py
[2025-12-20T01:04:28.449+0000] {spark_submit.py:649} INFO - null
[2025-12-20T01:04:28.450+0000] {spark_submit.py:649} INFO - Spark config:
[2025-12-20T01:04:28.451+0000] {spark_submit.py:649} INFO - (spark.app.name,arrow-spark)
[2025-12-20T01:04:28.451+0000] {spark_submit.py:649} INFO - (spark.app.submitTime,1766192668436)
[2025-12-20T01:04:28.451+0000] {spark_submit.py:649} INFO - (spark.master,spark://spark-master:7077)
[2025-12-20T01:04:28.451+0000] {spark_submit.py:649} INFO - (spark.submit.deployMode,client)
[2025-12-20T01:04:28.451+0000] {spark_submit.py:649} INFO - (spark.submit.pyFiles,)
[2025-12-20T01:04:28.451+0000] {spark_submit.py:649} INFO - Classpath elements:
[2025-12-20T01:04:28.452+0000] {spark_submit.py:649} INFO - 
[2025-12-20T01:04:28.452+0000] {spark_submit.py:649} INFO - 
[2025-12-20T01:04:28.452+0000] {spark_submit.py:649} INFO - 
[2025-12-20T01:04:28.885+0000] {spark_submit.py:649} INFO - 25/12/20 01:04:28 INFO SparkContext: Running Spark version 3.4.3
[2025-12-20T01:04:28.919+0000] {spark_submit.py:649} INFO - 25/12/20 01:04:28 WARN NativeCodeLoader: Unable to load native-hadoop library for your platform... using builtin-java classes where applicable
[2025-12-20T01:04:28.966+0000] {spark_submit.py:649} INFO - 25/12/20 01:04:28 INFO ResourceUtils: ==============================================================
[2025-12-20T01:04:28.966+0000] {spark_submit.py:649} INFO - 25/12/20 01:04:28 INFO ResourceUtils: No custom resources configured for spark.driver.
[2025-12-20T01:04:28.966+0000] {spark_submit.py:649} INFO - 25/12/20 01:04:28 INFO ResourceUtils: ==============================================================
[2025-12-20T01:04:28.967+0000] {spark_submit.py:649} INFO - 25/12/20 01:04:28 INFO SparkContext: Submitted application: Automotivos-RAW-SILVER-GOLD
[2025-12-20T01:04:28.979+0000] {spark_submit.py:649} INFO - 25/12/20 01:04:28 INFO ResourceProfile: Default ResourceProfile created, executor resources: Map(memory -> name: memory, amount: 1024, script: , vendor: , offHeap -> name: offHeap, amount: 0, script: , vendor: ), task resources: Map(cpus -> name: cpus, amount: 1.0)
[2025-12-20T01:04:28.984+0000] {spark_submit.py:649} INFO - 25/12/20 01:04:28 INFO ResourceProfile: Limiting resource is cpu
[2025-12-20T01:04:28.984+0000] {spark_submit.py:649} INFO - 25/12/20 01:04:28 INFO ResourceProfileManager: Added ResourceProfile id: 0
[2025-12-20T01:04:29.012+0000] {spark_submit.py:649} INFO - 25/12/20 01:04:29 INFO SecurityManager: Changing view acls to: ***
[2025-12-20T01:04:29.012+0000] {spark_submit.py:649} INFO - 25/12/20 01:04:29 INFO SecurityManager: Changing modify acls to: ***
[2025-12-20T01:04:29.012+0000] {spark_submit.py:649} INFO - 25/12/20 01:04:29 INFO SecurityManager: Changing view acls groups to:
[2025-12-20T01:04:29.013+0000] {spark_submit.py:649} INFO - 25/12/20 01:04:29 INFO SecurityManager: Changing modify acls groups to:
[2025-12-20T01:04:29.013+0000] {spark_submit.py:649} INFO - 25/12/20 01:04:29 INFO SecurityManager: SecurityManager: authentication disabled; ui acls disabled; users with view permissions: ***; groups with view permissions: EMPTY; users with modify permissions: ***; groups with modify permissions: EMPTY
[2025-12-20T01:04:29.129+0000] {spark_submit.py:649} INFO - 25/12/20 01:04:29 INFO Utils: Successfully started service 'sparkDriver' on port 43369.
[2025-12-20T01:04:29.145+0000] {spark_submit.py:649} INFO - 25/12/20 01:04:29 INFO SparkEnv: Registering MapOutputTracker
[2025-12-20T01:04:29.165+0000] {spark_submit.py:649} INFO - 25/12/20 01:04:29 INFO SparkEnv: Registering BlockManagerMaster
[2025-12-20T01:04:29.175+0000] {spark_submit.py:649} INFO - 25/12/20 01:04:29 INFO BlockManagerMasterEndpoint: Using org.apache.spark.storage.DefaultTopologyMapper for getting topology information
[2025-12-20T01:04:29.175+0000] {spark_submit.py:649} INFO - 25/12/20 01:04:29 INFO BlockManagerMasterEndpoint: BlockManagerMasterEndpoint up
[2025-12-20T01:04:29.177+0000] {spark_submit.py:649} INFO - 25/12/20 01:04:29 INFO SparkEnv: Registering BlockManagerMasterHeartbeat
[2025-12-20T01:04:29.187+0000] {spark_submit.py:649} INFO - 25/12/20 01:04:29 INFO DiskBlockManager: Created local directory at /tmp/blockmgr-fea0e931-bbae-4ef2-a7fd-4ed8ccf95295
[2025-12-20T01:04:29.197+0000] {spark_submit.py:649} INFO - 25/12/20 01:04:29 INFO MemoryStore: MemoryStore started with capacity 434.4 MiB
[2025-12-20T01:04:29.207+0000] {spark_submit.py:649} INFO - 25/12/20 01:04:29 INFO SparkEnv: Registering OutputCommitCoordinator
[2025-12-20T01:04:29.274+0000] {spark_submit.py:649} INFO - 25/12/20 01:04:29 INFO JettyUtils: Start Jetty 0.0.0.0:4040 for SparkUI
[2025-12-20T01:04:29.304+0000] {spark_submit.py:649} INFO - 25/12/20 01:04:29 WARN Utils: Service 'SparkUI' could not bind on port 4040. Attempting port 4041.
[2025-12-20T01:04:29.305+0000] {spark_submit.py:649} INFO - 25/12/20 01:04:29 WARN Utils: Service 'SparkUI' could not bind on port 4041. Attempting port 4042.
[2025-12-20T01:04:29.310+0000] {spark_submit.py:649} INFO - 25/12/20 01:04:29 INFO Utils: Successfully started service 'SparkUI' on port 4042.
[2025-12-20T01:04:29.371+0000] {spark_submit.py:649} INFO - 25/12/20 01:04:29 INFO StandaloneAppClient$ClientEndpoint: Connecting to master spark://spark-master:7077...
[2025-12-20T01:04:29.396+0000] {spark_submit.py:649} INFO - 25/12/20 01:04:29 WARN StandaloneAppClient$ClientEndpoint: Failed to connect to master spark-master:7077
[2025-12-20T01:04:29.396+0000] {spark_submit.py:649} INFO - org.apache.spark.SparkException: Exception thrown in awaitResult:
[2025-12-20T01:04:29.396+0000] {spark_submit.py:649} INFO - at org.apache.spark.util.ThreadUtils$.awaitResult(ThreadUtils.scala:322)
[2025-12-20T01:04:29.396+0000] {spark_submit.py:649} INFO - at org.apache.spark.rpc.RpcTimeout.awaitResult(RpcTimeout.scala:75)
[2025-12-20T01:04:29.396+0000] {spark_submit.py:649} INFO - at org.apache.spark.rpc.RpcEnv.setupEndpointRefByURI(RpcEnv.scala:102)
[2025-12-20T01:04:29.396+0000] {spark_submit.py:649} INFO - at org.apache.spark.rpc.RpcEnv.setupEndpointRef(RpcEnv.scala:110)
[2025-12-20T01:04:29.396+0000] {spark_submit.py:649} INFO - at org.apache.spark.deploy.client.StandaloneAppClient$ClientEndpoint$$anon$1.run(StandaloneAppClient.scala:108)
[2025-12-20T01:04:29.397+0000] {spark_submit.py:649} INFO - at java.base/java.util.concurrent.Executors$RunnableAdapter.call(Executors.java:539)
[2025-12-20T01:04:29.397+0000] {spark_submit.py:649} INFO - at java.base/java.util.concurrent.FutureTask.run(FutureTask.java:264)
[2025-12-20T01:04:29.397+0000] {spark_submit.py:649} INFO - at java.base/java.util.concurrent.ThreadPoolExecutor.runWorker(ThreadPoolExecutor.java:1136)
[2025-12-20T01:04:29.397+0000] {spark_submit.py:649} INFO - at java.base/java.util.concurrent.ThreadPoolExecutor$Worker.run(ThreadPoolExecutor.java:635)
[2025-12-20T01:04:29.397+0000] {spark_submit.py:649} INFO - at java.base/java.lang.Thread.run(Thread.java:840)
[2025-12-20T01:04:29.397+0000] {spark_submit.py:649} INFO - Caused by: java.io.IOException: Failed to connect to spark-master/<unresolved>:7077
[2025-12-20T01:04:29.397+0000] {spark_submit.py:649} INFO - at org.apache.spark.network.client.TransportClientFactory.createClient(TransportClientFactory.java:294)
[2025-12-20T01:04:29.397+0000] {spark_submit.py:649} INFO - at org.apache.spark.network.client.TransportClientFactory.createClient(TransportClientFactory.java:214)
[2025-12-20T01:04:29.397+0000] {spark_submit.py:649} INFO - at org.apache.spark.network.client.TransportClientFactory.createClient(TransportClientFactory.java:226)
[2025-12-20T01:04:29.398+0000] {spark_submit.py:649} INFO - at org.apache.spark.rpc.netty.NettyRpcEnv.createClient(NettyRpcEnv.scala:204)
[2025-12-20T01:04:29.398+0000] {spark_submit.py:649} INFO - at org.apache.spark.rpc.netty.Outbox$$anon$1.call(Outbox.scala:202)
[2025-12-20T01:04:29.398+0000] {spark_submit.py:649} INFO - at org.apache.spark.rpc.netty.Outbox$$anon$1.call(Outbox.scala:198)
[2025-12-20T01:04:29.398+0000] {spark_submit.py:649} INFO - ... 4 more
[2025-12-20T01:04:29.398+0000] {spark_submit.py:649} INFO - Caused by: java.net.UnknownHostException: spark-master
[2025-12-20T01:04:29.398+0000] {spark_submit.py:649} INFO - at java.base/java.net.InetAddress$CachedAddresses.get(InetAddress.java:801)
[2025-12-20T01:04:29.398+0000] {spark_submit.py:649} INFO - at java.base/java.net.InetAddress.getAllByName0(InetAddress.java:1533)
[2025-12-20T01:04:29.398+0000] {spark_submit.py:649} INFO - at java.base/java.net.InetAddress.getAllByName(InetAddress.java:1385)
[2025-12-20T01:04:29.398+0000] {spark_submit.py:649} INFO - at java.base/java.net.InetAddress.getAllByName(InetAddress.java:1306)
[2025-12-20T01:04:29.398+0000] {spark_submit.py:649} INFO - at java.base/java.net.InetAddress.getByName(InetAddress.java:1256)
[2025-12-20T01:04:29.398+0000] {spark_submit.py:649} INFO - at io.netty.util.internal.SocketUtils$8.run(SocketUtils.java:156)
[2025-12-20T01:04:29.399+0000] {spark_submit.py:649} INFO - at io.netty.util.internal.SocketUtils$8.run(SocketUtils.java:153)
[2025-12-20T01:04:29.399+0000] {spark_submit.py:649} INFO - at java.base/java.security.AccessController.doPrivileged(AccessController.java:569)
[2025-12-20T01:04:29.399+0000] {spark_submit.py:649} INFO - at io.netty.util.internal.SocketUtils.addressByName(SocketUtils.java:153)
[2025-12-20T01:04:29.399+0000] {spark_submit.py:649} INFO - at io.netty.resolver.DefaultNameResolver.doResolve(DefaultNameResolver.java:41)
[2025-12-20T01:04:29.399+0000] {spark_submit.py:649} INFO - at io.netty.resolver.SimpleNameResolver.resolve(SimpleNameResolver.java:61)
[2025-12-20T01:04:29.399+0000] {spark_submit.py:649} INFO - at io.netty.resolver.SimpleNameResolver.resolve(SimpleNameResolver.java:53)
[2025-12-20T01:04:29.399+0000] {spark_submit.py:649} INFO - at io.netty.resolver.InetSocketAddressResolver.doResolve(InetSocketAddressResolver.java:55)
[2025-12-20T01:04:29.399+0000] {spark_submit.py:649} INFO - at io.netty.resolver.InetSocketAddressResolver.doResolve(InetSocketAddressResolver.java:31)
[2025-12-20T01:04:29.399+0000] {spark_submit.py:649} INFO - at io.netty.resolver.AbstractAddressResolver.resolve(AbstractAddressResolver.java:106)
[2025-12-20T01:04:29.399+0000] {spark_submit.py:649} INFO - at io.netty.bootstrap.Bootstrap.doResolveAndConnect0(Bootstrap.java:206)
[2025-12-20T01:04:29.399+0000] {spark_submit.py:649} INFO - at io.netty.bootstrap.Bootstrap.access$000(Bootstrap.java:46)
[2025-12-20T01:04:29.400+0000] {spark_submit.py:649} INFO - at io.netty.bootstrap.Bootstrap$1.operationComplete(Bootstrap.java:180)
[2025-12-20T01:04:29.400+0000] {spark_submit.py:649} INFO - at io.netty.bootstrap.Bootstrap$1.operationComplete(Bootstrap.java:166)
[2025-12-20T01:04:29.400+0000] {spark_submit.py:649} INFO - at io.netty.util.concurrent.DefaultPromise.notifyListener0(DefaultPromise.java:590)
[2025-12-20T01:04:29.400+0000] {spark_submit.py:649} INFO - at io.netty.util.concurrent.DefaultPromise.notifyListenersNow(DefaultPromise.java:557)
[2025-12-20T01:04:29.400+0000] {spark_submit.py:649} INFO - at io.netty.util.concurrent.DefaultPromise.notifyListeners(DefaultPromise.java:492)
[2025-12-20T01:04:29.400+0000] {spark_submit.py:649} INFO - at io.netty.util.concurrent.DefaultPromise.setValue0(DefaultPromise.java:636)
[2025-12-20T01:04:29.400+0000] {spark_submit.py:649} INFO - at io.netty.util.concurrent.DefaultPromise.setSuccess0(DefaultPromise.java:625)
[2025-12-20T01:04:29.400+0000] {spark_submit.py:649} INFO - at io.netty.util.concurrent.DefaultPromise.trySuccess(DefaultPromise.java:105)
[2025-12-20T01:04:29.400+0000] {spark_submit.py:649} INFO - at io.netty.channel.DefaultChannelPromise.trySuccess(DefaultChannelPromise.java:84)
[2025-12-20T01:04:29.400+0000] {spark_submit.py:649} INFO - at io.netty.channel.AbstractChannel$AbstractUnsafe.safeSetSuccess(AbstractChannel.java:990)
[2025-12-20T01:04:29.400+0000] {spark_submit.py:649} INFO - at io.netty.channel.AbstractChannel$AbstractUnsafe.register0(AbstractChannel.java:516)
[2025-12-20T01:04:29.401+0000] {spark_submit.py:649} INFO - at io.netty.channel.AbstractChannel$AbstractUnsafe.access$200(AbstractChannel.java:429)
[2025-12-20T01:04:29.401+0000] {spark_submit.py:649} INFO - at io.netty.channel.AbstractChannel$AbstractUnsafe$1.run(AbstractChannel.java:486)
[2025-12-20T01:04:29.401+0000] {spark_submit.py:649} INFO - at io.netty.util.concurrent.AbstractEventExecutor.runTask(AbstractEventExecutor.java:174)
[2025-12-20T01:04:29.401+0000] {spark_submit.py:649} INFO - at io.netty.util.concurrent.AbstractEventExecutor.safeExecute(AbstractEventExecutor.java:167)
[2025-12-20T01:04:29.401+0000] {spark_submit.py:649} INFO - at io.netty.util.concurrent.SingleThreadEventExecutor.runAllTasks(SingleThreadEventExecutor.java:470)
[2025-12-20T01:04:29.401+0000] {spark_submit.py:649} INFO - at io.netty.channel.nio.NioEventLoop.run(NioEventLoop.java:569)
[2025-12-20T01:04:29.401+0000] {spark_submit.py:649} INFO - at io.netty.util.concurrent.SingleThreadEventExecutor$4.run(SingleThreadEventExecutor.java:997)
[2025-12-20T01:04:29.401+0000] {spark_submit.py:649} INFO - at io.netty.util.internal.ThreadExecutorMap$2.run(ThreadExecutorMap.java:74)
[2025-12-20T01:04:29.401+0000] {spark_submit.py:649} INFO - at io.netty.util.concurrent.FastThreadLocalRunnable.run(FastThreadLocalRunnable.java:30)
[2025-12-20T01:04:29.401+0000] {spark_submit.py:649} INFO - ... 1 more
[2025-12-20T01:04:49.371+0000] {spark_submit.py:649} INFO - 25/12/20 01:04:49 INFO StandaloneAppClient$ClientEndpoint: Connecting to master spark://spark-master:7077...
[2025-12-20T01:04:49.375+0000] {spark_submit.py:649} INFO - 25/12/20 01:04:49 WARN StandaloneAppClient$ClientEndpoint: Failed to connect to master spark-master:7077
[2025-12-20T01:04:49.375+0000] {spark_submit.py:649} INFO - org.apache.spark.SparkException: Exception thrown in awaitResult:
[2025-12-20T01:04:49.375+0000] {spark_submit.py:649} INFO - at org.apache.spark.util.ThreadUtils$.awaitResult(ThreadUtils.scala:322)
[2025-12-20T01:04:49.376+0000] {spark_submit.py:649} INFO - at org.apache.spark.rpc.RpcTimeout.awaitResult(RpcTimeout.scala:75)
[2025-12-20T01:04:49.376+0000] {spark_submit.py:649} INFO - at org.apache.spark.rpc.RpcEnv.setupEndpointRefByURI(RpcEnv.scala:102)
[2025-12-20T01:04:49.376+0000] {spark_submit.py:649} INFO - at org.apache.spark.rpc.RpcEnv.setupEndpointRef(RpcEnv.scala:110)
[2025-12-20T01:04:49.376+0000] {spark_submit.py:649} INFO - at org.apache.spark.deploy.client.StandaloneAppClient$ClientEndpoint$$anon$1.run(StandaloneAppClient.scala:108)
[2025-12-20T01:04:49.376+0000] {spark_submit.py:649} INFO - at java.base/java.util.concurrent.Executors$RunnableAdapter.call(Executors.java:539)
[2025-12-20T01:04:49.376+0000] {spark_submit.py:649} INFO - at java.base/java.util.concurrent.FutureTask.run(FutureTask.java:264)
[2025-12-20T01:04:49.376+0000] {spark_submit.py:649} INFO - at java.base/java.util.concurrent.ThreadPoolExecutor.runWorker(ThreadPoolExecutor.java:1136)
[2025-12-20T01:04:49.376+0000] {spark_submit.py:649} INFO - at java.base/java.util.concurrent.ThreadPoolExecutor$Worker.run(ThreadPoolExecutor.java:635)
[2025-12-20T01:04:49.376+0000] {spark_submit.py:649} INFO - at java.base/java.lang.Thread.run(Thread.java:840)
[2025-12-20T01:04:49.376+0000] {spark_submit.py:649} INFO - Caused by: java.io.IOException: Failed to connect to spark-master/<unresolved>:7077
[2025-12-20T01:04:49.377+0000] {spark_submit.py:649} INFO - at org.apache.spark.network.client.TransportClientFactory.createClient(TransportClientFactory.java:294)
[2025-12-20T01:04:49.377+0000] {spark_submit.py:649} INFO - at org.apache.spark.network.client.TransportClientFactory.createClient(TransportClientFactory.java:214)
[2025-12-20T01:04:49.377+0000] {spark_submit.py:649} INFO - at org.apache.spark.network.client.TransportClientFactory.createClient(TransportClientFactory.java:226)
[2025-12-20T01:04:49.377+0000] {spark_submit.py:649} INFO - at org.apache.spark.rpc.netty.NettyRpcEnv.createClient(NettyRpcEnv.scala:204)
[2025-12-20T01:04:49.377+0000] {spark_submit.py:649} INFO - at org.apache.spark.rpc.netty.Outbox$$anon$1.call(Outbox.scala:202)
[2025-12-20T01:04:49.377+0000] {spark_submit.py:649} INFO - at org.apache.spark.rpc.netty.Outbox$$anon$1.call(Outbox.scala:198)
[2025-12-20T01:04:49.377+0000] {spark_submit.py:649} INFO - ... 4 more
[2025-12-20T01:04:49.377+0000] {spark_submit.py:649} INFO - Caused by: java.net.UnknownHostException: spark-master
[2025-12-20T01:04:49.377+0000] {spark_submit.py:649} INFO - at java.base/java.net.InetAddress$CachedAddresses.get(InetAddress.java:801)
[2025-12-20T01:04:49.377+0000] {spark_submit.py:649} INFO - at java.base/java.net.InetAddress.getAllByName0(InetAddress.java:1533)
[2025-12-20T01:04:49.377+0000] {spark_submit.py:649} INFO - at java.base/java.net.InetAddress.getAllByName(InetAddress.java:1385)
[2025-12-20T01:04:49.378+0000] {spark_submit.py:649} INFO - at java.base/java.net.InetAddress.getAllByName(InetAddress.java:1306)
[2025-12-20T01:04:49.378+0000] {spark_submit.py:649} INFO - at java.base/java.net.InetAddress.getByName(InetAddress.java:1256)
[2025-12-20T01:04:49.378+0000] {spark_submit.py:649} INFO - at io.netty.util.internal.SocketUtils$8.run(SocketUtils.java:156)
[2025-12-20T01:04:49.378+0000] {spark_submit.py:649} INFO - at io.netty.util.internal.SocketUtils$8.run(SocketUtils.java:153)
[2025-12-20T01:04:49.378+0000] {spark_submit.py:649} INFO - at java.base/java.security.AccessController.doPrivileged(AccessController.java:569)
[2025-12-20T01:04:49.378+0000] {spark_submit.py:649} INFO - at io.netty.util.internal.SocketUtils.addressByName(SocketUtils.java:153)
[2025-12-20T01:04:49.378+0000] {spark_submit.py:649} INFO - at io.netty.resolver.DefaultNameResolver.doResolve(DefaultNameResolver.java:41)
[2025-12-20T01:04:49.378+0000] {spark_submit.py:649} INFO - at io.netty.resolver.SimpleNameResolver.resolve(SimpleNameResolver.java:61)
[2025-12-20T01:04:49.378+0000] {spark_submit.py:649} INFO - at io.netty.resolver.SimpleNameResolver.resolve(SimpleNameResolver.java:53)
[2025-12-20T01:04:49.378+0000] {spark_submit.py:649} INFO - at io.netty.resolver.InetSocketAddressResolver.doResolve(InetSocketAddressResolver.java:55)
[2025-12-20T01:04:49.378+0000] {spark_submit.py:649} INFO - at io.netty.resolver.InetSocketAddressResolver.doResolve(InetSocketAddressResolver.java:31)
[2025-12-20T01:04:49.378+0000] {spark_submit.py:649} INFO - at io.netty.resolver.AbstractAddressResolver.resolve(AbstractAddressResolver.java:106)
[2025-12-20T01:04:49.379+0000] {spark_submit.py:649} INFO - at io.netty.bootstrap.Bootstrap.doResolveAndConnect0(Bootstrap.java:206)
[2025-12-20T01:04:49.379+0000] {spark_submit.py:649} INFO - at io.netty.bootstrap.Bootstrap.access$000(Bootstrap.java:46)
[2025-12-20T01:04:49.379+0000] {spark_submit.py:649} INFO - at io.netty.bootstrap.Bootstrap$1.operationComplete(Bootstrap.java:180)
[2025-12-20T01:04:49.379+0000] {spark_submit.py:649} INFO - at io.netty.bootstrap.Bootstrap$1.operationComplete(Bootstrap.java:166)
[2025-12-20T01:04:49.379+0000] {spark_submit.py:649} INFO - at io.netty.util.concurrent.DefaultPromise.notifyListener0(DefaultPromise.java:590)
[2025-12-20T01:04:49.379+0000] {spark_submit.py:649} INFO - at io.netty.util.concurrent.DefaultPromise.notifyListenersNow(DefaultPromise.java:557)
[2025-12-20T01:04:49.379+0000] {spark_submit.py:649} INFO - at io.netty.util.concurrent.DefaultPromise.notifyListeners(DefaultPromise.java:492)
[2025-12-20T01:04:49.379+0000] {spark_submit.py:649} INFO - at io.netty.util.concurrent.DefaultPromise.setValue0(DefaultPromise.java:636)
[2025-12-20T01:04:49.379+0000] {spark_submit.py:649} INFO - at io.netty.util.concurrent.DefaultPromise.setSuccess0(DefaultPromise.java:625)
[2025-12-20T01:04:49.380+0000] {spark_submit.py:649} INFO - at io.netty.util.concurrent.DefaultPromise.trySuccess(DefaultPromise.java:105)
[2025-12-20T01:04:49.380+0000] {spark_submit.py:649} INFO - at io.netty.channel.DefaultChannelPromise.trySuccess(DefaultChannelPromise.java:84)
[2025-12-20T01:04:49.380+0000] {spark_submit.py:649} INFO - at io.netty.channel.AbstractChannel$AbstractUnsafe.safeSetSuccess(AbstractChannel.java:990)
[2025-12-20T01:04:49.380+0000] {spark_submit.py:649} INFO - at io.netty.channel.AbstractChannel$AbstractUnsafe.register0(AbstractChannel.java:516)
[2025-12-20T01:04:49.380+0000] {spark_submit.py:649} INFO - at io.netty.channel.AbstractChannel$AbstractUnsafe.access$200(AbstractChannel.java:429)
[2025-12-20T01:04:49.380+0000] {spark_submit.py:649} INFO - at io.netty.channel.AbstractChannel$AbstractUnsafe$1.run(AbstractChannel.java:486)
[2025-12-20T01:04:49.380+0000] {spark_submit.py:649} INFO - at io.netty.util.concurrent.AbstractEventExecutor.runTask(AbstractEventExecutor.java:174)
[2025-12-20T01:04:49.380+0000] {spark_submit.py:649} INFO - at io.netty.util.concurrent.AbstractEventExecutor.safeExecute(AbstractEventExecutor.java:167)
[2025-12-20T01:04:49.380+0000] {spark_submit.py:649} INFO - at io.netty.util.concurrent.SingleThreadEventExecutor.runAllTasks(SingleThreadEventExecutor.java:470)
[2025-12-20T01:04:49.380+0000] {spark_submit.py:649} INFO - at io.netty.channel.nio.NioEventLoop.run(NioEventLoop.java:569)
[2025-12-20T01:04:49.381+0000] {spark_submit.py:649} INFO - at io.netty.util.concurrent.SingleThreadEventExecutor$4.run(SingleThreadEventExecutor.java:997)
[2025-12-20T01:04:49.381+0000] {spark_submit.py:649} INFO - at io.netty.util.internal.ThreadExecutorMap$2.run(ThreadExecutorMap.java:74)
[2025-12-20T01:04:49.381+0000] {spark_submit.py:649} INFO - at io.netty.util.concurrent.FastThreadLocalRunnable.run(FastThreadLocalRunnable.java:30)
[2025-12-20T01:04:49.381+0000] {spark_submit.py:649} INFO - ... 1 more
[2025-12-20T01:05:09.372+0000] {spark_submit.py:649} INFO - 25/12/20 01:05:09 INFO StandaloneAppClient$ClientEndpoint: Connecting to master spark://spark-master:7077...
[2025-12-20T01:05:09.375+0000] {spark_submit.py:649} INFO - 25/12/20 01:05:09 WARN StandaloneAppClient$ClientEndpoint: Failed to connect to master spark-master:7077
[2025-12-20T01:05:09.375+0000] {spark_submit.py:649} INFO - org.apache.spark.SparkException: Exception thrown in awaitResult:
[2025-12-20T01:05:09.376+0000] {spark_submit.py:649} INFO - at org.apache.spark.util.ThreadUtils$.awaitResult(ThreadUtils.scala:322)
[2025-12-20T01:05:09.376+0000] {spark_submit.py:649} INFO - at org.apache.spark.rpc.RpcTimeout.awaitResult(RpcTimeout.scala:75)
[2025-12-20T01:05:09.376+0000] {spark_submit.py:649} INFO - at org.apache.spark.rpc.RpcEnv.setupEndpointRefByURI(RpcEnv.scala:102)
[2025-12-20T01:05:09.376+0000] {spark_submit.py:649} INFO - at org.apache.spark.rpc.RpcEnv.setupEndpointRef(RpcEnv.scala:110)
[2025-12-20T01:05:09.376+0000] {spark_submit.py:649} INFO - at org.apache.spark.deploy.client.StandaloneAppClient$ClientEndpoint$$anon$1.run(StandaloneAppClient.scala:108)
[2025-12-20T01:05:09.376+0000] {spark_submit.py:649} INFO - at java.base/java.util.concurrent.Executors$RunnableAdapter.call(Executors.java:539)
[2025-12-20T01:05:09.376+0000] {spark_submit.py:649} INFO - at java.base/java.util.concurrent.FutureTask.run(FutureTask.java:264)
[2025-12-20T01:05:09.376+0000] {spark_submit.py:649} INFO - at java.base/java.util.concurrent.ThreadPoolExecutor.runWorker(ThreadPoolExecutor.java:1136)
[2025-12-20T01:05:09.376+0000] {spark_submit.py:649} INFO - at java.base/java.util.concurrent.ThreadPoolExecutor$Worker.run(ThreadPoolExecutor.java:635)
[2025-12-20T01:05:09.376+0000] {spark_submit.py:649} INFO - at java.base/java.lang.Thread.run(Thread.java:840)
[2025-12-20T01:05:09.377+0000] {spark_submit.py:649} INFO - Caused by: java.io.IOException: Failed to connect to spark-master/<unresolved>:7077
[2025-12-20T01:05:09.377+0000] {spark_submit.py:649} INFO - at org.apache.spark.network.client.TransportClientFactory.createClient(TransportClientFactory.java:294)
[2025-12-20T01:05:09.377+0000] {spark_submit.py:649} INFO - at org.apache.spark.network.client.TransportClientFactory.createClient(TransportClientFactory.java:214)
[2025-12-20T01:05:09.377+0000] {spark_submit.py:649} INFO - at org.apache.spark.network.client.TransportClientFactory.createClient(TransportClientFactory.java:226)
[2025-12-20T01:05:09.377+0000] {spark_submit.py:649} INFO - at org.apache.spark.rpc.netty.NettyRpcEnv.createClient(NettyRpcEnv.scala:204)
[2025-12-20T01:05:09.377+0000] {spark_submit.py:649} INFO - at org.apache.spark.rpc.netty.Outbox$$anon$1.call(Outbox.scala:202)
[2025-12-20T01:05:09.377+0000] {spark_submit.py:649} INFO - at org.apache.spark.rpc.netty.Outbox$$anon$1.call(Outbox.scala:198)
[2025-12-20T01:05:09.377+0000] {spark_submit.py:649} INFO - ... 4 more
[2025-12-20T01:05:09.377+0000] {spark_submit.py:649} INFO - Caused by: java.net.UnknownHostException: spark-master
[2025-12-20T01:05:09.378+0000] {spark_submit.py:649} INFO - at java.base/java.net.InetAddress$CachedAddresses.get(InetAddress.java:801)
[2025-12-20T01:05:09.378+0000] {spark_submit.py:649} INFO - at java.base/java.net.InetAddress.getAllByName0(InetAddress.java:1533)
[2025-12-20T01:05:09.378+0000] {spark_submit.py:649} INFO - at java.base/java.net.InetAddress.getAllByName(InetAddress.java:1385)
[2025-12-20T01:05:09.378+0000] {spark_submit.py:649} INFO - at java.base/java.net.InetAddress.getAllByName(InetAddress.java:1306)
[2025-12-20T01:05:09.378+0000] {spark_submit.py:649} INFO - at java.base/java.net.InetAddress.getByName(InetAddress.java:1256)
[2025-12-20T01:05:09.378+0000] {spark_submit.py:649} INFO - at io.netty.util.internal.SocketUtils$8.run(SocketUtils.java:156)
[2025-12-20T01:05:09.378+0000] {spark_submit.py:649} INFO - at io.netty.util.internal.SocketUtils$8.run(SocketUtils.java:153)
[2025-12-20T01:05:09.378+0000] {spark_submit.py:649} INFO - at java.base/java.security.AccessController.doPrivileged(AccessController.java:569)
[2025-12-20T01:05:09.378+0000] {spark_submit.py:649} INFO - at io.netty.util.internal.SocketUtils.addressByName(SocketUtils.java:153)
[2025-12-20T01:05:09.378+0000] {spark_submit.py:649} INFO - at io.netty.resolver.DefaultNameResolver.doResolve(DefaultNameResolver.java:41)
[2025-12-20T01:05:09.378+0000] {spark_submit.py:649} INFO - at io.netty.resolver.SimpleNameResolver.resolve(SimpleNameResolver.java:61)
[2025-12-20T01:05:09.379+0000] {spark_submit.py:649} INFO - at io.netty.resolver.SimpleNameResolver.resolve(SimpleNameResolver.java:53)
[2025-12-20T01:05:09.379+0000] {spark_submit.py:649} INFO - at io.netty.resolver.InetSocketAddressResolver.doResolve(InetSocketAddressResolver.java:55)
[2025-12-20T01:05:09.379+0000] {spark_submit.py:649} INFO - at io.netty.resolver.InetSocketAddressResolver.doResolve(InetSocketAddressResolver.java:31)
[2025-12-20T01:05:09.379+0000] {spark_submit.py:649} INFO - at io.netty.resolver.AbstractAddressResolver.resolve(AbstractAddressResolver.java:106)
[2025-12-20T01:05:09.379+0000] {spark_submit.py:649} INFO - at io.netty.bootstrap.Bootstrap.doResolveAndConnect0(Bootstrap.java:206)
[2025-12-20T01:05:09.379+0000] {spark_submit.py:649} INFO - at io.netty.bootstrap.Bootstrap.access$000(Bootstrap.java:46)
[2025-12-20T01:05:09.379+0000] {spark_submit.py:649} INFO - at io.netty.bootstrap.Bootstrap$1.operationComplete(Bootstrap.java:180)
[2025-12-20T01:05:09.379+0000] {spark_submit.py:649} INFO - at io.netty.bootstrap.Bootstrap$1.operationComplete(Bootstrap.java:166)
[2025-12-20T01:05:09.379+0000] {spark_submit.py:649} INFO - at io.netty.util.concurrent.DefaultPromise.notifyListener0(DefaultPromise.java:590)
[2025-12-20T01:05:09.379+0000] {spark_submit.py:649} INFO - at io.netty.util.concurrent.DefaultPromise.notifyListenersNow(DefaultPromise.java:557)
[2025-12-20T01:05:09.379+0000] {spark_submit.py:649} INFO - at io.netty.util.concurrent.DefaultPromise.notifyListeners(DefaultPromise.java:492)
[2025-12-20T01:05:09.379+0000] {spark_submit.py:649} INFO - at io.netty.util.concurrent.DefaultPromise.setValue0(DefaultPromise.java:636)
[2025-12-20T01:05:09.380+0000] {spark_submit.py:649} INFO - at io.netty.util.concurrent.DefaultPromise.setSuccess0(DefaultPromise.java:625)
[2025-12-20T01:05:09.380+0000] {spark_submit.py:649} INFO - at io.netty.util.concurrent.DefaultPromise.trySuccess(DefaultPromise.java:105)
[2025-12-20T01:05:09.380+0000] {spark_submit.py:649} INFO - at io.netty.channel.DefaultChannelPromise.trySuccess(DefaultChannelPromise.java:84)
[2025-12-20T01:05:09.380+0000] {spark_submit.py:649} INFO - at io.netty.channel.AbstractChannel$AbstractUnsafe.safeSetSuccess(AbstractChannel.java:990)
[2025-12-20T01:05:09.380+0000] {spark_submit.py:649} INFO - at io.netty.channel.AbstractChannel$AbstractUnsafe.register0(AbstractChannel.java:516)
[2025-12-20T01:05:09.380+0000] {spark_submit.py:649} INFO - at io.netty.channel.AbstractChannel$AbstractUnsafe.access$200(AbstractChannel.java:429)
[2025-12-20T01:05:09.380+0000] {spark_submit.py:649} INFO - at io.netty.channel.AbstractChannel$AbstractUnsafe$1.run(AbstractChannel.java:486)
[2025-12-20T01:05:09.380+0000] {spark_submit.py:649} INFO - at io.netty.util.concurrent.AbstractEventExecutor.runTask(AbstractEventExecutor.java:174)
[2025-12-20T01:05:09.380+0000] {spark_submit.py:649} INFO - at io.netty.util.concurrent.AbstractEventExecutor.safeExecute(AbstractEventExecutor.java:167)
[2025-12-20T01:05:09.380+0000] {spark_submit.py:649} INFO - at io.netty.util.concurrent.SingleThreadEventExecutor.runAllTasks(SingleThreadEventExecutor.java:470)
[2025-12-20T01:05:09.381+0000] {spark_submit.py:649} INFO - at io.netty.channel.nio.NioEventLoop.run(NioEventLoop.java:569)
[2025-12-20T01:05:09.381+0000] {spark_submit.py:649} INFO - at io.netty.util.concurrent.SingleThreadEventExecutor$4.run(SingleThreadEventExecutor.java:997)
[2025-12-20T01:05:09.381+0000] {spark_submit.py:649} INFO - at io.netty.util.internal.ThreadExecutorMap$2.run(ThreadExecutorMap.java:74)
[2025-12-20T01:05:09.381+0000] {spark_submit.py:649} INFO - at io.netty.util.concurrent.FastThreadLocalRunnable.run(FastThreadLocalRunnable.java:30)
[2025-12-20T01:05:09.381+0000] {spark_submit.py:649} INFO - ... 1 more
[2025-12-20T01:05:29.372+0000] {spark_submit.py:649} INFO - 25/12/20 01:05:29 WARN StandaloneSchedulerBackend: Application ID is not initialized yet.
[2025-12-20T01:05:29.373+0000] {spark_submit.py:649} INFO - 25/12/20 01:05:29 ERROR StandaloneSchedulerBackend: Application has been killed. Reason: All masters are unresponsive! Giving up.
[2025-12-20T01:05:29.375+0000] {spark_submit.py:649} INFO - 25/12/20 01:05:29 INFO Utils: Successfully started service 'org.apache.spark.network.netty.NettyBlockTransferService' on port 43475.
[2025-12-20T01:05:29.375+0000] {spark_submit.py:649} INFO - 25/12/20 01:05:29 INFO NettyBlockTransferService: Server created on 958ebb8f0229:43475
[2025-12-20T01:05:29.376+0000] {spark_submit.py:649} INFO - 25/12/20 01:05:29 INFO BlockManager: Using org.apache.spark.storage.RandomBlockReplicationPolicy for block replication policy
[2025-12-20T01:05:29.379+0000] {spark_submit.py:649} INFO - 25/12/20 01:05:29 INFO BlockManagerMaster: Registering BlockManager BlockManagerId(driver, 958ebb8f0229, 43475, None)
[2025-12-20T01:05:29.381+0000] {spark_submit.py:649} INFO - 25/12/20 01:05:29 INFO BlockManagerMasterEndpoint: Registering block manager 958ebb8f0229:43475 with 434.4 MiB RAM, BlockManagerId(driver, 958ebb8f0229, 43475, None)
[2025-12-20T01:05:29.382+0000] {spark_submit.py:649} INFO - 25/12/20 01:05:29 INFO BlockManagerMaster: Registered BlockManager BlockManagerId(driver, 958ebb8f0229, 43475, None)
[2025-12-20T01:05:29.383+0000] {spark_submit.py:649} INFO - 25/12/20 01:05:29 INFO BlockManager: Initialized BlockManager: BlockManagerId(driver, 958ebb8f0229, 43475, None)
[2025-12-20T01:05:29.465+0000] {spark_submit.py:649} INFO - 25/12/20 01:05:29 INFO StandaloneSchedulerBackend: SchedulerBackend is ready for scheduling beginning after reached minRegisteredResourcesRatio: 0.0
[2025-12-20T01:05:29.571+0000] {spark_submit.py:649} INFO - 25/12/20 01:05:29 INFO SparkContext: SparkContext is stopping with exitCode 0.
[2025-12-20T01:05:29.571+0000] {spark_submit.py:649} INFO - 25/12/20 01:05:29 INFO SharedState: Setting hive.metastore.warehouse.dir ('null') to the value of spark.sql.warehouse.dir.
[2025-12-20T01:05:29.575+0000] {spark_submit.py:649} INFO - 25/12/20 01:05:29 INFO SparkUI: Stopped Spark web UI at http://958ebb8f0229:4042
[2025-12-20T01:05:29.576+0000] {spark_submit.py:649} INFO - 25/12/20 01:05:29 INFO SharedState: Warehouse path is 'file:/opt/***/spark-warehouse'.
[2025-12-20T01:05:29.578+0000] {spark_submit.py:649} INFO - 25/12/20 01:05:29 INFO StandaloneSchedulerBackend: Shutting down all executors
[2025-12-20T01:05:29.579+0000] {spark_submit.py:649} INFO - 25/12/20 01:05:29 INFO StandaloneSchedulerBackend$StandaloneDriverEndpoint: Asking each executor to shut down
[2025-12-20T01:05:29.581+0000] {spark_submit.py:649} INFO - 25/12/20 01:05:29 WARN StandaloneAppClient$ClientEndpoint: Drop UnregisterApplication(null) because has not yet connected to master
[2025-12-20T01:05:29.585+0000] {spark_submit.py:649} INFO - 25/12/20 01:05:29 INFO MapOutputTrackerMasterEndpoint: MapOutputTrackerMasterEndpoint stopped!
[2025-12-20T01:05:29.593+0000] {spark_submit.py:649} INFO - 25/12/20 01:05:29 INFO MemoryStore: MemoryStore cleared
[2025-12-20T01:05:29.593+0000] {spark_submit.py:649} INFO - 25/12/20 01:05:29 INFO BlockManager: BlockManager stopped
[2025-12-20T01:05:29.596+0000] {spark_submit.py:649} INFO - 25/12/20 01:05:29 INFO BlockManagerMaster: BlockManagerMaster stopped
[2025-12-20T01:05:29.597+0000] {spark_submit.py:649} INFO - 25/12/20 01:05:29 INFO OutputCommitCoordinator$OutputCommitCoordinatorEndpoint: OutputCommitCoordinator stopped!
[2025-12-20T01:05:29.602+0000] {spark_submit.py:649} INFO - 25/12/20 01:05:29 INFO SparkContext: Successfully stopped SparkContext
[2025-12-20T01:05:29.945+0000] {spark_submit.py:649} INFO - 25/12/20 01:05:29 WARN FileSystem: Failed to initialize fileystem hdfs://namenode:9000/data/raw/orders/precos_semestrais_automotivos_2025_01.csv: java.lang.IllegalArgumentException: java.net.UnknownHostException: namenode
[2025-12-20T01:05:29.946+0000] {spark_submit.py:649} INFO - 25/12/20 01:05:29 WARN FileStreamSink: Assume no metadata directory. Error while looking for metadata directory in the path: hdfs://namenode:9000/data/raw/orders/precos_semestrais_automotivos_2025_01.csv.
[2025-12-20T01:05:29.946+0000] {spark_submit.py:649} INFO - java.lang.IllegalArgumentException: java.net.UnknownHostException: namenode
[2025-12-20T01:05:29.946+0000] {spark_submit.py:649} INFO - at org.apache.hadoop.security.SecurityUtil.buildTokenService(SecurityUtil.java:466)
[2025-12-20T01:05:29.946+0000] {spark_submit.py:649} INFO - at org.apache.hadoop.hdfs.NameNodeProxiesClient.createProxyWithClientProtocol(NameNodeProxiesClient.java:134)
[2025-12-20T01:05:29.946+0000] {spark_submit.py:649} INFO - at org.apache.hadoop.hdfs.DFSClient.<init>(DFSClient.java:374)
[2025-12-20T01:05:29.946+0000] {spark_submit.py:649} INFO - at org.apache.hadoop.hdfs.DFSClient.<init>(DFSClient.java:308)
[2025-12-20T01:05:29.946+0000] {spark_submit.py:649} INFO - at org.apache.hadoop.hdfs.DistributedFileSystem.initDFSClient(DistributedFileSystem.java:202)
[2025-12-20T01:05:29.946+0000] {spark_submit.py:649} INFO - at org.apache.hadoop.hdfs.DistributedFileSystem.initialize(DistributedFileSystem.java:187)
[2025-12-20T01:05:29.946+0000] {spark_submit.py:649} INFO - at org.apache.hadoop.fs.FileSystem.createFileSystem(FileSystem.java:3469)
[2025-12-20T01:05:29.947+0000] {spark_submit.py:649} INFO - at org.apache.hadoop.fs.FileSystem.access$300(FileSystem.java:174)
[2025-12-20T01:05:29.947+0000] {spark_submit.py:649} INFO - at org.apache.hadoop.fs.FileSystem$Cache.getInternal(FileSystem.java:3574)
[2025-12-20T01:05:29.947+0000] {spark_submit.py:649} INFO - at org.apache.hadoop.fs.FileSystem$Cache.get(FileSystem.java:3521)
[2025-12-20T01:05:29.947+0000] {spark_submit.py:649} INFO - at org.apache.hadoop.fs.FileSystem.get(FileSystem.java:540)
[2025-12-20T01:05:29.947+0000] {spark_submit.py:649} INFO - at org.apache.hadoop.fs.Path.getFileSystem(Path.java:365)
[2025-12-20T01:05:29.947+0000] {spark_submit.py:649} INFO - at org.apache.spark.sql.execution.streaming.FileStreamSink$.hasMetadata(FileStreamSink.scala:53)
[2025-12-20T01:05:29.947+0000] {spark_submit.py:649} INFO - at org.apache.spark.sql.execution.datasources.DataSource.resolveRelation(DataSource.scala:366)
[2025-12-20T01:05:29.947+0000] {spark_submit.py:649} INFO - at org.apache.spark.sql.DataFrameReader.loadV1Source(DataFrameReader.scala:229)
[2025-12-20T01:05:29.947+0000] {spark_submit.py:649} INFO - at org.apache.spark.sql.DataFrameReader.$anonfun$load$2(DataFrameReader.scala:211)
[2025-12-20T01:05:29.947+0000] {spark_submit.py:649} INFO - at scala.Option.getOrElse(Option.scala:189)
[2025-12-20T01:05:29.947+0000] {spark_submit.py:649} INFO - at org.apache.spark.sql.DataFrameReader.load(DataFrameReader.scala:211)
[2025-12-20T01:05:29.948+0000] {spark_submit.py:649} INFO - at org.apache.spark.sql.DataFrameReader.csv(DataFrameReader.scala:538)
[2025-12-20T01:05:29.948+0000] {spark_submit.py:649} INFO - at java.base/jdk.internal.reflect.NativeMethodAccessorImpl.invoke0(Native Method)
[2025-12-20T01:05:29.948+0000] {spark_submit.py:649} INFO - at java.base/jdk.internal.reflect.NativeMethodAccessorImpl.invoke(NativeMethodAccessorImpl.java:77)
[2025-12-20T01:05:29.948+0000] {spark_submit.py:649} INFO - at java.base/jdk.internal.reflect.DelegatingMethodAccessorImpl.invoke(DelegatingMethodAccessorImpl.java:43)
[2025-12-20T01:05:29.948+0000] {spark_submit.py:649} INFO - at java.base/java.lang.reflect.Method.invoke(Method.java:569)
[2025-12-20T01:05:29.948+0000] {spark_submit.py:649} INFO - at py4j.reflection.MethodInvoker.invoke(MethodInvoker.java:244)
[2025-12-20T01:05:29.948+0000] {spark_submit.py:649} INFO - at py4j.reflection.ReflectionEngine.invoke(ReflectionEngine.java:374)
[2025-12-20T01:05:29.948+0000] {spark_submit.py:649} INFO - at py4j.Gateway.invoke(Gateway.java:282)
[2025-12-20T01:05:29.948+0000] {spark_submit.py:649} INFO - at py4j.commands.AbstractCommand.invokeMethod(AbstractCommand.java:132)
[2025-12-20T01:05:29.948+0000] {spark_submit.py:649} INFO - at py4j.commands.CallCommand.execute(CallCommand.java:79)
[2025-12-20T01:05:29.948+0000] {spark_submit.py:649} INFO - at py4j.ClientServerConnection.waitForCommands(ClientServerConnection.java:182)
[2025-12-20T01:05:29.949+0000] {spark_submit.py:649} INFO - at py4j.ClientServerConnection.run(ClientServerConnection.java:106)
[2025-12-20T01:05:29.949+0000] {spark_submit.py:649} INFO - at java.base/java.lang.Thread.run(Thread.java:840)
[2025-12-20T01:05:29.949+0000] {spark_submit.py:649} INFO - Caused by: java.net.UnknownHostException: namenode
[2025-12-20T01:05:29.949+0000] {spark_submit.py:649} INFO - ... 31 more
[2025-12-20T01:05:29.949+0000] {spark_submit.py:649} INFO - 25/12/20 01:05:29 WARN FileSystem: Failed to initialize fileystem hdfs://namenode:9000/data/raw/orders/precos_semestrais_automotivos_2025_01.csv: java.lang.IllegalArgumentException: java.net.UnknownHostException: namenode
[2025-12-20T01:05:29.965+0000] {spark_submit.py:649} INFO - Traceback (most recent call last):
[2025-12-20T01:05:29.965+0000] {spark_submit.py:649} INFO - File "/opt/***/spark_jobs/spark_raw_silver_gold_com_hdfs.py", line 25, in <module>
[2025-12-20T01:05:29.965+0000] {spark_submit.py:649} INFO - spark.read
[2025-12-20T01:05:29.966+0000] {spark_submit.py:649} INFO - File "/opt/spark-3.4.3-bin-hadoop3/python/lib/pyspark.zip/pyspark/sql/readwriter.py", line 727, in csv
[2025-12-20T01:05:29.966+0000] {spark_submit.py:649} INFO - File "/opt/spark-3.4.3-bin-hadoop3/python/lib/py4j-0.10.9.7-src.zip/py4j/java_gateway.py", line 1322, in __call__
[2025-12-20T01:05:29.966+0000] {spark_submit.py:649} INFO - File "/opt/spark-3.4.3-bin-hadoop3/python/lib/pyspark.zip/pyspark/errors/exceptions/captured.py", line 175, in deco
[2025-12-20T01:05:29.969+0000] {spark_submit.py:649} INFO - pyspark.errors.exceptions.captured.IllegalArgumentException: java.net.UnknownHostException: namenode
[2025-12-20T01:05:29.988+0000] {spark_submit.py:649} INFO - 25/12/20 01:05:29 INFO ShutdownHookManager: Shutdown hook called
[2025-12-20T01:05:29.988+0000] {spark_submit.py:649} INFO - 25/12/20 01:05:29 INFO ShutdownHookManager: Deleting directory /tmp/spark-b956ba8b-cd76-4e33-8360-0de1e553eea6
[2025-12-20T01:05:29.991+0000] {spark_submit.py:649} INFO - 25/12/20 01:05:29 INFO ShutdownHookManager: Deleting directory /tmp/spark-dee36550-3044-4705-bb38-038e5cd39ce4
[2025-12-20T01:05:29.995+0000] {spark_submit.py:649} INFO - 25/12/20 01:05:29 INFO ShutdownHookManager: Deleting directory /tmp/spark-b956ba8b-cd76-4e33-8360-0de1e553eea6/pyspark-3a6d7012-47c7-41d1-89c5-7655ff215140
[2025-12-20T01:05:30.032+0000] {taskinstance.py:2698} ERROR - Task failed with exception
Traceback (most recent call last):
  File "/home/airflow/.local/lib/python3.8/site-packages/airflow/models/taskinstance.py", line 433, in _execute_task
    result = execute_callable(context=context, **execute_callable_kwargs)
  File "/home/airflow/.local/lib/python3.8/site-packages/airflow/providers/apache/spark/operators/spark_submit.py", line 176, in execute
    self._hook.submit(self.application)
  File "/home/airflow/.local/lib/python3.8/site-packages/airflow/providers/apache/spark/hooks/spark_submit.py", line 575, in submit
    raise AirflowException(
airflow.exceptions.AirflowException: Cannot execute: spark-submit --master spark://spark-master:7077 --conf spark.master=spark://spark-master:7077 --name arrow-spark --verbose --deploy-mode client /opt/***/spark_jobs/spark_raw_silver_gold_com_hdfs.py. Error code is: 1.
[2025-12-20T01:05:30.034+0000] {taskinstance.py:1138} INFO - Marking task as UP_FOR_RETRY. dag_id=automotivos_raw_silver_gold, task_id=spark_raw_silver_gold, execution_date=20251220T010426, start_date=20251220T010427, end_date=20251220T010530
[2025-12-20T01:05:30.041+0000] {standard_task_runner.py:107} ERROR - Failed to execute job 8 for task spark_raw_silver_gold (Cannot execute: spark-submit --master spark://spark-master:7077 --conf spark.master=spark://spark-master:7077 --name arrow-spark --verbose --deploy-mode client /opt/***/spark_jobs/spark_raw_silver_gold_com_hdfs.py. Error code is: 1.; 497)
[2025-12-20T01:05:30.069+0000] {local_task_job_runner.py:234} INFO - Task exited with return code 1
[2025-12-20T01:05:30.079+0000] {taskinstance.py:3280} INFO - 0 downstream tasks scheduled from follow-on schedule check
