[2025-12-20T12:04:28.283+0000] {taskinstance.py:1956} INFO - Dependencies all met for dep_context=non-requeueable deps ti=<TaskInstance: automotivos_raw_silver_gold_bash.spark_raw_silver_gold manual__2025-12-20T11:59:27+00:00 [queued]>
[2025-12-20T12:04:28.289+0000] {taskinstance.py:1956} INFO - Dependencies all met for dep_context=requeueable deps ti=<TaskInstance: automotivos_raw_silver_gold_bash.spark_raw_silver_gold manual__2025-12-20T11:59:27+00:00 [queued]>
[2025-12-20T12:04:28.289+0000] {taskinstance.py:2170} INFO - Starting attempt 2 of 2
[2025-12-20T12:04:28.298+0000] {taskinstance.py:2191} INFO - Executing <Task(BashOperator): spark_raw_silver_gold> on 2025-12-20 11:59:27+00:00
[2025-12-20T12:04:28.304+0000] {standard_task_runner.py:60} INFO - Started process 570 to run task
[2025-12-20T12:04:28.306+0000] {standard_task_runner.py:87} INFO - Running: ['***', 'tasks', 'run', 'automotivos_raw_silver_gold_bash', 'spark_raw_silver_gold', 'manual__2025-12-20T11:59:27+00:00', '--job-id', '8', '--raw', '--subdir', 'DAGS_FOLDER/automotivos_raw_silver_gold_dag.py', '--cfg-path', '/tmp/tmpyvs3opcs']
[2025-12-20T12:04:28.307+0000] {standard_task_runner.py:88} INFO - Job 8: Subtask spark_raw_silver_gold
[2025-12-20T12:04:28.339+0000] {task_command.py:423} INFO - Running <TaskInstance: automotivos_raw_silver_gold_bash.spark_raw_silver_gold manual__2025-12-20T11:59:27+00:00 [running]> on host 066bc536dcc6
[2025-12-20T12:04:28.398+0000] {taskinstance.py:2480} INFO - Exporting env vars: AIRFLOW_CTX_DAG_OWNER='***' AIRFLOW_CTX_DAG_ID='automotivos_raw_silver_gold_bash' AIRFLOW_CTX_TASK_ID='spark_raw_silver_gold' AIRFLOW_CTX_EXECUTION_DATE='2025-12-20T11:59:27+00:00' AIRFLOW_CTX_TRY_NUMBER='2' AIRFLOW_CTX_DAG_RUN_ID='manual__2025-12-20T11:59:27+00:00'
[2025-12-20T12:04:28.399+0000] {subprocess.py:63} INFO - Tmp dir root location: /tmp
[2025-12-20T12:04:28.399+0000] {subprocess.py:75} INFO - Running command: ['/usr/bin/bash', '-c', '\n        spark-submit         /opt/***/spark_jobs/spark_raw_silver_gold_com_hdfs.py\n        ']
[2025-12-20T12:04:28.409+0000] {subprocess.py:86} INFO - Output:
[2025-12-20T12:04:28.421+0000] {subprocess.py:93} INFO - /opt/spark-3.4.3-bin-hadoop3/bin/spark-class: line 71: /usr/lib/jvm/java-11-openjdk-amd64/bin/java: No such file or directory
[2025-12-20T12:04:28.422+0000] {subprocess.py:93} INFO - /opt/spark-3.4.3-bin-hadoop3/bin/spark-class: line 97: CMD: bad array subscript
[2025-12-20T12:04:28.424+0000] {subprocess.py:97} INFO - Command exited with return code 1
[2025-12-20T12:04:28.431+0000] {taskinstance.py:2698} ERROR - Task failed with exception
Traceback (most recent call last):
  File "/home/airflow/.local/lib/python3.8/site-packages/airflow/models/taskinstance.py", line 433, in _execute_task
    result = execute_callable(context=context, **execute_callable_kwargs)
  File "/home/airflow/.local/lib/python3.8/site-packages/airflow/operators/bash.py", line 212, in execute
    raise AirflowException(
airflow.exceptions.AirflowException: Bash command failed. The command returned a non-zero exit code 1.
[2025-12-20T12:04:28.433+0000] {taskinstance.py:1138} INFO - Marking task as FAILED. dag_id=automotivos_raw_silver_gold_bash, task_id=spark_raw_silver_gold, execution_date=20251220T115927, start_date=20251220T120428, end_date=20251220T120428
[2025-12-20T12:04:28.440+0000] {standard_task_runner.py:107} ERROR - Failed to execute job 8 for task spark_raw_silver_gold (Bash command failed. The command returned a non-zero exit code 1.; 570)
[2025-12-20T12:04:28.478+0000] {local_task_job_runner.py:234} INFO - Task exited with return code 1
[2025-12-20T12:04:28.491+0000] {taskinstance.py:3280} INFO - 0 downstream tasks scheduled from follow-on schedule check
